[2021-12-06T09:06:01.806] [INFO] access - ::1 - - "GET / HTTP/1.1" 200 - "" "Mozilla/5.0 (Windows NT 10.0; Win64; x64) AppleWebKit/537.36 (KHTML, like Gecko) Chrome/96.0.4664.55 Safari/537.36 Edg/96.0.1054.41"
[2021-12-06T09:06:01.852] [INFO] access - ::1 - - "GET /static/css/2.b5c3885c.chunk.css HTTP/1.1" 200 - "http://localhost:801/" "Mozilla/5.0 (Windows NT 10.0; Win64; x64) AppleWebKit/537.36 (KHTML, like Gecko) Chrome/96.0.4664.55 Safari/537.36 Edg/96.0.1054.41"
[2021-12-06T09:06:01.852] [INFO] access - ::1 - - "GET /static/css/main.2a69f9a3.chunk.css HTTP/1.1" 200 - "http://localhost:801/" "Mozilla/5.0 (Windows NT 10.0; Win64; x64) AppleWebKit/537.36 (KHTML, like Gecko) Chrome/96.0.4664.55 Safari/537.36 Edg/96.0.1054.41"
[2021-12-06T09:06:01.853] [INFO] access - ::1 - - "GET /static/js/2.3d41e72e.chunk.js HTTP/1.1" 200 - "http://localhost:801/" "Mozilla/5.0 (Windows NT 10.0; Win64; x64) AppleWebKit/537.36 (KHTML, like Gecko) Chrome/96.0.4664.55 Safari/537.36 Edg/96.0.1054.41"
[2021-12-06T09:06:01.853] [INFO] access - ::1 - - "GET /static/js/main.ac465410.chunk.js HTTP/1.1" 200 - "http://localhost:801/" "Mozilla/5.0 (Windows NT 10.0; Win64; x64) AppleWebKit/537.36 (KHTML, like Gecko) Chrome/96.0.4664.55 Safari/537.36 Edg/96.0.1054.41"
[2021-12-06T09:06:36.677] [INFO] access - 127.0.0.1 - - "GET /verifyPic HTTP/1.1" 200 4126 "http://localhost:3000/" "Mozilla/5.0 (Windows NT 10.0; Win64; x64) AppleWebKit/537.36 (KHTML, like Gecko) Chrome/96.0.4664.45 Safari/537.36"
[2021-12-06T09:11:06.058] [INFO] access - 127.0.0.1 - - "GET /verifyPic HTTP/1.1" 200 3966 "http://localhost:3000/" "Mozilla/5.0 (Windows NT 10.0; Win64; x64) AppleWebKit/537.36 (KHTML, like Gecko) Chrome/96.0.4664.45 Safari/537.36"
[2021-12-06T09:11:53.680] [INFO] access - 127.0.0.1 - - "POST /login HTTP/1.1" 200 212 "http://localhost:3000/" "Mozilla/5.0 (Windows NT 10.0; Win64; x64) AppleWebKit/537.36 (KHTML, like Gecko) Chrome/96.0.4664.45 Safari/537.36"
[2021-12-06T09:11:54.331] [INFO] access - 127.0.0.1 - - "POST /notice/detail/student HTTP/1.1" 200 563 "http://localhost:3000/" "Mozilla/5.0 (Windows NT 10.0; Win64; x64) AppleWebKit/537.36 (KHTML, like Gecko) Chrome/96.0.4664.45 Safari/537.36"
[2021-12-06T09:12:21.741] [INFO] access - 127.0.0.1 - - "POST /student/myProfile HTTP/1.1" 200 - "http://localhost:3000/" "Mozilla/5.0 (Windows NT 10.0; Win64; x64) AppleWebKit/537.36 (KHTML, like Gecko) Chrome/96.0.4664.45 Safari/537.36"
[2021-12-06T09:13:01.531] [INFO] access - 127.0.0.1 - - "POST /studentProgram/my-application HTTP/1.1" 200 - "http://localhost:3000/" "Mozilla/5.0 (Windows NT 10.0; Win64; x64) AppleWebKit/537.36 (KHTML, like Gecko) Chrome/96.0.4664.45 Safari/537.36"
[2021-12-06T09:23:41.444] [INFO] access - 127.0.0.1 - - "POST /studentProgram/detail HTTP/1.1" 200 - "http://localhost:3000/" "Mozilla/5.0 (Windows NT 10.0; Win64; x64) AppleWebKit/537.36 (KHTML, like Gecko) Chrome/96.0.4664.45 Safari/537.36"
[2021-12-06T09:30:25.113] [INFO] access - ::1 - - "GET / HTTP/1.1" 200 - "" "Mozilla/5.0 (Windows NT 10.0; Win64; x64) AppleWebKit/537.36 (KHTML, like Gecko) Chrome/96.0.4664.55 Safari/537.36 Edg/96.0.1054.41"
[2021-12-06T09:30:25.152] [INFO] access - ::1 - - "GET /static/css/2.b5c3885c.chunk.css HTTP/1.1" 200 - "http://localhost:801/" "Mozilla/5.0 (Windows NT 10.0; Win64; x64) AppleWebKit/537.36 (KHTML, like Gecko) Chrome/96.0.4664.55 Safari/537.36 Edg/96.0.1054.41"
[2021-12-06T09:30:25.152] [INFO] access - ::1 - - "GET /static/js/2.3d41e72e.chunk.js HTTP/1.1" 200 - "http://localhost:801/" "Mozilla/5.0 (Windows NT 10.0; Win64; x64) AppleWebKit/537.36 (KHTML, like Gecko) Chrome/96.0.4664.55 Safari/537.36 Edg/96.0.1054.41"
[2021-12-06T09:30:25.152] [INFO] access - ::1 - - "GET /static/css/main.2a69f9a3.chunk.css HTTP/1.1" 200 - "http://localhost:801/" "Mozilla/5.0 (Windows NT 10.0; Win64; x64) AppleWebKit/537.36 (KHTML, like Gecko) Chrome/96.0.4664.55 Safari/537.36 Edg/96.0.1054.41"
[2021-12-06T09:30:25.153] [INFO] access - ::1 - - "GET /static/js/main.ac465410.chunk.js HTTP/1.1" 200 - "http://localhost:801/" "Mozilla/5.0 (Windows NT 10.0; Win64; x64) AppleWebKit/537.36 (KHTML, like Gecko) Chrome/96.0.4664.55 Safari/537.36 Edg/96.0.1054.41"
[2021-12-06T09:30:29.090] [INFO] access - ::1 - - "GET /static/js/main.ac465410.chunk.js HTTP/1.1" 200 - "http://localhost:801/" "Mozilla/5.0 (Windows NT 10.0; Win64; x64) AppleWebKit/537.36 (KHTML, like Gecko) Chrome/96.0.4664.55 Safari/537.36 Edg/96.0.1054.41"
[2021-12-06T09:30:29.090] [INFO] access - ::1 - - "GET /static/js/2.3d41e72e.chunk.js HTTP/1.1" 200 - "http://localhost:801/" "Mozilla/5.0 (Windows NT 10.0; Win64; x64) AppleWebKit/537.36 (KHTML, like Gecko) Chrome/96.0.4664.55 Safari/537.36 Edg/96.0.1054.41"
[2021-12-06T09:30:38.841] [INFO] access - ::1 - - "GET /static/media/banner3.7b0de1d8.png HTTP/1.1" 200 10133 "http://localhost:801/static/css/main.2a69f9a3.chunk.css" "Mozilla/5.0 (Windows NT 10.0; Win64; x64) AppleWebKit/537.36 (KHTML, like Gecko) Chrome/96.0.4664.55 Safari/537.36 Edg/96.0.1054.41"
[2021-12-06T09:30:38.841] [INFO] access - ::1 - - "GET /static/media/icon0.5e4c0c47.jpg HTTP/1.1" 200 11874 "http://localhost:801/" "Mozilla/5.0 (Windows NT 10.0; Win64; x64) AppleWebKit/537.36 (KHTML, like Gecko) Chrome/96.0.4664.55 Safari/537.36 Edg/96.0.1054.41"
[2021-12-06T09:30:38.842] [INFO] access - ::1 - - "GET /static/media/icon1.7e42bc2d.jpg HTTP/1.1" 200 13231 "http://localhost:801/" "Mozilla/5.0 (Windows NT 10.0; Win64; x64) AppleWebKit/537.36 (KHTML, like Gecko) Chrome/96.0.4664.55 Safari/537.36 Edg/96.0.1054.41"
[2021-12-06T09:30:38.842] [INFO] access - ::1 - - "GET /static/media/icon2.f333d6df.jpg HTTP/1.1" 200 12813 "http://localhost:801/" "Mozilla/5.0 (Windows NT 10.0; Win64; x64) AppleWebKit/537.36 (KHTML, like Gecko) Chrome/96.0.4664.55 Safari/537.36 Edg/96.0.1054.41"
[2021-12-06T09:30:38.842] [INFO] access - ::1 - - "GET /static/media/icon3.62c2201f.jpg HTTP/1.1" 200 11724 "http://localhost:801/" "Mozilla/5.0 (Windows NT 10.0; Win64; x64) AppleWebKit/537.36 (KHTML, like Gecko) Chrome/96.0.4664.55 Safari/537.36 Edg/96.0.1054.41"
[2021-12-06T09:30:38.842] [INFO] access - ::1 - - "GET /static/media/iscas.e7bd6087.jpg HTTP/1.1" 200 19100 "http://localhost:801/" "Mozilla/5.0 (Windows NT 10.0; Win64; x64) AppleWebKit/537.36 (KHTML, like Gecko) Chrome/96.0.4664.55 Safari/537.36 Edg/96.0.1054.41"
[2021-12-06T09:30:38.850] [INFO] access - ::1 - - "GET /static/media/logo9.3d5de40d.jpg HTTP/1.1" 200 10511 "http://localhost:801/" "Mozilla/5.0 (Windows NT 10.0; Win64; x64) AppleWebKit/537.36 (KHTML, like Gecko) Chrome/96.0.4664.55 Safari/537.36 Edg/96.0.1054.41"
[2021-12-06T09:30:38.858] [INFO] access - ::1 - - "GET /static/media/logo12.db63eed3.jpg HTTP/1.1" 200 11054 "http://localhost:801/" "Mozilla/5.0 (Windows NT 10.0; Win64; x64) AppleWebKit/537.36 (KHTML, like Gecko) Chrome/96.0.4664.55 Safari/537.36 Edg/96.0.1054.41"
[2021-12-06T09:30:38.858] [INFO] access - ::1 - - "GET /static/media/logo28.a5ece2b1.jpg HTTP/1.1" 200 11510 "http://localhost:801/" "Mozilla/5.0 (Windows NT 10.0; Win64; x64) AppleWebKit/537.36 (KHTML, like Gecko) Chrome/96.0.4664.55 Safari/537.36 Edg/96.0.1054.41"
[2021-12-06T09:30:38.859] [INFO] access - ::1 - - "GET /static/media/logo16.9958d73d.jpg HTTP/1.1" 200 11118 "http://localhost:801/" "Mozilla/5.0 (Windows NT 10.0; Win64; x64) AppleWebKit/537.36 (KHTML, like Gecko) Chrome/96.0.4664.55 Safari/537.36 Edg/96.0.1054.41"
[2021-12-06T09:30:38.859] [INFO] access - ::1 - - "GET /static/media/logo27.c15f2f74.jpg HTTP/1.1" 200 10604 "http://localhost:801/" "Mozilla/5.0 (Windows NT 10.0; Win64; x64) AppleWebKit/537.36 (KHTML, like Gecko) Chrome/96.0.4664.55 Safari/537.36 Edg/96.0.1054.41"
[2021-12-06T09:30:38.897] [INFO] access - ::1 - - "GET /zh.json HTTP/1.1" 200 - "http://localhost:801/" "Mozilla/5.0 (Windows NT 10.0; Win64; x64) AppleWebKit/537.36 (KHTML, like Gecko) Chrome/96.0.4664.55 Safari/537.36 Edg/96.0.1054.41"
[2021-12-06T09:30:38.897] [INFO] access - ::1 - - "GET /en.json HTTP/1.1" 200 - "http://localhost:801/" "Mozilla/5.0 (Windows NT 10.0; Win64; x64) AppleWebKit/537.36 (KHTML, like Gecko) Chrome/96.0.4664.55 Safari/537.36 Edg/96.0.1054.41"
[2021-12-06T09:30:39.221] [INFO] access - ::1 - - "GET /manifest.json HTTP/1.1" 200 365 "http://localhost:801/" "Mozilla/5.0 (Windows NT 10.0; Win64; x64) AppleWebKit/537.36 (KHTML, like Gecko) Chrome/96.0.4664.55 Safari/537.36 Edg/96.0.1054.41"
[2021-12-06T09:30:39.221] [INFO] access - ::1 - - "GET /favicon.ico HTTP/1.1" 200 1420 "http://localhost:801/" "Mozilla/5.0 (Windows NT 10.0; Win64; x64) AppleWebKit/537.36 (KHTML, like Gecko) Chrome/96.0.4664.55 Safari/537.36 Edg/96.0.1054.41"
[2021-12-06T09:30:40.996] [INFO] access - ::1 - - "GET /img/contact/1.png HTTP/1.1" 200 37820 "http://localhost:801/" "Mozilla/5.0 (Windows NT 10.0; Win64; x64) AppleWebKit/537.36 (KHTML, like Gecko) Chrome/96.0.4664.55 Safari/537.36 Edg/96.0.1054.41"
[2021-12-06T09:30:40.996] [INFO] access - ::1 - - "GET /img/contact/2.png HTTP/1.1" 200 30912 "http://localhost:801/" "Mozilla/5.0 (Windows NT 10.0; Win64; x64) AppleWebKit/537.36 (KHTML, like Gecko) Chrome/96.0.4664.55 Safari/537.36 Edg/96.0.1054.41"
[2021-12-06T09:30:40.996] [INFO] access - ::1 - - "GET /img/contact/3.png HTTP/1.1" 200 30441 "http://localhost:801/" "Mozilla/5.0 (Windows NT 10.0; Win64; x64) AppleWebKit/537.36 (KHTML, like Gecko) Chrome/96.0.4664.55 Safari/537.36 Edg/96.0.1054.41"
[2021-12-06T09:30:51.505] [INFO] access - ::1 - - "GET /static/css/2.b5c3885c.chunk.css HTTP/1.1" 200 - "http://localhost:801/" "Mozilla/5.0 (Windows NT 10.0; Win64; x64) AppleWebKit/537.36 (KHTML, like Gecko) Chrome/96.0.4664.55 Safari/537.36 Edg/96.0.1054.41"
[2021-12-06T09:30:51.505] [INFO] access - ::1 - - "GET /static/css/main.2a69f9a3.chunk.css HTTP/1.1" 200 - "http://localhost:801/" "Mozilla/5.0 (Windows NT 10.0; Win64; x64) AppleWebKit/537.36 (KHTML, like Gecko) Chrome/96.0.4664.55 Safari/537.36 Edg/96.0.1054.41"
[2021-12-06T09:30:51.505] [INFO] access - ::1 - - "GET /manifest.json HTTP/1.1" 200 365 "http://localhost:801/" "Mozilla/5.0 (Windows NT 10.0; Win64; x64) AppleWebKit/537.36 (KHTML, like Gecko) Chrome/96.0.4664.55 Safari/537.36 Edg/96.0.1054.41"
[2021-12-06T09:30:51.790] [INFO] access - ::1 - - "GET /static/js/2.3d41e72e.chunk.js.map HTTP/1.1" 200 - "" "Mozilla/5.0 (Windows NT 10.0; Win64; x64) AppleWebKit/537.36 (KHTML, like Gecko) Chrome/96.0.4664.55 Safari/537.36 Edg/96.0.1054.41"
[2021-12-06T09:30:51.790] [INFO] access - ::1 - - "GET /static/js/main.ac465410.chunk.js.map HTTP/1.1" 200 - "" "Mozilla/5.0 (Windows NT 10.0; Win64; x64) AppleWebKit/537.36 (KHTML, like Gecko) Chrome/96.0.4664.55 Safari/537.36 Edg/96.0.1054.41"
[2021-12-06T09:30:52.241] [INFO] access - ::1 - - "GET /static/css/main.2a69f9a3.chunk.css.map HTTP/1.1" 200 - "" "Mozilla/5.0 (Windows NT 10.0; Win64; x64) AppleWebKit/537.36 (KHTML, like Gecko) Chrome/96.0.4664.55 Safari/537.36 Edg/96.0.1054.41"
[2021-12-06T09:30:52.241] [INFO] access - ::1 - - "GET /static/css/2.b5c3885c.chunk.css.map HTTP/1.1" 200 - "" "Mozilla/5.0 (Windows NT 10.0; Win64; x64) AppleWebKit/537.36 (KHTML, like Gecko) Chrome/96.0.4664.55 Safari/537.36 Edg/96.0.1054.41"
[2021-12-06T09:31:05.805] [INFO] access - ::1 - - "GET / HTTP/1.1" 200 - "" "Mozilla/5.0 (Windows NT 10.0; Win64; x64) AppleWebKit/537.36 (KHTML, like Gecko) Chrome/96.0.4664.45 Safari/537.36"
[2021-12-06T09:31:05.833] [INFO] access - ::1 - - "GET /static/css/2.b5c3885c.chunk.css HTTP/1.1" 200 - "http://localhost:801/" "Mozilla/5.0 (Windows NT 10.0; Win64; x64) AppleWebKit/537.36 (KHTML, like Gecko) Chrome/96.0.4664.45 Safari/537.36"
[2021-12-06T09:31:05.833] [INFO] access - ::1 - - "GET /static/css/main.2a69f9a3.chunk.css HTTP/1.1" 200 - "http://localhost:801/" "Mozilla/5.0 (Windows NT 10.0; Win64; x64) AppleWebKit/537.36 (KHTML, like Gecko) Chrome/96.0.4664.45 Safari/537.36"
[2021-12-06T09:31:05.833] [INFO] access - ::1 - - "GET /static/js/2.3d41e72e.chunk.js HTTP/1.1" 200 - "http://localhost:801/" "Mozilla/5.0 (Windows NT 10.0; Win64; x64) AppleWebKit/537.36 (KHTML, like Gecko) Chrome/96.0.4664.45 Safari/537.36"
[2021-12-06T09:31:05.833] [INFO] access - ::1 - - "GET /static/js/main.ac465410.chunk.js HTTP/1.1" 200 - "http://localhost:801/" "Mozilla/5.0 (Windows NT 10.0; Win64; x64) AppleWebKit/537.36 (KHTML, like Gecko) Chrome/96.0.4664.45 Safari/537.36"
[2021-12-06T09:31:15.228] [INFO] access - ::1 - - "GET /zh.json HTTP/1.1" 200 - "http://localhost:801/" "Mozilla/5.0 (Windows NT 10.0; Win64; x64) AppleWebKit/537.36 (KHTML, like Gecko) Chrome/96.0.4664.45 Safari/537.36"
[2021-12-06T09:31:15.230] [INFO] access - ::1 - - "GET /en.json HTTP/1.1" 200 - "http://localhost:801/" "Mozilla/5.0 (Windows NT 10.0; Win64; x64) AppleWebKit/537.36 (KHTML, like Gecko) Chrome/96.0.4664.45 Safari/537.36"
[2021-12-06T09:31:15.436] [INFO] access - ::1 - - "GET / HTTP/1.1" 200 - "" "Mozilla/5.0 (Windows NT 10.0; Win64; x64) AppleWebKit/537.36 (KHTML, like Gecko) Chrome/96.0.4664.45 Safari/537.36"
[2021-12-06T09:31:15.457] [INFO] access - ::1 - - "GET /static/css/2.b5c3885c.chunk.css HTTP/1.1" 200 - "http://localhost:801/" "Mozilla/5.0 (Windows NT 10.0; Win64; x64) AppleWebKit/537.36 (KHTML, like Gecko) Chrome/96.0.4664.45 Safari/537.36"
[2021-12-06T09:31:15.458] [INFO] access - ::1 - - "GET /static/css/main.2a69f9a3.chunk.css HTTP/1.1" 200 - "http://localhost:801/" "Mozilla/5.0 (Windows NT 10.0; Win64; x64) AppleWebKit/537.36 (KHTML, like Gecko) Chrome/96.0.4664.45 Safari/537.36"
[2021-12-06T09:31:15.458] [INFO] access - ::1 - - "GET /static/js/2.3d41e72e.chunk.js HTTP/1.1" 200 - "http://localhost:801/" "Mozilla/5.0 (Windows NT 10.0; Win64; x64) AppleWebKit/537.36 (KHTML, like Gecko) Chrome/96.0.4664.45 Safari/537.36"
[2021-12-06T09:31:15.458] [INFO] access - ::1 - - "GET /static/js/main.ac465410.chunk.js HTTP/1.1" 200 - "http://localhost:801/" "Mozilla/5.0 (Windows NT 10.0; Win64; x64) AppleWebKit/537.36 (KHTML, like Gecko) Chrome/96.0.4664.45 Safari/537.36"
[2021-12-06T09:31:15.488] [INFO] access - ::1 - - "GET /getUserInfo HTTP/1.1" 200 49 "http://localhost:801/" "Mozilla/5.0 (Windows NT 10.0; Win64; x64) AppleWebKit/537.36 (KHTML, like Gecko) Chrome/96.0.4664.45 Safari/537.36"
[2021-12-06T09:31:24.807] [INFO] access - ::1 - - "GET /zh.json HTTP/1.1" 200 - "http://localhost:801/" "Mozilla/5.0 (Windows NT 10.0; Win64; x64) AppleWebKit/537.36 (KHTML, like Gecko) Chrome/96.0.4664.45 Safari/537.36"
[2021-12-06T09:31:24.808] [INFO] access - ::1 - - "GET /en.json HTTP/1.1" 200 - "http://localhost:801/" "Mozilla/5.0 (Windows NT 10.0; Win64; x64) AppleWebKit/537.36 (KHTML, like Gecko) Chrome/96.0.4664.45 Safari/537.36"
[2021-12-06T09:31:25.036] [INFO] access - ::1 - - "GET /manifest.json HTTP/1.1" 200 365 "http://localhost:801/" "Mozilla/5.0 (Windows NT 10.0; Win64; x64) AppleWebKit/537.36 (KHTML, like Gecko) Chrome/96.0.4664.45 Safari/537.36"
[2021-12-06T09:31:25.037] [INFO] access - ::1 - - "GET /favicon.ico HTTP/1.1" 200 1420 "http://localhost:801/" "Mozilla/5.0 (Windows NT 10.0; Win64; x64) AppleWebKit/537.36 (KHTML, like Gecko) Chrome/96.0.4664.45 Safari/537.36"
[2021-12-06T09:31:25.041] [INFO] access - ::1 - - "GET /getUserInfo HTTP/1.1" 200 49 "http://localhost:801/" "Mozilla/5.0 (Windows NT 10.0; Win64; x64) AppleWebKit/537.36 (KHTML, like Gecko) Chrome/96.0.4664.45 Safari/537.36"
[2021-12-06T09:31:25.072] [INFO] access - ::1 - - "GET /static/media/banner3.7b0de1d8.png HTTP/1.1" 200 10133 "http://localhost:801/static/css/main.2a69f9a3.chunk.css" "Mozilla/5.0 (Windows NT 10.0; Win64; x64) AppleWebKit/537.36 (KHTML, like Gecko) Chrome/96.0.4664.45 Safari/537.36"
[2021-12-06T09:31:25.073] [INFO] access - ::1 - - "GET /static/media/icon0.5e4c0c47.jpg HTTP/1.1" 200 11874 "http://localhost:801/" "Mozilla/5.0 (Windows NT 10.0; Win64; x64) AppleWebKit/537.36 (KHTML, like Gecko) Chrome/96.0.4664.45 Safari/537.36"
[2021-12-06T09:31:25.073] [INFO] access - ::1 - - "GET /static/media/icon1.7e42bc2d.jpg HTTP/1.1" 200 13231 "http://localhost:801/" "Mozilla/5.0 (Windows NT 10.0; Win64; x64) AppleWebKit/537.36 (KHTML, like Gecko) Chrome/96.0.4664.45 Safari/537.36"
[2021-12-06T09:31:25.074] [INFO] access - ::1 - - "GET /static/media/icon2.f333d6df.jpg HTTP/1.1" 200 12813 "http://localhost:801/" "Mozilla/5.0 (Windows NT 10.0; Win64; x64) AppleWebKit/537.36 (KHTML, like Gecko) Chrome/96.0.4664.45 Safari/537.36"
[2021-12-06T09:31:25.074] [INFO] access - ::1 - - "GET /static/media/icon3.62c2201f.jpg HTTP/1.1" 200 11724 "http://localhost:801/" "Mozilla/5.0 (Windows NT 10.0; Win64; x64) AppleWebKit/537.36 (KHTML, like Gecko) Chrome/96.0.4664.45 Safari/537.36"
[2021-12-06T09:31:25.074] [INFO] access - ::1 - - "GET /static/media/iscas.e7bd6087.jpg HTTP/1.1" 200 19100 "http://localhost:801/" "Mozilla/5.0 (Windows NT 10.0; Win64; x64) AppleWebKit/537.36 (KHTML, like Gecko) Chrome/96.0.4664.45 Safari/537.36"
[2021-12-06T09:31:25.078] [INFO] access - ::1 - - "GET /static/media/logo9.3d5de40d.jpg HTTP/1.1" 200 10511 "http://localhost:801/" "Mozilla/5.0 (Windows NT 10.0; Win64; x64) AppleWebKit/537.36 (KHTML, like Gecko) Chrome/96.0.4664.45 Safari/537.36"
[2021-12-06T09:31:25.079] [INFO] access - ::1 - - "GET /static/media/logo12.db63eed3.jpg HTTP/1.1" 200 11054 "http://localhost:801/" "Mozilla/5.0 (Windows NT 10.0; Win64; x64) AppleWebKit/537.36 (KHTML, like Gecko) Chrome/96.0.4664.45 Safari/537.36"
[2021-12-06T09:31:25.082] [INFO] access - ::1 - - "GET /static/media/logo28.a5ece2b1.jpg HTTP/1.1" 200 11510 "http://localhost:801/" "Mozilla/5.0 (Windows NT 10.0; Win64; x64) AppleWebKit/537.36 (KHTML, like Gecko) Chrome/96.0.4664.45 Safari/537.36"
[2021-12-06T09:31:25.082] [INFO] access - ::1 - - "GET /static/media/logo16.9958d73d.jpg HTTP/1.1" 200 11118 "http://localhost:801/" "Mozilla/5.0 (Windows NT 10.0; Win64; x64) AppleWebKit/537.36 (KHTML, like Gecko) Chrome/96.0.4664.45 Safari/537.36"
[2021-12-06T09:31:25.083] [INFO] access - ::1 - - "GET /static/media/logo27.c15f2f74.jpg HTTP/1.1" 200 10604 "http://localhost:801/" "Mozilla/5.0 (Windows NT 10.0; Win64; x64) AppleWebKit/537.36 (KHTML, like Gecko) Chrome/96.0.4664.45 Safari/537.36"
[2021-12-06T09:31:33.977] [INFO] access - ::1 - - "GET /img/contact/2.png HTTP/1.1" 200 30912 "http://localhost:801/" "Mozilla/5.0 (Windows NT 10.0; Win64; x64) AppleWebKit/537.36 (KHTML, like Gecko) Chrome/96.0.4664.45 Safari/537.36"
[2021-12-06T09:31:33.977] [INFO] access - ::1 - - "GET /img/contact/3.png HTTP/1.1" 200 30441 "http://localhost:801/" "Mozilla/5.0 (Windows NT 10.0; Win64; x64) AppleWebKit/537.36 (KHTML, like Gecko) Chrome/96.0.4664.45 Safari/537.36"
[2021-12-06T09:31:33.977] [INFO] access - ::1 - - "GET /img/contact/1.png HTTP/1.1" 200 37820 "http://localhost:801/" "Mozilla/5.0 (Windows NT 10.0; Win64; x64) AppleWebKit/537.36 (KHTML, like Gecko) Chrome/96.0.4664.45 Safari/537.36"
[2021-12-06T09:32:55.127] [INFO] access - ::1 - - "GET /static/css/main.2a69f9a3.chunk.css HTTP/1.1" 200 - "http://localhost:801/" "Mozilla/5.0 (Windows NT 10.0; Win64; x64) AppleWebKit/537.36 (KHTML, like Gecko) Chrome/96.0.4664.45 Safari/537.36"
[2021-12-06T09:32:55.128] [INFO] access - ::1 - - "GET /manifest.json HTTP/1.1" 200 365 "http://localhost:801/" "Mozilla/5.0 (Windows NT 10.0; Win64; x64) AppleWebKit/537.36 (KHTML, like Gecko) Chrome/96.0.4664.45 Safari/537.36"
[2021-12-06T09:32:55.128] [INFO] access - ::1 - - "GET /static/css/2.b5c3885c.chunk.css HTTP/1.1" 200 - "http://localhost:801/" "Mozilla/5.0 (Windows NT 10.0; Win64; x64) AppleWebKit/537.36 (KHTML, like Gecko) Chrome/96.0.4664.45 Safari/537.36"
[2021-12-06T09:32:55.327] [INFO] access - ::1 - - "GET /static/js/2.3d41e72e.chunk.js.map HTTP/1.1" 200 - "" "Mozilla/5.0 (Windows NT 10.0; Win64; x64) AppleWebKit/537.36 (KHTML, like Gecko) Chrome/96.0.4664.45 Safari/537.36"
[2021-12-06T09:32:55.327] [INFO] access - ::1 - - "GET /static/js/main.ac465410.chunk.js.map HTTP/1.1" 200 - "" "Mozilla/5.0 (Windows NT 10.0; Win64; x64) AppleWebKit/537.36 (KHTML, like Gecko) Chrome/96.0.4664.45 Safari/537.36"
[2021-12-06T09:32:55.886] [INFO] access - ::1 - - "GET /static/css/2.b5c3885c.chunk.css.map HTTP/1.1" 200 - "" "Mozilla/5.0 (Windows NT 10.0; Win64; x64) AppleWebKit/537.36 (KHTML, like Gecko) Chrome/96.0.4664.45 Safari/537.36"
[2021-12-06T09:32:55.887] [INFO] access - ::1 - - "GET /static/css/main.2a69f9a3.chunk.css.map HTTP/1.1" 200 - "" "Mozilla/5.0 (Windows NT 10.0; Win64; x64) AppleWebKit/537.36 (KHTML, like Gecko) Chrome/96.0.4664.45 Safari/537.36"
[2021-12-06T09:35:15.634] [INFO] access - 127.0.0.1 - - "GET /getUserInfo HTTP/1.1" 200 49 "http://localhost:3000/" "Mozilla/5.0 (Windows NT 10.0; Win64; x64) AppleWebKit/537.36 (KHTML, like Gecko) Chrome/96.0.4664.45 Safari/537.36"
[2021-12-06T09:35:15.990] [INFO] access - 127.0.0.1 - - "POST /studentProgram/my-application HTTP/1.1" 200 - "http://localhost:3000/" "Mozilla/5.0 (Windows NT 10.0; Win64; x64) AppleWebKit/537.36 (KHTML, like Gecko) Chrome/96.0.4664.45 Safari/537.36"
[2021-12-06T09:43:24.426] [INFO] access - ::1 - - "GET / HTTP/1.1" 200 - "" "Mozilla/5.0 (Windows NT 10.0; Win64; x64) AppleWebKit/537.36 (KHTML, like Gecko) Chrome/96.0.4664.45 Safari/537.36"
[2021-12-06T09:43:24.448] [INFO] access - ::1 - - "GET /static/css/2.ce4b159f.chunk.css HTTP/1.1" 200 - "http://localhost:801/" "Mozilla/5.0 (Windows NT 10.0; Win64; x64) AppleWebKit/537.36 (KHTML, like Gecko) Chrome/96.0.4664.45 Safari/537.36"
[2021-12-06T09:43:24.448] [INFO] access - ::1 - - "GET /static/css/main.dc0bedd2.chunk.css HTTP/1.1" 200 - "http://localhost:801/" "Mozilla/5.0 (Windows NT 10.0; Win64; x64) AppleWebKit/537.36 (KHTML, like Gecko) Chrome/96.0.4664.45 Safari/537.36"
[2021-12-06T09:43:24.449] [INFO] access - ::1 - - "GET /static/js/2.279a9c56.chunk.js HTTP/1.1" 200 - "http://localhost:801/" "Mozilla/5.0 (Windows NT 10.0; Win64; x64) AppleWebKit/537.36 (KHTML, like Gecko) Chrome/96.0.4664.45 Safari/537.36"
[2021-12-06T09:43:24.449] [INFO] access - ::1 - - "GET /static/js/main.ff3fbc5f.chunk.js HTTP/1.1" 200 - "http://localhost:801/" "Mozilla/5.0 (Windows NT 10.0; Win64; x64) AppleWebKit/537.36 (KHTML, like Gecko) Chrome/96.0.4664.45 Safari/537.36"
[2021-12-06T09:43:25.164] [INFO] access - ::1 - - "GET /static/css/main.dc0bedd2.chunk.css.map HTTP/1.1" 200 - "" "Mozilla/5.0 (Windows NT 10.0; Win64; x64) AppleWebKit/537.36 (KHTML, like Gecko) Chrome/96.0.4664.45 Safari/537.36"
[2021-12-06T09:43:25.200] [INFO] access - ::1 - - "GET /static/css/2.ce4b159f.chunk.css.map HTTP/1.1" 200 - "" "Mozilla/5.0 (Windows NT 10.0; Win64; x64) AppleWebKit/537.36 (KHTML, like Gecko) Chrome/96.0.4664.45 Safari/537.36"
[2021-12-06T09:43:31.898] [INFO] access - ::1 - - "GET /static/js/2.279a9c56.chunk.js.map HTTP/1.1" 200 - "" "Mozilla/5.0 (Windows NT 10.0; Win64; x64) AppleWebKit/537.36 (KHTML, like Gecko) Chrome/96.0.4664.45 Safari/537.36"
[2021-12-06T09:43:34.646] [INFO] access - ::1 - - "GET /static/js/main.ff3fbc5f.chunk.js.map HTTP/1.1" 200 - "" "Mozilla/5.0 (Windows NT 10.0; Win64; x64) AppleWebKit/537.36 (KHTML, like Gecko) Chrome/96.0.4664.45 Safari/537.36"
[2021-12-06T09:43:34.805] [INFO] access - ::1 - - "GET /img/contact/1.png HTTP/1.1" 200 37820 "http://localhost:801/" "Mozilla/5.0 (Windows NT 10.0; Win64; x64) AppleWebKit/537.36 (KHTML, like Gecko) Chrome/96.0.4664.45 Safari/537.36"
[2021-12-06T09:43:34.805] [INFO] access - ::1 - - "GET /img/contact/2.png HTTP/1.1" 200 30912 "http://localhost:801/" "Mozilla/5.0 (Windows NT 10.0; Win64; x64) AppleWebKit/537.36 (KHTML, like Gecko) Chrome/96.0.4664.45 Safari/537.36"
[2021-12-06T09:43:34.805] [INFO] access - ::1 - - "GET /img/contact/3.png HTTP/1.1" 200 30441 "http://localhost:801/" "Mozilla/5.0 (Windows NT 10.0; Win64; x64) AppleWebKit/537.36 (KHTML, like Gecko) Chrome/96.0.4664.45 Safari/537.36"
[2021-12-06T09:43:34.813] [INFO] access - ::1 - - "GET /zh.json HTTP/1.1" 200 - "http://localhost:801/" "Mozilla/5.0 (Windows NT 10.0; Win64; x64) AppleWebKit/537.36 (KHTML, like Gecko) Chrome/96.0.4664.45 Safari/537.36"
[2021-12-06T09:43:34.813] [INFO] access - ::1 - - "GET /en.json HTTP/1.1" 200 - "http://localhost:801/" "Mozilla/5.0 (Windows NT 10.0; Win64; x64) AppleWebKit/537.36 (KHTML, like Gecko) Chrome/96.0.4664.45 Safari/537.36"
[2021-12-06T09:43:35.066] [INFO] access - ::1 - - "GET /getUserInfo HTTP/1.1" 200 49 "http://localhost:801/" "Mozilla/5.0 (Windows NT 10.0; Win64; x64) AppleWebKit/537.36 (KHTML, like Gecko) Chrome/96.0.4664.45 Safari/537.36"
[2021-12-06T09:43:35.202] [INFO] access - ::1 - - "GET /manifest.json HTTP/1.1" 200 365 "http://localhost:801/" "Mozilla/5.0 (Windows NT 10.0; Win64; x64) AppleWebKit/537.36 (KHTML, like Gecko) Chrome/96.0.4664.45 Safari/537.36"
[2021-12-06T09:43:35.202] [INFO] access - ::1 - - "GET /favicon.ico HTTP/1.1" 200 1420 "http://localhost:801/" "Mozilla/5.0 (Windows NT 10.0; Win64; x64) AppleWebKit/537.36 (KHTML, like Gecko) Chrome/96.0.4664.45 Safari/537.36"
[2021-12-06T09:45:32.662] [INFO] access - ::1 - - "GET / HTTP/1.1" 200 - "" "Mozilla/5.0 (Windows NT 10.0; Win64; x64) AppleWebKit/537.36 (KHTML, like Gecko) Chrome/96.0.4664.45 Safari/537.36"
[2021-12-06T09:45:32.683] [INFO] access - ::1 - - "GET /static/css/2.ce4b159f.chunk.css HTTP/1.1" 200 - "http://localhost:801/" "Mozilla/5.0 (Windows NT 10.0; Win64; x64) AppleWebKit/537.36 (KHTML, like Gecko) Chrome/96.0.4664.45 Safari/537.36"
[2021-12-06T09:45:32.683] [INFO] access - ::1 - - "GET /static/css/main.dc0bedd2.chunk.css HTTP/1.1" 200 - "http://localhost:801/" "Mozilla/5.0 (Windows NT 10.0; Win64; x64) AppleWebKit/537.36 (KHTML, like Gecko) Chrome/96.0.4664.45 Safari/537.36"
[2021-12-06T09:45:32.684] [INFO] access - ::1 - - "GET /static/js/2.279a9c56.chunk.js HTTP/1.1" 200 - "http://localhost:801/" "Mozilla/5.0 (Windows NT 10.0; Win64; x64) AppleWebKit/537.36 (KHTML, like Gecko) Chrome/96.0.4664.45 Safari/537.36"
[2021-12-06T09:45:32.684] [INFO] access - ::1 - - "GET /static/js/main.ff3fbc5f.chunk.js HTTP/1.1" 200 - "http://localhost:801/" "Mozilla/5.0 (Windows NT 10.0; Win64; x64) AppleWebKit/537.36 (KHTML, like Gecko) Chrome/96.0.4664.45 Safari/537.36"
[2021-12-06T09:45:33.039] [INFO] access - ::1 - - "GET /static/css/main.dc0bedd2.chunk.css.map HTTP/1.1" 200 - "" "Mozilla/5.0 (Windows NT 10.0; Win64; x64) AppleWebKit/537.36 (KHTML, like Gecko) Chrome/96.0.4664.45 Safari/537.36"
[2021-12-06T09:45:33.481] [INFO] access - ::1 - - "GET /static/css/2.ce4b159f.chunk.css.map HTTP/1.1" 200 - "" "Mozilla/5.0 (Windows NT 10.0; Win64; x64) AppleWebKit/537.36 (KHTML, like Gecko) Chrome/96.0.4664.45 Safari/537.36"
[2021-12-06T09:45:39.986] [INFO] access - ::1 - - "GET /static/js/2.279a9c56.chunk.js.map HTTP/1.1" 200 - "" "Mozilla/5.0 (Windows NT 10.0; Win64; x64) AppleWebKit/537.36 (KHTML, like Gecko) Chrome/96.0.4664.45 Safari/537.36"
[2021-12-06T09:45:42.580] [INFO] access - ::1 - - "GET /static/js/main.ff3fbc5f.chunk.js.map HTTP/1.1" 200 - "" "Mozilla/5.0 (Windows NT 10.0; Win64; x64) AppleWebKit/537.36 (KHTML, like Gecko) Chrome/96.0.4664.45 Safari/537.36"
[2021-12-06T09:45:42.735] [INFO] access - ::1 - - "GET /img/contact/1.png HTTP/1.1" 200 37820 "http://localhost:801/" "Mozilla/5.0 (Windows NT 10.0; Win64; x64) AppleWebKit/537.36 (KHTML, like Gecko) Chrome/96.0.4664.45 Safari/537.36"
[2021-12-06T09:45:42.735] [INFO] access - ::1 - - "GET /img/contact/2.png HTTP/1.1" 200 30912 "http://localhost:801/" "Mozilla/5.0 (Windows NT 10.0; Win64; x64) AppleWebKit/537.36 (KHTML, like Gecko) Chrome/96.0.4664.45 Safari/537.36"
[2021-12-06T09:45:42.735] [INFO] access - ::1 - - "GET /img/contact/3.png HTTP/1.1" 200 30441 "http://localhost:801/" "Mozilla/5.0 (Windows NT 10.0; Win64; x64) AppleWebKit/537.36 (KHTML, like Gecko) Chrome/96.0.4664.45 Safari/537.36"
[2021-12-06T09:45:42.740] [INFO] access - ::1 - - "GET /zh.json HTTP/1.1" 200 - "http://localhost:801/" "Mozilla/5.0 (Windows NT 10.0; Win64; x64) AppleWebKit/537.36 (KHTML, like Gecko) Chrome/96.0.4664.45 Safari/537.36"
[2021-12-06T09:45:42.740] [INFO] access - ::1 - - "GET /en.json HTTP/1.1" 200 - "http://localhost:801/" "Mozilla/5.0 (Windows NT 10.0; Win64; x64) AppleWebKit/537.36 (KHTML, like Gecko) Chrome/96.0.4664.45 Safari/537.36"
[2021-12-06T09:45:42.926] [INFO] access - ::1 - - "GET /favicon.ico HTTP/1.1" 200 1420 "http://localhost:801/" "Mozilla/5.0 (Windows NT 10.0; Win64; x64) AppleWebKit/537.36 (KHTML, like Gecko) Chrome/96.0.4664.45 Safari/537.36"
[2021-12-06T09:45:42.927] [INFO] access - ::1 - - "GET /manifest.json HTTP/1.1" 200 365 "http://localhost:801/" "Mozilla/5.0 (Windows NT 10.0; Win64; x64) AppleWebKit/537.36 (KHTML, like Gecko) Chrome/96.0.4664.45 Safari/537.36"
[2021-12-06T09:45:42.965] [INFO] access - ::1 - - "GET /getUserInfo HTTP/1.1" 200 49 "http://localhost:801/" "Mozilla/5.0 (Windows NT 10.0; Win64; x64) AppleWebKit/537.36 (KHTML, like Gecko) Chrome/96.0.4664.45 Safari/537.36"
[2021-12-06T09:52:30.518] [INFO] access - ::1 - - "GET / HTTP/1.1" 200 - "" "Mozilla/5.0 (Windows NT 10.0; Win64; x64) AppleWebKit/537.36 (KHTML, like Gecko) Chrome/96.0.4664.45 Safari/537.36"
[2021-12-06T09:52:30.540] [INFO] access - ::1 - - "GET /static/css/2.892e002c.chunk.css HTTP/1.1" 200 - "http://localhost:801/" "Mozilla/5.0 (Windows NT 10.0; Win64; x64) AppleWebKit/537.36 (KHTML, like Gecko) Chrome/96.0.4664.45 Safari/537.36"
[2021-12-06T09:52:30.541] [INFO] access - ::1 - - "GET /static/css/main.dc0bedd2.chunk.css HTTP/1.1" 200 - "http://localhost:801/" "Mozilla/5.0 (Windows NT 10.0; Win64; x64) AppleWebKit/537.36 (KHTML, like Gecko) Chrome/96.0.4664.45 Safari/537.36"
[2021-12-06T09:52:30.541] [INFO] access - ::1 - - "GET /static/js/main.ff3fbc5f.chunk.js HTTP/1.1" 200 - "http://localhost:801/" "Mozilla/5.0 (Windows NT 10.0; Win64; x64) AppleWebKit/537.36 (KHTML, like Gecko) Chrome/96.0.4664.45 Safari/537.36"
[2021-12-06T09:52:30.542] [INFO] access - ::1 - - "GET /static/js/2.279a9c56.chunk.js HTTP/1.1" 200 - "http://localhost:801/" "Mozilla/5.0 (Windows NT 10.0; Win64; x64) AppleWebKit/537.36 (KHTML, like Gecko) Chrome/96.0.4664.45 Safari/537.36"
[2021-12-06T09:52:31.341] [INFO] access - ::1 - - "GET /static/css/main.dc0bedd2.chunk.css.map HTTP/1.1" 200 - "" "Mozilla/5.0 (Windows NT 10.0; Win64; x64) AppleWebKit/537.36 (KHTML, like Gecko) Chrome/96.0.4664.45 Safari/537.36"
[2021-12-06T09:52:31.341] [INFO] access - ::1 - - "GET /static/css/2.892e002c.chunk.css.map HTTP/1.1" 200 - "" "Mozilla/5.0 (Windows NT 10.0; Win64; x64) AppleWebKit/537.36 (KHTML, like Gecko) Chrome/96.0.4664.45 Safari/537.36"
[2021-12-06T09:52:37.693] [INFO] access - ::1 - - "GET /static/js/2.279a9c56.chunk.js.map HTTP/1.1" 200 - "" "Mozilla/5.0 (Windows NT 10.0; Win64; x64) AppleWebKit/537.36 (KHTML, like Gecko) Chrome/96.0.4664.45 Safari/537.36"
[2021-12-06T09:52:40.374] [INFO] access - ::1 - - "GET /static/js/main.ff3fbc5f.chunk.js.map HTTP/1.1" 200 - "" "Mozilla/5.0 (Windows NT 10.0; Win64; x64) AppleWebKit/537.36 (KHTML, like Gecko) Chrome/96.0.4664.45 Safari/537.36"
[2021-12-06T09:52:40.532] [INFO] access - ::1 - - "GET /img/contact/2.png HTTP/1.1" 200 30912 "http://localhost:801/" "Mozilla/5.0 (Windows NT 10.0; Win64; x64) AppleWebKit/537.36 (KHTML, like Gecko) Chrome/96.0.4664.45 Safari/537.36"
[2021-12-06T09:52:40.532] [INFO] access - ::1 - - "GET /img/contact/1.png HTTP/1.1" 200 37820 "http://localhost:801/" "Mozilla/5.0 (Windows NT 10.0; Win64; x64) AppleWebKit/537.36 (KHTML, like Gecko) Chrome/96.0.4664.45 Safari/537.36"
[2021-12-06T09:52:40.532] [INFO] access - ::1 - - "GET /img/contact/3.png HTTP/1.1" 200 30441 "http://localhost:801/" "Mozilla/5.0 (Windows NT 10.0; Win64; x64) AppleWebKit/537.36 (KHTML, like Gecko) Chrome/96.0.4664.45 Safari/537.36"
[2021-12-06T09:52:40.543] [INFO] access - ::1 - - "GET /zh.json HTTP/1.1" 200 - "http://localhost:801/" "Mozilla/5.0 (Windows NT 10.0; Win64; x64) AppleWebKit/537.36 (KHTML, like Gecko) Chrome/96.0.4664.45 Safari/537.36"
[2021-12-06T09:52:40.544] [INFO] access - ::1 - - "GET /en.json HTTP/1.1" 200 - "http://localhost:801/" "Mozilla/5.0 (Windows NT 10.0; Win64; x64) AppleWebKit/537.36 (KHTML, like Gecko) Chrome/96.0.4664.45 Safari/537.36"
[2021-12-06T09:52:40.714] [INFO] access - ::1 - - "GET /manifest.json HTTP/1.1" 200 365 "http://localhost:801/" "Mozilla/5.0 (Windows NT 10.0; Win64; x64) AppleWebKit/537.36 (KHTML, like Gecko) Chrome/96.0.4664.45 Safari/537.36"
[2021-12-06T09:52:40.714] [INFO] access - ::1 - - "GET /favicon.ico HTTP/1.1" 200 1420 "http://localhost:801/" "Mozilla/5.0 (Windows NT 10.0; Win64; x64) AppleWebKit/537.36 (KHTML, like Gecko) Chrome/96.0.4664.45 Safari/537.36"
[2021-12-06T09:52:40.760] [INFO] access - ::1 - - "GET /getUserInfo HTTP/1.1" 200 49 "http://localhost:801/" "Mozilla/5.0 (Windows NT 10.0; Win64; x64) AppleWebKit/537.36 (KHTML, like Gecko) Chrome/96.0.4664.45 Safari/537.36"
[2021-12-06T09:56:23.696] [INFO] access - ::1 - - "GET / HTTP/1.1" 200 - "" "Mozilla/5.0 (Windows NT 10.0; Win64; x64) AppleWebKit/537.36 (KHTML, like Gecko) Chrome/96.0.4664.45 Safari/537.36"
[2021-12-06T09:56:23.718] [INFO] access - ::1 - - "GET /static/css/2.3ca6ca69.chunk.css HTTP/1.1" 200 - "http://localhost:801/" "Mozilla/5.0 (Windows NT 10.0; Win64; x64) AppleWebKit/537.36 (KHTML, like Gecko) Chrome/96.0.4664.45 Safari/537.36"
[2021-12-06T09:56:23.718] [INFO] access - ::1 - - "GET /static/css/main.dc0bedd2.chunk.css HTTP/1.1" 200 - "http://localhost:801/" "Mozilla/5.0 (Windows NT 10.0; Win64; x64) AppleWebKit/537.36 (KHTML, like Gecko) Chrome/96.0.4664.45 Safari/537.36"
[2021-12-06T09:56:23.719] [INFO] access - ::1 - - "GET /static/js/2.279a9c56.chunk.js HTTP/1.1" 200 - "http://localhost:801/" "Mozilla/5.0 (Windows NT 10.0; Win64; x64) AppleWebKit/537.36 (KHTML, like Gecko) Chrome/96.0.4664.45 Safari/537.36"
[2021-12-06T09:56:23.719] [INFO] access - ::1 - - "GET /static/js/main.6bdd569e.chunk.js HTTP/1.1" 200 - "http://localhost:801/" "Mozilla/5.0 (Windows NT 10.0; Win64; x64) AppleWebKit/537.36 (KHTML, like Gecko) Chrome/96.0.4664.45 Safari/537.36"
[2021-12-06T09:56:23.960] [INFO] access - ::1 - - "GET /static/css/main.dc0bedd2.chunk.css.map HTTP/1.1" 200 - "" "Mozilla/5.0 (Windows NT 10.0; Win64; x64) AppleWebKit/537.36 (KHTML, like Gecko) Chrome/96.0.4664.45 Safari/537.36"
[2021-12-06T09:56:24.247] [INFO] access - ::1 - - "GET /static/css/2.3ca6ca69.chunk.css.map HTTP/1.1" 200 - "" "Mozilla/5.0 (Windows NT 10.0; Win64; x64) AppleWebKit/537.36 (KHTML, like Gecko) Chrome/96.0.4664.45 Safari/537.36"
[2021-12-06T09:56:29.042] [INFO] access - ::1 - - "GET /static/js/2.279a9c56.chunk.js.map HTTP/1.1" 200 - "" "Mozilla/5.0 (Windows NT 10.0; Win64; x64) AppleWebKit/537.36 (KHTML, like Gecko) Chrome/96.0.4664.45 Safari/537.36"
[2021-12-06T09:56:30.767] [INFO] access - ::1 - - "GET /static/js/main.6bdd569e.chunk.js.map HTTP/1.1" 200 - "" "Mozilla/5.0 (Windows NT 10.0; Win64; x64) AppleWebKit/537.36 (KHTML, like Gecko) Chrome/96.0.4664.45 Safari/537.36"
[2021-12-06T09:56:30.932] [INFO] access - ::1 - - "GET /img/contact/1.png HTTP/1.1" 200 37820 "http://localhost:801/" "Mozilla/5.0 (Windows NT 10.0; Win64; x64) AppleWebKit/537.36 (KHTML, like Gecko) Chrome/96.0.4664.45 Safari/537.36"
[2021-12-06T09:56:30.933] [INFO] access - ::1 - - "GET /img/contact/2.png HTTP/1.1" 200 30912 "http://localhost:801/" "Mozilla/5.0 (Windows NT 10.0; Win64; x64) AppleWebKit/537.36 (KHTML, like Gecko) Chrome/96.0.4664.45 Safari/537.36"
[2021-12-06T09:56:30.937] [INFO] access - ::1 - - "GET /img/contact/3.png HTTP/1.1" 200 30441 "http://localhost:801/" "Mozilla/5.0 (Windows NT 10.0; Win64; x64) AppleWebKit/537.36 (KHTML, like Gecko) Chrome/96.0.4664.45 Safari/537.36"
[2021-12-06T09:56:30.944] [INFO] access - ::1 - - "GET /zh.json HTTP/1.1" 200 - "http://localhost:801/" "Mozilla/5.0 (Windows NT 10.0; Win64; x64) AppleWebKit/537.36 (KHTML, like Gecko) Chrome/96.0.4664.45 Safari/537.36"
[2021-12-06T09:56:30.945] [INFO] access - ::1 - - "GET /en.json HTTP/1.1" 200 - "http://localhost:801/" "Mozilla/5.0 (Windows NT 10.0; Win64; x64) AppleWebKit/537.36 (KHTML, like Gecko) Chrome/96.0.4664.45 Safari/537.36"
[2021-12-06T09:56:31.171] [INFO] access - ::1 - - "GET /getUserInfo HTTP/1.1" 200 49 "http://localhost:801/" "Mozilla/5.0 (Windows NT 10.0; Win64; x64) AppleWebKit/537.36 (KHTML, like Gecko) Chrome/96.0.4664.45 Safari/537.36"
[2021-12-06T09:56:31.176] [INFO] access - ::1 - - "GET /favicon.ico HTTP/1.1" 200 1420 "http://localhost:801/" "Mozilla/5.0 (Windows NT 10.0; Win64; x64) AppleWebKit/537.36 (KHTML, like Gecko) Chrome/96.0.4664.45 Safari/537.36"
[2021-12-06T09:56:31.176] [INFO] access - ::1 - - "GET /manifest.json HTTP/1.1" 200 365 "http://localhost:801/" "Mozilla/5.0 (Windows NT 10.0; Win64; x64) AppleWebKit/537.36 (KHTML, like Gecko) Chrome/96.0.4664.45 Safari/537.36"
[2021-12-06T09:56:33.367] [INFO] access - ::1 - - "GET /static/media/pc-start-banner.50750c02.png HTTP/1.1" 200 50119 "http://localhost:801/static/css/main.dc0bedd2.chunk.css" "Mozilla/5.0 (Windows NT 10.0; Win64; x64) AppleWebKit/537.36 (KHTML, like Gecko) Chrome/96.0.4664.45 Safari/537.36"
[2021-12-06T10:02:18.169] [INFO] access - ::1 - - "GET / HTTP/1.1" 200 - "" "Mozilla/5.0 (Windows NT 10.0; Win64; x64) AppleWebKit/537.36 (KHTML, like Gecko) Chrome/96.0.4664.45 Safari/537.36"
[2021-12-06T10:02:18.200] [INFO] access - ::1 - - "GET /static/css/2.d0ce7488.chunk.css HTTP/1.1" 200 - "http://localhost:801/" "Mozilla/5.0 (Windows NT 10.0; Win64; x64) AppleWebKit/537.36 (KHTML, like Gecko) Chrome/96.0.4664.45 Safari/537.36"
[2021-12-06T10:02:18.200] [INFO] access - ::1 - - "GET /static/css/main.dc0bedd2.chunk.css HTTP/1.1" 200 - "http://localhost:801/" "Mozilla/5.0 (Windows NT 10.0; Win64; x64) AppleWebKit/537.36 (KHTML, like Gecko) Chrome/96.0.4664.45 Safari/537.36"
[2021-12-06T10:02:18.201] [INFO] access - ::1 - - "GET /static/js/main.e598fab6.chunk.js HTTP/1.1" 200 - "http://localhost:801/" "Mozilla/5.0 (Windows NT 10.0; Win64; x64) AppleWebKit/537.36 (KHTML, like Gecko) Chrome/96.0.4664.45 Safari/537.36"
[2021-12-06T10:02:18.201] [INFO] access - ::1 - - "GET /static/js/2.279a9c56.chunk.js HTTP/1.1" 200 - "http://localhost:801/" "Mozilla/5.0 (Windows NT 10.0; Win64; x64) AppleWebKit/537.36 (KHTML, like Gecko) Chrome/96.0.4664.45 Safari/537.36"
[2021-12-06T10:02:23.952] [INFO] access - ::1 - - "GET /manifest.json HTTP/1.1" 200 365 "http://localhost:801/" "Mozilla/5.0 (Windows NT 10.0; Win64; x64) AppleWebKit/537.36 (KHTML, like Gecko) Chrome/96.0.4664.45 Safari/537.36"
[2021-12-06T10:02:23.992] [INFO] access - ::1 - - "GET /static/css/main.dc0bedd2.chunk.css.map HTTP/1.1" 200 - "" "Mozilla/5.0 (Windows NT 10.0; Win64; x64) AppleWebKit/537.36 (KHTML, like Gecko) Chrome/96.0.4664.45 Safari/537.36"
[2021-12-06T10:02:23.992] [INFO] access - ::1 - - "GET /static/css/2.d0ce7488.chunk.css.map HTTP/1.1" 200 - "" "Mozilla/5.0 (Windows NT 10.0; Win64; x64) AppleWebKit/537.36 (KHTML, like Gecko) Chrome/96.0.4664.45 Safari/537.36"
[2021-12-06T10:02:25.643] [INFO] access - ::1 - - "GET /static/js/2.279a9c56.chunk.js.map HTTP/1.1" 200 - "" "Mozilla/5.0 (Windows NT 10.0; Win64; x64) AppleWebKit/537.36 (KHTML, like Gecko) Chrome/96.0.4664.45 Safari/537.36"
[2021-12-06T10:02:28.102] [INFO] access - ::1 - - "GET /static/js/main.e598fab6.chunk.js.map HTTP/1.1" 200 - "" "Mozilla/5.0 (Windows NT 10.0; Win64; x64) AppleWebKit/537.36 (KHTML, like Gecko) Chrome/96.0.4664.45 Safari/537.36"
[2021-12-06T10:02:28.275] [INFO] access - ::1 - - "GET /static/media/icon0.5e4c0c47.jpg HTTP/1.1" 200 11874 "http://localhost:801/" "Mozilla/5.0 (Windows NT 10.0; Win64; x64) AppleWebKit/537.36 (KHTML, like Gecko) Chrome/96.0.4664.45 Safari/537.36"
[2021-12-06T10:02:28.275] [INFO] access - ::1 - - "GET /static/media/banner3.7b0de1d8.png HTTP/1.1" 200 10133 "http://localhost:801/static/css/main.dc0bedd2.chunk.css" "Mozilla/5.0 (Windows NT 10.0; Win64; x64) AppleWebKit/537.36 (KHTML, like Gecko) Chrome/96.0.4664.45 Safari/537.36"
[2021-12-06T10:02:28.276] [INFO] access - ::1 - - "GET /static/media/icon1.7e42bc2d.jpg HTTP/1.1" 200 13231 "http://localhost:801/" "Mozilla/5.0 (Windows NT 10.0; Win64; x64) AppleWebKit/537.36 (KHTML, like Gecko) Chrome/96.0.4664.45 Safari/537.36"
[2021-12-06T10:02:28.276] [INFO] access - ::1 - - "GET /static/media/icon2.f333d6df.jpg HTTP/1.1" 200 12813 "http://localhost:801/" "Mozilla/5.0 (Windows NT 10.0; Win64; x64) AppleWebKit/537.36 (KHTML, like Gecko) Chrome/96.0.4664.45 Safari/537.36"
[2021-12-06T10:02:28.282] [INFO] access - ::1 - - "GET /static/media/icon3.62c2201f.jpg HTTP/1.1" 200 11724 "http://localhost:801/" "Mozilla/5.0 (Windows NT 10.0; Win64; x64) AppleWebKit/537.36 (KHTML, like Gecko) Chrome/96.0.4664.45 Safari/537.36"
[2021-12-06T10:02:28.282] [INFO] access - ::1 - - "GET /static/media/iscas.e7bd6087.jpg HTTP/1.1" 200 19100 "http://localhost:801/" "Mozilla/5.0 (Windows NT 10.0; Win64; x64) AppleWebKit/537.36 (KHTML, like Gecko) Chrome/96.0.4664.45 Safari/537.36"
[2021-12-06T10:02:28.292] [INFO] access - ::1 - - "GET /static/media/logo9.3d5de40d.jpg HTTP/1.1" 200 10511 "http://localhost:801/" "Mozilla/5.0 (Windows NT 10.0; Win64; x64) AppleWebKit/537.36 (KHTML, like Gecko) Chrome/96.0.4664.45 Safari/537.36"
[2021-12-06T10:02:28.292] [INFO] access - ::1 - - "GET /static/media/logo28.a5ece2b1.jpg HTTP/1.1" 200 11510 "http://localhost:801/" "Mozilla/5.0 (Windows NT 10.0; Win64; x64) AppleWebKit/537.36 (KHTML, like Gecko) Chrome/96.0.4664.45 Safari/537.36"
[2021-12-06T10:02:28.292] [INFO] access - ::1 - - "GET /static/media/logo12.db63eed3.jpg HTTP/1.1" 200 11054 "http://localhost:801/" "Mozilla/5.0 (Windows NT 10.0; Win64; x64) AppleWebKit/537.36 (KHTML, like Gecko) Chrome/96.0.4664.45 Safari/537.36"
[2021-12-06T10:02:28.293] [INFO] access - ::1 - - "GET /static/media/logo16.9958d73d.jpg HTTP/1.1" 200 11118 "http://localhost:801/" "Mozilla/5.0 (Windows NT 10.0; Win64; x64) AppleWebKit/537.36 (KHTML, like Gecko) Chrome/96.0.4664.45 Safari/537.36"
[2021-12-06T10:02:28.295] [INFO] access - ::1 - - "GET /static/media/logo27.c15f2f74.jpg HTTP/1.1" 200 10604 "http://localhost:801/" "Mozilla/5.0 (Windows NT 10.0; Win64; x64) AppleWebKit/537.36 (KHTML, like Gecko) Chrome/96.0.4664.45 Safari/537.36"
[2021-12-06T10:02:28.343] [INFO] access - ::1 - - "GET /zh.json HTTP/1.1" 200 - "http://localhost:801/" "Mozilla/5.0 (Windows NT 10.0; Win64; x64) AppleWebKit/537.36 (KHTML, like Gecko) Chrome/96.0.4664.45 Safari/537.36"
[2021-12-06T10:02:28.343] [INFO] access - ::1 - - "GET /en.json HTTP/1.1" 200 - "http://localhost:801/" "Mozilla/5.0 (Windows NT 10.0; Win64; x64) AppleWebKit/537.36 (KHTML, like Gecko) Chrome/96.0.4664.45 Safari/537.36"
[2021-12-06T10:02:28.538] [INFO] access - ::1 - - "GET /manifest.json HTTP/1.1" 200 365 "http://localhost:801/" "Mozilla/5.0 (Windows NT 10.0; Win64; x64) AppleWebKit/537.36 (KHTML, like Gecko) Chrome/96.0.4664.45 Safari/537.36"
[2021-12-06T10:02:30.708] [INFO] access - ::1 - - "GET /img/contact/1.png HTTP/1.1" 200 37820 "http://localhost:801/" "Mozilla/5.0 (Windows NT 10.0; Win64; x64) AppleWebKit/537.36 (KHTML, like Gecko) Chrome/96.0.4664.45 Safari/537.36"
[2021-12-06T10:02:30.709] [INFO] access - ::1 - - "GET /img/contact/bannerC.png HTTP/1.1" 200 52163 "http://localhost:801/" "Mozilla/5.0 (Windows NT 10.0; Win64; x64) AppleWebKit/537.36 (KHTML, like Gecko) Chrome/96.0.4664.45 Safari/537.36"
[2021-12-06T10:02:30.709] [INFO] access - ::1 - - "GET /img/contact/2.png HTTP/1.1" 200 30912 "http://localhost:801/" "Mozilla/5.0 (Windows NT 10.0; Win64; x64) AppleWebKit/537.36 (KHTML, like Gecko) Chrome/96.0.4664.45 Safari/537.36"
[2021-12-06T10:02:30.709] [INFO] access - ::1 - - "GET /img/contact/3.png HTTP/1.1" 200 30441 "http://localhost:801/" "Mozilla/5.0 (Windows NT 10.0; Win64; x64) AppleWebKit/537.36 (KHTML, like Gecko) Chrome/96.0.4664.45 Safari/537.36"
[2021-12-06T10:02:35.537] [INFO] access - ::1 - - "GET / HTTP/1.1" 200 - "" "Mozilla/5.0 (Windows NT 10.0; Win64; x64) AppleWebKit/537.36 (KHTML, like Gecko) Chrome/96.0.4664.45 Safari/537.36"
[2021-12-06T10:02:35.559] [INFO] access - ::1 - - "GET /static/css/2.d0ce7488.chunk.css HTTP/1.1" 200 - "http://localhost:801/" "Mozilla/5.0 (Windows NT 10.0; Win64; x64) AppleWebKit/537.36 (KHTML, like Gecko) Chrome/96.0.4664.45 Safari/537.36"
[2021-12-06T10:02:35.560] [INFO] access - ::1 - - "GET /static/css/main.dc0bedd2.chunk.css HTTP/1.1" 200 - "http://localhost:801/" "Mozilla/5.0 (Windows NT 10.0; Win64; x64) AppleWebKit/537.36 (KHTML, like Gecko) Chrome/96.0.4664.45 Safari/537.36"
[2021-12-06T10:02:35.560] [INFO] access - ::1 - - "GET /static/js/2.279a9c56.chunk.js HTTP/1.1" 200 - "http://localhost:801/" "Mozilla/5.0 (Windows NT 10.0; Win64; x64) AppleWebKit/537.36 (KHTML, like Gecko) Chrome/96.0.4664.45 Safari/537.36"
[2021-12-06T10:02:35.561] [INFO] access - ::1 - - "GET /static/js/main.e598fab6.chunk.js HTTP/1.1" 200 - "http://localhost:801/" "Mozilla/5.0 (Windows NT 10.0; Win64; x64) AppleWebKit/537.36 (KHTML, like Gecko) Chrome/96.0.4664.45 Safari/537.36"
[2021-12-06T10:02:35.991] [INFO] access - ::1 - - "GET /static/css/main.dc0bedd2.chunk.css.map HTTP/1.1" 200 - "" "Mozilla/5.0 (Windows NT 10.0; Win64; x64) AppleWebKit/537.36 (KHTML, like Gecko) Chrome/96.0.4664.45 Safari/537.36"
[2021-12-06T10:02:36.430] [INFO] access - ::1 - - "GET /static/css/2.d0ce7488.chunk.css.map HTTP/1.1" 200 - "" "Mozilla/5.0 (Windows NT 10.0; Win64; x64) AppleWebKit/537.36 (KHTML, like Gecko) Chrome/96.0.4664.45 Safari/537.36"
[2021-12-06T10:02:42.831] [INFO] access - ::1 - - "GET /static/js/2.279a9c56.chunk.js.map HTTP/1.1" 200 - "" "Mozilla/5.0 (Windows NT 10.0; Win64; x64) AppleWebKit/537.36 (KHTML, like Gecko) Chrome/96.0.4664.45 Safari/537.36"
[2021-12-06T10:02:44.890] [INFO] access - ::1 - - "GET /static/js/main.e598fab6.chunk.js.map HTTP/1.1" 200 - "" "Mozilla/5.0 (Windows NT 10.0; Win64; x64) AppleWebKit/537.36 (KHTML, like Gecko) Chrome/96.0.4664.45 Safari/537.36"
[2021-12-06T10:02:45.040] [INFO] access - ::1 - - "GET /img/contact/1.png HTTP/1.1" 200 37820 "http://localhost:801/" "Mozilla/5.0 (Windows NT 10.0; Win64; x64) AppleWebKit/537.36 (KHTML, like Gecko) Chrome/96.0.4664.45 Safari/537.36"
[2021-12-06T10:02:45.041] [INFO] access - ::1 - - "GET /img/contact/2.png HTTP/1.1" 200 30912 "http://localhost:801/" "Mozilla/5.0 (Windows NT 10.0; Win64; x64) AppleWebKit/537.36 (KHTML, like Gecko) Chrome/96.0.4664.45 Safari/537.36"
[2021-12-06T10:02:45.041] [INFO] access - ::1 - - "GET /img/contact/3.png HTTP/1.1" 200 30441 "http://localhost:801/" "Mozilla/5.0 (Windows NT 10.0; Win64; x64) AppleWebKit/537.36 (KHTML, like Gecko) Chrome/96.0.4664.45 Safari/537.36"
[2021-12-06T10:02:45.044] [INFO] access - ::1 - - "GET /img/contact/bannerC.png HTTP/1.1" 200 52163 "http://localhost:801/" "Mozilla/5.0 (Windows NT 10.0; Win64; x64) AppleWebKit/537.36 (KHTML, like Gecko) Chrome/96.0.4664.45 Safari/537.36"
[2021-12-06T10:02:45.051] [INFO] access - ::1 - - "GET /zh.json HTTP/1.1" 200 - "http://localhost:801/" "Mozilla/5.0 (Windows NT 10.0; Win64; x64) AppleWebKit/537.36 (KHTML, like Gecko) Chrome/96.0.4664.45 Safari/537.36"
[2021-12-06T10:02:45.052] [INFO] access - ::1 - - "GET /en.json HTTP/1.1" 200 - "http://localhost:801/" "Mozilla/5.0 (Windows NT 10.0; Win64; x64) AppleWebKit/537.36 (KHTML, like Gecko) Chrome/96.0.4664.45 Safari/537.36"
[2021-12-06T10:02:45.370] [INFO] access - ::1 - - "GET /manifest.json HTTP/1.1" 200 365 "http://localhost:801/" "Mozilla/5.0 (Windows NT 10.0; Win64; x64) AppleWebKit/537.36 (KHTML, like Gecko) Chrome/96.0.4664.45 Safari/537.36"
[2021-12-06T10:02:45.371] [INFO] access - ::1 - - "GET /favicon.ico HTTP/1.1" 200 1420 "http://localhost:801/" "Mozilla/5.0 (Windows NT 10.0; Win64; x64) AppleWebKit/537.36 (KHTML, like Gecko) Chrome/96.0.4664.45 Safari/537.36"
[2021-12-06T10:02:47.855] [INFO] access - ::1 - - "GET /static/media/pc-start-banner.50750c02.png HTTP/1.1" 200 50119 "http://localhost:801/static/css/main.dc0bedd2.chunk.css" "Mozilla/5.0 (Windows NT 10.0; Win64; x64) AppleWebKit/537.36 (KHTML, like Gecko) Chrome/96.0.4664.45 Safari/537.36"
[2021-12-06T10:02:49.430] [INFO] access - ::1 - - "GET /static/media/banner3.7b0de1d8.png HTTP/1.1" 200 10133 "http://localhost:801/static/css/main.dc0bedd2.chunk.css" "Mozilla/5.0 (Windows NT 10.0; Win64; x64) AppleWebKit/537.36 (KHTML, like Gecko) Chrome/96.0.4664.45 Safari/537.36"
[2021-12-06T10:02:49.431] [INFO] access - ::1 - - "GET /static/media/icon0.5e4c0c47.jpg HTTP/1.1" 200 11874 "http://localhost:801/" "Mozilla/5.0 (Windows NT 10.0; Win64; x64) AppleWebKit/537.36 (KHTML, like Gecko) Chrome/96.0.4664.45 Safari/537.36"
[2021-12-06T10:02:49.431] [INFO] access - ::1 - - "GET /static/media/icon1.7e42bc2d.jpg HTTP/1.1" 200 13231 "http://localhost:801/" "Mozilla/5.0 (Windows NT 10.0; Win64; x64) AppleWebKit/537.36 (KHTML, like Gecko) Chrome/96.0.4664.45 Safari/537.36"
[2021-12-06T10:02:49.434] [INFO] access - ::1 - - "GET /static/media/icon2.f333d6df.jpg HTTP/1.1" 200 12813 "http://localhost:801/" "Mozilla/5.0 (Windows NT 10.0; Win64; x64) AppleWebKit/537.36 (KHTML, like Gecko) Chrome/96.0.4664.45 Safari/537.36"
[2021-12-06T10:02:49.435] [INFO] access - ::1 - - "GET /static/media/icon3.62c2201f.jpg HTTP/1.1" 200 11724 "http://localhost:801/" "Mozilla/5.0 (Windows NT 10.0; Win64; x64) AppleWebKit/537.36 (KHTML, like Gecko) Chrome/96.0.4664.45 Safari/537.36"
[2021-12-06T10:02:49.435] [INFO] access - ::1 - - "GET /static/media/iscas.e7bd6087.jpg HTTP/1.1" 200 19100 "http://localhost:801/" "Mozilla/5.0 (Windows NT 10.0; Win64; x64) AppleWebKit/537.36 (KHTML, like Gecko) Chrome/96.0.4664.45 Safari/537.36"
[2021-12-06T10:02:49.451] [INFO] access - ::1 - - "GET /static/media/logo9.3d5de40d.jpg HTTP/1.1" 200 10511 "http://localhost:801/" "Mozilla/5.0 (Windows NT 10.0; Win64; x64) AppleWebKit/537.36 (KHTML, like Gecko) Chrome/96.0.4664.45 Safari/537.36"
[2021-12-06T10:02:49.451] [INFO] access - ::1 - - "GET /static/media/logo12.db63eed3.jpg HTTP/1.1" 200 11054 "http://localhost:801/" "Mozilla/5.0 (Windows NT 10.0; Win64; x64) AppleWebKit/537.36 (KHTML, like Gecko) Chrome/96.0.4664.45 Safari/537.36"
[2021-12-06T10:02:49.451] [INFO] access - ::1 - - "GET /static/media/logo28.a5ece2b1.jpg HTTP/1.1" 200 11510 "http://localhost:801/" "Mozilla/5.0 (Windows NT 10.0; Win64; x64) AppleWebKit/537.36 (KHTML, like Gecko) Chrome/96.0.4664.45 Safari/537.36"
[2021-12-06T10:02:49.456] [INFO] access - ::1 - - "GET /static/media/logo16.9958d73d.jpg HTTP/1.1" 200 11118 "http://localhost:801/" "Mozilla/5.0 (Windows NT 10.0; Win64; x64) AppleWebKit/537.36 (KHTML, like Gecko) Chrome/96.0.4664.45 Safari/537.36"
[2021-12-06T10:02:49.456] [INFO] access - ::1 - - "GET /static/media/logo27.c15f2f74.jpg HTTP/1.1" 200 10604 "http://localhost:801/" "Mozilla/5.0 (Windows NT 10.0; Win64; x64) AppleWebKit/537.36 (KHTML, like Gecko) Chrome/96.0.4664.45 Safari/537.36"
[2021-12-06T10:04:48.537] [INFO] access - ::1 - - "GET / HTTP/1.1" 200 - "" "Mozilla/5.0 (Windows NT 10.0; Win64; x64) AppleWebKit/537.36 (KHTML, like Gecko) Chrome/96.0.4664.45 Safari/537.36"
[2021-12-06T10:04:48.559] [INFO] access - ::1 - - "GET /static/css/main.dc0bedd2.chunk.css HTTP/1.1" 200 - "http://localhost:801/" "Mozilla/5.0 (Windows NT 10.0; Win64; x64) AppleWebKit/537.36 (KHTML, like Gecko) Chrome/96.0.4664.45 Safari/537.36"
[2021-12-06T10:04:48.559] [INFO] access - ::1 - - "GET /static/css/2.9785be85.chunk.css HTTP/1.1" 200 - "http://localhost:801/" "Mozilla/5.0 (Windows NT 10.0; Win64; x64) AppleWebKit/537.36 (KHTML, like Gecko) Chrome/96.0.4664.45 Safari/537.36"
[2021-12-06T10:04:48.560] [INFO] access - ::1 - - "GET /static/js/main.ea4ee26c.chunk.js HTTP/1.1" 200 - "http://localhost:801/" "Mozilla/5.0 (Windows NT 10.0; Win64; x64) AppleWebKit/537.36 (KHTML, like Gecko) Chrome/96.0.4664.45 Safari/537.36"
[2021-12-06T10:04:48.560] [INFO] access - ::1 - - "GET /static/js/2.279a9c56.chunk.js HTTP/1.1" 200 - "http://localhost:801/" "Mozilla/5.0 (Windows NT 10.0; Win64; x64) AppleWebKit/537.36 (KHTML, like Gecko) Chrome/96.0.4664.45 Safari/537.36"
[2021-12-06T10:04:49.302] [INFO] access - ::1 - - "GET /static/css/main.dc0bedd2.chunk.css.map HTTP/1.1" 200 - "" "Mozilla/5.0 (Windows NT 10.0; Win64; x64) AppleWebKit/537.36 (KHTML, like Gecko) Chrome/96.0.4664.45 Safari/537.36"
[2021-12-06T10:04:49.302] [INFO] access - ::1 - - "GET /static/css/2.9785be85.chunk.css.map HTTP/1.1" 200 - "" "Mozilla/5.0 (Windows NT 10.0; Win64; x64) AppleWebKit/537.36 (KHTML, like Gecko) Chrome/96.0.4664.45 Safari/537.36"
[2021-12-06T10:04:55.896] [INFO] access - ::1 - - "GET /static/js/2.279a9c56.chunk.js.map HTTP/1.1" 200 - "" "Mozilla/5.0 (Windows NT 10.0; Win64; x64) AppleWebKit/537.36 (KHTML, like Gecko) Chrome/96.0.4664.45 Safari/537.36"
[2021-12-06T10:04:58.536] [INFO] access - ::1 - - "GET /static/js/main.ea4ee26c.chunk.js.map HTTP/1.1" 200 - "" "Mozilla/5.0 (Windows NT 10.0; Win64; x64) AppleWebKit/537.36 (KHTML, like Gecko) Chrome/96.0.4664.45 Safari/537.36"
[2021-12-06T10:04:58.715] [INFO] access - ::1 - - "GET /img/logo_n.svg HTTP/1.1" 200 - "http://localhost:801/" "Mozilla/5.0 (Windows NT 10.0; Win64; x64) AppleWebKit/537.36 (KHTML, like Gecko) Chrome/96.0.4664.45 Safari/537.36"
[2021-12-06T10:04:58.715] [INFO] access - ::1 - - "GET /static/media/banner3.7b0de1d8.png HTTP/1.1" 200 10133 "http://localhost:801/static/css/main.dc0bedd2.chunk.css" "Mozilla/5.0 (Windows NT 10.0; Win64; x64) AppleWebKit/537.36 (KHTML, like Gecko) Chrome/96.0.4664.45 Safari/537.36"
[2021-12-06T10:04:58.716] [INFO] access - ::1 - - "GET /static/media/icon0.5e4c0c47.jpg HTTP/1.1" 200 11874 "http://localhost:801/" "Mozilla/5.0 (Windows NT 10.0; Win64; x64) AppleWebKit/537.36 (KHTML, like Gecko) Chrome/96.0.4664.45 Safari/537.36"
[2021-12-06T10:04:58.716] [INFO] access - ::1 - - "GET /static/media/icon1.7e42bc2d.jpg HTTP/1.1" 200 13231 "http://localhost:801/" "Mozilla/5.0 (Windows NT 10.0; Win64; x64) AppleWebKit/537.36 (KHTML, like Gecko) Chrome/96.0.4664.45 Safari/537.36"
[2021-12-06T10:04:58.720] [INFO] access - ::1 - - "GET /static/media/icon2.f333d6df.jpg HTTP/1.1" 200 12813 "http://localhost:801/" "Mozilla/5.0 (Windows NT 10.0; Win64; x64) AppleWebKit/537.36 (KHTML, like Gecko) Chrome/96.0.4664.45 Safari/537.36"
[2021-12-06T10:04:58.720] [INFO] access - ::1 - - "GET /static/media/icon3.62c2201f.jpg HTTP/1.1" 200 11724 "http://localhost:801/" "Mozilla/5.0 (Windows NT 10.0; Win64; x64) AppleWebKit/537.36 (KHTML, like Gecko) Chrome/96.0.4664.45 Safari/537.36"
[2021-12-06T10:04:58.726] [INFO] access - ::1 - - "GET /static/media/iscas.e7bd6087.jpg HTTP/1.1" 200 19100 "http://localhost:801/" "Mozilla/5.0 (Windows NT 10.0; Win64; x64) AppleWebKit/537.36 (KHTML, like Gecko) Chrome/96.0.4664.45 Safari/537.36"
[2021-12-06T10:04:58.727] [INFO] access - ::1 - - "GET /static/media/logo9.3d5de40d.jpg HTTP/1.1" 200 10511 "http://localhost:801/" "Mozilla/5.0 (Windows NT 10.0; Win64; x64) AppleWebKit/537.36 (KHTML, like Gecko) Chrome/96.0.4664.45 Safari/537.36"
[2021-12-06T10:04:58.728] [INFO] access - ::1 - - "GET /static/media/logo12.db63eed3.jpg HTTP/1.1" 200 11054 "http://localhost:801/" "Mozilla/5.0 (Windows NT 10.0; Win64; x64) AppleWebKit/537.36 (KHTML, like Gecko) Chrome/96.0.4664.45 Safari/537.36"
[2021-12-06T10:04:58.731] [INFO] access - ::1 - - "GET /static/media/logo28.a5ece2b1.jpg HTTP/1.1" 200 11510 "http://localhost:801/" "Mozilla/5.0 (Windows NT 10.0; Win64; x64) AppleWebKit/537.36 (KHTML, like Gecko) Chrome/96.0.4664.45 Safari/537.36"
[2021-12-06T10:04:58.732] [INFO] access - ::1 - - "GET /static/media/logo16.9958d73d.jpg HTTP/1.1" 200 11118 "http://localhost:801/" "Mozilla/5.0 (Windows NT 10.0; Win64; x64) AppleWebKit/537.36 (KHTML, like Gecko) Chrome/96.0.4664.45 Safari/537.36"
[2021-12-06T10:04:58.735] [INFO] access - ::1 - - "GET /static/media/logo27.c15f2f74.jpg HTTP/1.1" 200 10604 "http://localhost:801/" "Mozilla/5.0 (Windows NT 10.0; Win64; x64) AppleWebKit/537.36 (KHTML, like Gecko) Chrome/96.0.4664.45 Safari/537.36"
[2021-12-06T10:04:58.753] [INFO] access - ::1 - - "GET /zh.json HTTP/1.1" 200 - "http://localhost:801/" "Mozilla/5.0 (Windows NT 10.0; Win64; x64) AppleWebKit/537.36 (KHTML, like Gecko) Chrome/96.0.4664.45 Safari/537.36"
[2021-12-06T10:04:58.754] [INFO] access - ::1 - - "GET /en.json HTTP/1.1" 200 - "http://localhost:801/" "Mozilla/5.0 (Windows NT 10.0; Win64; x64) AppleWebKit/537.36 (KHTML, like Gecko) Chrome/96.0.4664.45 Safari/537.36"
[2021-12-06T10:04:59.014] [INFO] access - ::1 - - "GET /manifest.json HTTP/1.1" 200 365 "http://localhost:801/" "Mozilla/5.0 (Windows NT 10.0; Win64; x64) AppleWebKit/537.36 (KHTML, like Gecko) Chrome/96.0.4664.45 Safari/537.36"
[2021-12-06T10:04:59.015] [INFO] access - ::1 - - "GET /favicon.ico HTTP/1.1" 200 1420 "http://localhost:801/" "Mozilla/5.0 (Windows NT 10.0; Win64; x64) AppleWebKit/537.36 (KHTML, like Gecko) Chrome/96.0.4664.45 Safari/537.36"
[2021-12-06T10:05:02.128] [INFO] access - ::1 - - "GET /img/contact/1.png HTTP/1.1" 200 37820 "http://localhost:801/" "Mozilla/5.0 (Windows NT 10.0; Win64; x64) AppleWebKit/537.36 (KHTML, like Gecko) Chrome/96.0.4664.45 Safari/537.36"
[2021-12-06T10:05:02.128] [INFO] access - ::1 - - "GET /img/contact/2.png HTTP/1.1" 200 30912 "http://localhost:801/" "Mozilla/5.0 (Windows NT 10.0; Win64; x64) AppleWebKit/537.36 (KHTML, like Gecko) Chrome/96.0.4664.45 Safari/537.36"
[2021-12-06T10:05:02.128] [INFO] access - ::1 - - "GET /img/contact/3.png HTTP/1.1" 200 30441 "http://localhost:801/" "Mozilla/5.0 (Windows NT 10.0; Win64; x64) AppleWebKit/537.36 (KHTML, like Gecko) Chrome/96.0.4664.45 Safari/537.36"
[2021-12-06T10:05:02.129] [INFO] access - ::1 - - "GET /img/contact/bannerC.png HTTP/1.1" 200 52163 "http://localhost:801/" "Mozilla/5.0 (Windows NT 10.0; Win64; x64) AppleWebKit/537.36 (KHTML, like Gecko) Chrome/96.0.4664.45 Safari/537.36"
[2021-12-06T10:08:44.489] [INFO] access - ::1 - - "GET / HTTP/1.1" 200 - "" "Mozilla/5.0 (Windows NT 10.0; Win64; x64) AppleWebKit/537.36 (KHTML, like Gecko) Chrome/96.0.4664.45 Safari/537.36"
[2021-12-06T10:08:44.512] [INFO] access - ::1 - - "GET /static/css/main.dc0bedd2.chunk.css HTTP/1.1" 200 - "http://localhost:801/" "Mozilla/5.0 (Windows NT 10.0; Win64; x64) AppleWebKit/537.36 (KHTML, like Gecko) Chrome/96.0.4664.45 Safari/537.36"
[2021-12-06T10:08:44.513] [INFO] access - ::1 - - "GET /static/css/2.1cf1c468.chunk.css HTTP/1.1" 200 - "http://localhost:801/" "Mozilla/5.0 (Windows NT 10.0; Win64; x64) AppleWebKit/537.36 (KHTML, like Gecko) Chrome/96.0.4664.45 Safari/537.36"
[2021-12-06T10:08:44.513] [INFO] access - ::1 - - "GET /static/js/2.279a9c56.chunk.js HTTP/1.1" 200 - "http://localhost:801/" "Mozilla/5.0 (Windows NT 10.0; Win64; x64) AppleWebKit/537.36 (KHTML, like Gecko) Chrome/96.0.4664.45 Safari/537.36"
[2021-12-06T10:08:44.514] [INFO] access - ::1 - - "GET /static/js/main.773f277b.chunk.js HTTP/1.1" 200 - "http://localhost:801/" "Mozilla/5.0 (Windows NT 10.0; Win64; x64) AppleWebKit/537.36 (KHTML, like Gecko) Chrome/96.0.4664.45 Safari/537.36"
[2021-12-06T10:08:44.857] [INFO] access - ::1 - - "GET /static/css/main.dc0bedd2.chunk.css.map HTTP/1.1" 200 - "" "Mozilla/5.0 (Windows NT 10.0; Win64; x64) AppleWebKit/537.36 (KHTML, like Gecko) Chrome/96.0.4664.45 Safari/537.36"
[2021-12-06T10:08:45.295] [INFO] access - ::1 - - "GET /static/css/2.1cf1c468.chunk.css.map HTTP/1.1" 200 - "" "Mozilla/5.0 (Windows NT 10.0; Win64; x64) AppleWebKit/537.36 (KHTML, like Gecko) Chrome/96.0.4664.45 Safari/537.36"
[2021-12-06T10:08:51.988] [INFO] access - ::1 - - "GET /static/js/2.279a9c56.chunk.js.map HTTP/1.1" 200 - "" "Mozilla/5.0 (Windows NT 10.0; Win64; x64) AppleWebKit/537.36 (KHTML, like Gecko) Chrome/96.0.4664.45 Safari/537.36"
[2021-12-06T10:08:54.619] [INFO] access - ::1 - - "GET /static/js/main.773f277b.chunk.js.map HTTP/1.1" 200 - "" "Mozilla/5.0 (Windows NT 10.0; Win64; x64) AppleWebKit/537.36 (KHTML, like Gecko) Chrome/96.0.4664.45 Safari/537.36"
[2021-12-06T10:08:54.795] [INFO] access - ::1 - - "GET /img/logo_n.svg HTTP/1.1" 200 - "http://localhost:801/" "Mozilla/5.0 (Windows NT 10.0; Win64; x64) AppleWebKit/537.36 (KHTML, like Gecko) Chrome/96.0.4664.45 Safari/537.36"
[2021-12-06T10:08:54.796] [INFO] access - ::1 - - "GET /static/media/banner3.7b0de1d8.png HTTP/1.1" 200 10133 "http://localhost:801/static/css/main.dc0bedd2.chunk.css" "Mozilla/5.0 (Windows NT 10.0; Win64; x64) AppleWebKit/537.36 (KHTML, like Gecko) Chrome/96.0.4664.45 Safari/537.36"
[2021-12-06T10:08:54.796] [INFO] access - ::1 - - "GET /static/media/icon0.5e4c0c47.jpg HTTP/1.1" 200 11874 "http://localhost:801/" "Mozilla/5.0 (Windows NT 10.0; Win64; x64) AppleWebKit/537.36 (KHTML, like Gecko) Chrome/96.0.4664.45 Safari/537.36"
[2021-12-06T10:08:54.796] [INFO] access - ::1 - - "GET /static/media/icon1.7e42bc2d.jpg HTTP/1.1" 200 13231 "http://localhost:801/" "Mozilla/5.0 (Windows NT 10.0; Win64; x64) AppleWebKit/537.36 (KHTML, like Gecko) Chrome/96.0.4664.45 Safari/537.36"
[2021-12-06T10:08:54.802] [INFO] access - ::1 - - "GET /static/media/icon2.f333d6df.jpg HTTP/1.1" 200 12813 "http://localhost:801/" "Mozilla/5.0 (Windows NT 10.0; Win64; x64) AppleWebKit/537.36 (KHTML, like Gecko) Chrome/96.0.4664.45 Safari/537.36"
[2021-12-06T10:08:54.802] [INFO] access - ::1 - - "GET /static/media/icon3.62c2201f.jpg HTTP/1.1" 200 11724 "http://localhost:801/" "Mozilla/5.0 (Windows NT 10.0; Win64; x64) AppleWebKit/537.36 (KHTML, like Gecko) Chrome/96.0.4664.45 Safari/537.36"
[2021-12-06T10:08:54.803] [INFO] access - ::1 - - "GET /static/media/iscas.e7bd6087.jpg HTTP/1.1" 200 19100 "http://localhost:801/" "Mozilla/5.0 (Windows NT 10.0; Win64; x64) AppleWebKit/537.36 (KHTML, like Gecko) Chrome/96.0.4664.45 Safari/537.36"
[2021-12-06T10:08:54.807] [INFO] access - ::1 - - "GET /static/media/logo9.3d5de40d.jpg HTTP/1.1" 200 10511 "http://localhost:801/" "Mozilla/5.0 (Windows NT 10.0; Win64; x64) AppleWebKit/537.36 (KHTML, like Gecko) Chrome/96.0.4664.45 Safari/537.36"
[2021-12-06T10:08:54.808] [INFO] access - ::1 - - "GET /static/media/logo12.db63eed3.jpg HTTP/1.1" 200 11054 "http://localhost:801/" "Mozilla/5.0 (Windows NT 10.0; Win64; x64) AppleWebKit/537.36 (KHTML, like Gecko) Chrome/96.0.4664.45 Safari/537.36"
[2021-12-06T10:08:54.814] [INFO] access - ::1 - - "GET /static/media/logo28.a5ece2b1.jpg HTTP/1.1" 200 11510 "http://localhost:801/" "Mozilla/5.0 (Windows NT 10.0; Win64; x64) AppleWebKit/537.36 (KHTML, like Gecko) Chrome/96.0.4664.45 Safari/537.36"
[2021-12-06T10:08:54.815] [INFO] access - ::1 - - "GET /static/media/logo16.9958d73d.jpg HTTP/1.1" 200 11118 "http://localhost:801/" "Mozilla/5.0 (Windows NT 10.0; Win64; x64) AppleWebKit/537.36 (KHTML, like Gecko) Chrome/96.0.4664.45 Safari/537.36"
[2021-12-06T10:08:54.815] [INFO] access - ::1 - - "GET /static/media/logo27.c15f2f74.jpg HTTP/1.1" 200 10604 "http://localhost:801/" "Mozilla/5.0 (Windows NT 10.0; Win64; x64) AppleWebKit/537.36 (KHTML, like Gecko) Chrome/96.0.4664.45 Safari/537.36"
[2021-12-06T10:08:54.833] [INFO] access - ::1 - - "GET /zh.json HTTP/1.1" 200 - "http://localhost:801/" "Mozilla/5.0 (Windows NT 10.0; Win64; x64) AppleWebKit/537.36 (KHTML, like Gecko) Chrome/96.0.4664.45 Safari/537.36"
[2021-12-06T10:08:54.834] [INFO] access - ::1 - - "GET /en.json HTTP/1.1" 200 - "http://localhost:801/" "Mozilla/5.0 (Windows NT 10.0; Win64; x64) AppleWebKit/537.36 (KHTML, like Gecko) Chrome/96.0.4664.45 Safari/537.36"
[2021-12-06T10:08:55.093] [INFO] access - ::1 - - "GET /manifest.json HTTP/1.1" 200 365 "http://localhost:801/" "Mozilla/5.0 (Windows NT 10.0; Win64; x64) AppleWebKit/537.36 (KHTML, like Gecko) Chrome/96.0.4664.45 Safari/537.36"
[2021-12-06T10:08:55.093] [INFO] access - ::1 - - "GET /favicon.ico HTTP/1.1" 200 1420 "http://localhost:801/" "Mozilla/5.0 (Windows NT 10.0; Win64; x64) AppleWebKit/537.36 (KHTML, like Gecko) Chrome/96.0.4664.45 Safari/537.36"
[2021-12-06T10:08:56.938] [INFO] access - ::1 - - "GET /img/contact/1.png HTTP/1.1" 200 37820 "http://localhost:801/" "Mozilla/5.0 (Windows NT 10.0; Win64; x64) AppleWebKit/537.36 (KHTML, like Gecko) Chrome/96.0.4664.45 Safari/537.36"
[2021-12-06T10:08:56.939] [INFO] access - ::1 - - "GET /img/contact/2.png HTTP/1.1" 200 30912 "http://localhost:801/" "Mozilla/5.0 (Windows NT 10.0; Win64; x64) AppleWebKit/537.36 (KHTML, like Gecko) Chrome/96.0.4664.45 Safari/537.36"
[2021-12-06T10:08:56.943] [INFO] access - ::1 - - "GET /img/contact/3.png HTTP/1.1" 200 30441 "http://localhost:801/" "Mozilla/5.0 (Windows NT 10.0; Win64; x64) AppleWebKit/537.36 (KHTML, like Gecko) Chrome/96.0.4664.45 Safari/537.36"
[2021-12-06T10:08:56.943] [INFO] access - ::1 - - "GET /img/contact/bannerC.png HTTP/1.1" 200 52163 "http://localhost:801/" "Mozilla/5.0 (Windows NT 10.0; Win64; x64) AppleWebKit/537.36 (KHTML, like Gecko) Chrome/96.0.4664.45 Safari/537.36"
[2021-12-06T17:06:37.120] [INFO] access - 127.0.0.1 - - "GET /getUserInfo HTTP/1.1" 200 31 "http://localhost:3000/" "Mozilla/5.0 (Windows NT 10.0; Win64; x64) AppleWebKit/537.36 (KHTML, like Gecko) Chrome/96.0.4664.45 Safari/537.36"
[2021-12-06T17:06:39.686] [INFO] access - 127.0.0.1 - - "GET /verifyPic HTTP/1.1" 200 3918 "http://localhost:3000/" "Mozilla/5.0 (Windows NT 10.0; Win64; x64) AppleWebKit/537.36 (KHTML, like Gecko) Chrome/96.0.4664.45 Safari/537.36"
[2021-12-06T17:06:43.156] [INFO] access - 127.0.0.1 - - "GET /verifyPic HTTP/1.1" 200 4038 "http://localhost:3000/" "Mozilla/5.0 (Windows NT 10.0; Win64; x64) AppleWebKit/537.36 (KHTML, like Gecko) Chrome/96.0.4664.45 Safari/537.36"
[2021-12-06T17:07:26.407] [INFO] access - 127.0.0.1 - - "GET /verifyPic HTTP/1.1" 200 4110 "http://localhost:3000/" "Mozilla/5.0 (Windows NT 10.0; Win64; x64) AppleWebKit/537.36 (KHTML, like Gecko) Chrome/96.0.4664.45 Safari/537.36"
[2021-12-06T17:09:38.491] [INFO] access - 127.0.0.1 - - "GET /verifyPic HTTP/1.1" 200 3782 "http://localhost:3000/" "Mozilla/5.0 (Windows NT 10.0; Win64; x64) AppleWebKit/537.36 (KHTML, like Gecko) Chrome/96.0.4664.45 Safari/537.36"
[2021-12-06T17:09:51.817] [INFO] access - 127.0.0.1 - - "POST /login HTTP/1.1" 401 58 "http://localhost:3000/" "Mozilla/5.0 (Windows NT 10.0; Win64; x64) AppleWebKit/537.36 (KHTML, like Gecko) Chrome/96.0.4664.45 Safari/537.36"
[2021-12-06T17:09:52.003] [INFO] access - 127.0.0.1 - - "GET /verifyPic HTTP/1.1" 200 4058 "http://localhost:3000/" "Mozilla/5.0 (Windows NT 10.0; Win64; x64) AppleWebKit/537.36 (KHTML, like Gecko) Chrome/96.0.4664.45 Safari/537.36"
[2021-12-06T17:09:59.033] [INFO] access - 127.0.0.1 - - "GET /verifyPic HTTP/1.1" 200 4190 "http://localhost:3000/" "Mozilla/5.0 (Windows NT 10.0; Win64; x64) AppleWebKit/537.36 (KHTML, like Gecko) Chrome/96.0.4664.45 Safari/537.36"
[2021-12-06T17:09:59.080] [INFO] access - 127.0.0.1 - - "POST /login HTTP/1.1" 401 52 "http://localhost:3000/" "Mozilla/5.0 (Windows NT 10.0; Win64; x64) AppleWebKit/537.36 (KHTML, like Gecko) Chrome/96.0.4664.45 Safari/537.36"
[2021-12-06T17:09:59.421] [INFO] access - 127.0.0.1 - - "GET /verifyPic HTTP/1.1" 200 4034 "http://localhost:3000/" "Mozilla/5.0 (Windows NT 10.0; Win64; x64) AppleWebKit/537.36 (KHTML, like Gecko) Chrome/96.0.4664.45 Safari/537.36"
[2021-12-06T17:10:11.946] [INFO] access - 127.0.0.1 - - "POST /login HTTP/1.1" 200 207 "http://localhost:3000/" "Mozilla/5.0 (Windows NT 10.0; Win64; x64) AppleWebKit/537.36 (KHTML, like Gecko) Chrome/96.0.4664.45 Safari/537.36"
[2021-12-06T17:10:12.054] [INFO] access - 127.0.0.1 - - "GET /verifyPic HTTP/1.1" 200 4106 "http://localhost:3000/" "Mozilla/5.0 (Windows NT 10.0; Win64; x64) AppleWebKit/537.36 (KHTML, like Gecko) Chrome/96.0.4664.45 Safari/537.36"
[2021-12-06T17:10:12.504] [INFO] access - 127.0.0.1 - - "POST /notice/detail/student HTTP/1.1" 200 563 "http://localhost:3000/" "Mozilla/5.0 (Windows NT 10.0; Win64; x64) AppleWebKit/537.36 (KHTML, like Gecko) Chrome/96.0.4664.45 Safari/537.36"
[2021-12-06T17:10:15.146] [INFO] access - 127.0.0.1 - - "POST /notice/detail/student HTTP/1.1" 200 563 "http://localhost:3000/" "Mozilla/5.0 (Windows NT 10.0; Win64; x64) AppleWebKit/537.36 (KHTML, like Gecko) Chrome/96.0.4664.45 Safari/537.36"
[2021-12-06T17:10:16.076] [INFO] access - 127.0.0.1 - - "POST /student/myProfile HTTP/1.1" 200 - "http://localhost:3000/" "Mozilla/5.0 (Windows NT 10.0; Win64; x64) AppleWebKit/537.36 (KHTML, like Gecko) Chrome/96.0.4664.45 Safari/537.36"
[2021-12-06T17:10:19.477] [INFO] access - 127.0.0.1 - - "POST /student/myProfile HTTP/1.1" 200 - "http://localhost:3000/" "Mozilla/5.0 (Windows NT 10.0; Win64; x64) AppleWebKit/537.36 (KHTML, like Gecko) Chrome/96.0.4664.45 Safari/537.36"
[2021-12-06T17:10:22.125] [INFO] access - 127.0.0.1 - - "GET /verifyPic HTTP/1.1" 200 3978 "http://localhost:3000/" "Mozilla/5.0 (Windows NT 10.0; Win64; x64) AppleWebKit/537.36 (KHTML, like Gecko) Chrome/96.0.4664.45 Safari/537.36"
