[2021-11-26T15:03:18.323] [ERROR] application - TypeError: Cannot read property 'status' of undefined
    at module.exports (D:\rjs_program\summer_homepage\homepage\server\middleware\errorHandler.cjs:11:36)
    at async scheduleLogs (D:\rjs_program\summer_homepage\homepage\server\logger\clear.cjs:54:5)
    at async D:\rjs_program\summer_homepage\homepage\node_modules\koa-log4\koa-logger.js:86:7
[2021-11-26T15:21:51.451] [ERROR] application - TypeError: Cannot read property 'status' of undefined
    at module.exports (D:\rjs_program\summer_homepage\homepage\server\middleware\errorHandler.cjs:11:36)
    at async scheduleLogs (D:\rjs_program\summer_homepage\homepage\server\logger\clear.cjs:54:5)
    at async D:\rjs_program\summer_homepage\homepage\node_modules\koa-log4\koa-logger.js:86:7
[2021-11-26T15:22:53.422] [ERROR] application - TypeError: Cannot read property 'status' of undefined
    at module.exports (D:\rjs_program\summer_homepage\homepage\server\middleware\errorHandler.cjs:11:36)
    at async scheduleLogs (D:\rjs_program\summer_homepage\homepage\server\logger\clear.cjs:54:5)
    at async D:\rjs_program\summer_homepage\homepage\node_modules\koa-log4\koa-logger.js:86:7
[2021-11-26T15:34:29.785] [ERROR] application - TypeError: Cannot read property 'status' of undefined
    at module.exports (D:\rjs_program\summer_homepage\homepage\server\middleware\errorHandler.cjs:11:36)
    at async scheduleLogs (D:\rjs_program\summer_homepage\homepage\server\logger\clear.cjs:54:5)
    at async D:\rjs_program\summer_homepage\homepage\node_modules\koa-log4\koa-logger.js:86:7
[2021-11-26T15:50:02.805] [ERROR] application - TypeError: Cannot read property 'status' of undefined
    at module.exports (D:\rjs_program\summer_homepage\homepage\server\middleware\errorHandler.cjs:11:36)
    at async scheduleLogs (D:\rjs_program\summer_homepage\homepage\server\logger\clear.cjs:54:5)
    at async D:\rjs_program\summer_homepage\homepage\node_modules\koa-log4\koa-logger.js:86:7
[2021-11-26T16:07:55.485] [ERROR] application - TypeError: Cannot read property 'status' of undefined
    at module.exports (D:\rjs_program\summer_homepage\homepage\server\middleware\errorHandler.cjs:11:36)
    at async scheduleLogs (D:\rjs_program\summer_homepage\homepage\server\logger\clear.cjs:54:5)
    at async D:\rjs_program\summer_homepage\homepage\node_modules\koa-log4\koa-logger.js:86:7
[2021-11-26T17:02:20.056] [ERROR] application - TypeError: Cannot read property 'status' of undefined
    at module.exports (D:\rjs_program\summer_homepage\homepage\server\middleware\errorHandler.cjs:11:36)
    at processTicksAndRejections (internal/process/task_queues.js:95:5)
    at async scheduleLogs (D:\rjs_program\summer_homepage\homepage\server\logger\clear.cjs:54:5)
    at async D:\rjs_program\summer_homepage\homepage\node_modules\koa-log4\koa-logger.js:86:7
[2021-11-26T17:03:13.253] [ERROR] application - TypeError: Cannot read property 'status' of undefined
    at module.exports (D:\rjs_program\summer_homepage\homepage\server\middleware\errorHandler.cjs:11:36)
    at processTicksAndRejections (internal/process/task_queues.js:95:5)
    at async scheduleLogs (D:\rjs_program\summer_homepage\homepage\server\logger\clear.cjs:54:5)
    at async D:\rjs_program\summer_homepage\homepage\node_modules\koa-log4\koa-logger.js:86:7
[2021-11-26T17:12:58.671] [ERROR] application - TypeError: Cannot read property 'status' of undefined
    at module.exports (D:\rjs_program\summer_homepage\homepage\server\middleware\errorHandler.cjs:11:36)
    at async scheduleLogs (D:\rjs_program\summer_homepage\homepage\server\logger\clear.cjs:54:5)
    at async D:\rjs_program\summer_homepage\homepage\node_modules\koa-log4\koa-logger.js:86:7
