[2021-11-22T15:42:31.880] [ERROR] application - TypeError: Cannot read property 'status' of undefined
    at module.exports (D:\rjs_program\summer_homepage\homepage\server\middleware\errorHandler.cjs:11:36)
    at async scheduleLogs (D:\rjs_program\summer_homepage\homepage\server\logger\clear.cjs:54:5)
    at async D:\rjs_program\summer_homepage\homepage\node_modules\koa-log4\koa-logger.js:86:7
[2021-11-22T15:42:41.919] [ERROR] application - TypeError: Cannot read property 'status' of undefined
    at module.exports (D:\rjs_program\summer_homepage\homepage\server\middleware\errorHandler.cjs:11:36)
    at async scheduleLogs (D:\rjs_program\summer_homepage\homepage\server\logger\clear.cjs:54:5)
    at async D:\rjs_program\summer_homepage\homepage\node_modules\koa-log4\koa-logger.js:86:7
[2021-11-22T15:42:46.654] [ERROR] application - TypeError: Cannot read property 'status' of undefined
    at module.exports (D:\rjs_program\summer_homepage\homepage\server\middleware\errorHandler.cjs:11:36)
    at async scheduleLogs (D:\rjs_program\summer_homepage\homepage\server\logger\clear.cjs:54:5)
    at async D:\rjs_program\summer_homepage\homepage\node_modules\koa-log4\koa-logger.js:86:7
[2021-11-22T15:43:13.326] [ERROR] application - TypeError: Cannot read property 'status' of undefined
    at module.exports (D:\rjs_program\summer_homepage\homepage\server\middleware\errorHandler.cjs:11:36)
    at async scheduleLogs (D:\rjs_program\summer_homepage\homepage\server\logger\clear.cjs:54:5)
    at async D:\rjs_program\summer_homepage\homepage\node_modules\koa-log4\koa-logger.js:86:7
[2021-11-22T15:47:11.044] [ERROR] application - TypeError: Cannot read property 'status' of undefined
    at module.exports (D:\rjs_program\summer_homepage\homepage\server\middleware\errorHandler.cjs:11:36)
    at async scheduleLogs (D:\rjs_program\summer_homepage\homepage\server\logger\clear.cjs:54:5)
    at async D:\rjs_program\summer_homepage\homepage\node_modules\koa-log4\koa-logger.js:86:7
[2021-11-22T17:20:37.321] [ERROR] application - TypeError: Cannot read property 'status' of undefined
    at module.exports (D:\rjs_program\summer_homepage\homepage\server\middleware\errorHandler.cjs:11:36)
    at async scheduleLogs (D:\rjs_program\summer_homepage\homepage\server\logger\clear.cjs:54:5)
    at async D:\rjs_program\summer_homepage\homepage\node_modules\koa-log4\koa-logger.js:86:7
[2021-11-22T17:20:38.779] [ERROR] application - TypeError: Cannot read property 'status' of undefined
    at module.exports (D:\rjs_program\summer_homepage\homepage\server\middleware\errorHandler.cjs:11:36)
    at async scheduleLogs (D:\rjs_program\summer_homepage\homepage\server\logger\clear.cjs:54:5)
    at async D:\rjs_program\summer_homepage\homepage\node_modules\koa-log4\koa-logger.js:86:7
[2021-11-22T17:20:40.031] [ERROR] application - TypeError: Cannot read property 'status' of undefined
    at module.exports (D:\rjs_program\summer_homepage\homepage\server\middleware\errorHandler.cjs:11:36)
    at async scheduleLogs (D:\rjs_program\summer_homepage\homepage\server\logger\clear.cjs:54:5)
    at async D:\rjs_program\summer_homepage\homepage\node_modules\koa-log4\koa-logger.js:86:7
[2021-11-22T20:52:02.672] [ERROR] application - TypeError: Cannot read property 'status' of undefined
    at module.exports (D:\rjs_program\summer_homepage\homepage\server\middleware\errorHandler.cjs:11:36)
    at processTicksAndRejections (internal/process/task_queues.js:95:5)
    at async scheduleLogs (D:\rjs_program\summer_homepage\homepage\server\logger\clear.cjs:54:5)
    at async D:\rjs_program\summer_homepage\homepage\node_modules\koa-log4\koa-logger.js:86:7
[2021-11-22T20:52:13.288] [ERROR] application - TypeError: Cannot read property 'status' of undefined
    at module.exports (D:\rjs_program\summer_homepage\homepage\server\middleware\errorHandler.cjs:11:36)
    at processTicksAndRejections (internal/process/task_queues.js:95:5)
    at async scheduleLogs (D:\rjs_program\summer_homepage\homepage\server\logger\clear.cjs:54:5)
    at async D:\rjs_program\summer_homepage\homepage\node_modules\koa-log4\koa-logger.js:86:7
[2021-11-22T20:53:44.897] [ERROR] application - TypeError: Cannot read property 'status' of undefined
    at module.exports (D:\rjs_program\summer_homepage\homepage\server\middleware\errorHandler.cjs:11:36)
    at processTicksAndRejections (internal/process/task_queues.js:95:5)
    at async scheduleLogs (D:\rjs_program\summer_homepage\homepage\server\logger\clear.cjs:54:5)
    at async D:\rjs_program\summer_homepage\homepage\node_modules\koa-log4\koa-logger.js:86:7
[2021-11-22T20:53:52.691] [ERROR] application - TypeError: Cannot read property 'status' of undefined
    at module.exports (D:\rjs_program\summer_homepage\homepage\server\middleware\errorHandler.cjs:11:36)
    at processTicksAndRejections (internal/process/task_queues.js:95:5)
    at async scheduleLogs (D:\rjs_program\summer_homepage\homepage\server\logger\clear.cjs:54:5)
    at async D:\rjs_program\summer_homepage\homepage\node_modules\koa-log4\koa-logger.js:86:7
[2021-11-22T20:54:45.877] [ERROR] application - TypeError: Cannot read property 'status' of undefined
    at module.exports (D:\rjs_program\summer_homepage\homepage\server\middleware\errorHandler.cjs:11:36)
    at processTicksAndRejections (internal/process/task_queues.js:95:5)
    at async scheduleLogs (D:\rjs_program\summer_homepage\homepage\server\logger\clear.cjs:54:5)
    at async D:\rjs_program\summer_homepage\homepage\node_modules\koa-log4\koa-logger.js:86:7
