[2021-11-10T09:07:48.486] [ERROR] application - TypeError: Cannot read property 'status' of undefined
    at module.exports (D:\rjs_program\summerall\server\middleware\errorHandler.js:11:36)
    at async scheduleLogs (D:\rjs_program\summerall\server\logger\clear.js:54:5)
    at async D:\rjs_program\summerall\node_modules\koa-log4\koa-logger.js:86:7
[2021-11-10T09:15:24.937] [ERROR] application - TypeError: Cannot read property 'status' of undefined
    at module.exports (D:\rjs_program\summerall\server\middleware\errorHandler.js:11:36)
    at async scheduleLogs (D:\rjs_program\summerall\server\logger\clear.js:54:5)
    at async D:\rjs_program\summerall\node_modules\koa-log4\koa-logger.js:86:7
[2021-11-10T09:17:44.592] [ERROR] application - TypeError: Cannot read property 'status' of undefined
    at module.exports (D:\rjs_program\summerall\server\middleware\errorHandler.js:11:36)
    at processTicksAndRejections (internal/process/task_queues.js:95:5)
    at async scheduleLogs (D:\rjs_program\summerall\server\logger\clear.js:54:5)
    at async D:\rjs_program\summerall\node_modules\koa-log4\koa-logger.js:86:7
[2021-11-10T09:17:52.321] [ERROR] application - TypeError: Cannot read property 'status' of undefined
    at module.exports (D:\rjs_program\summerall\server\middleware\errorHandler.js:11:36)
    at processTicksAndRejections (internal/process/task_queues.js:95:5)
    at async scheduleLogs (D:\rjs_program\summerall\server\logger\clear.js:54:5)
    at async D:\rjs_program\summerall\node_modules\koa-log4\koa-logger.js:86:7
[2021-11-10T09:17:53.276] [ERROR] application - TypeError: Cannot read property 'status' of undefined
    at module.exports (D:\rjs_program\summerall\server\middleware\errorHandler.js:11:36)
    at async scheduleLogs (D:\rjs_program\summerall\server\logger\clear.js:54:5)
    at async D:\rjs_program\summerall\node_modules\koa-log4\koa-logger.js:86:7
[2021-11-10T09:18:03.578] [ERROR] application - TypeError: Cannot read property 'status' of undefined
    at module.exports (D:\rjs_program\summerall\server\middleware\errorHandler.js:11:36)
    at async scheduleLogs (D:\rjs_program\summerall\server\logger\clear.js:54:5)
    at async D:\rjs_program\summerall\node_modules\koa-log4\koa-logger.js:86:7
[2021-11-10T09:19:22.529] [ERROR] application - TypeError: Cannot read property 'status' of undefined
    at module.exports (D:\rjs_program\summerall\server\middleware\errorHandler.js:11:36)
    at async scheduleLogs (D:\rjs_program\summerall\server\logger\clear.js:54:5)
    at async D:\rjs_program\summerall\node_modules\koa-log4\koa-logger.js:86:7
[2021-11-10T09:24:57.296] [ERROR] application - TypeError: Cannot read property 'status' of undefined
    at module.exports (D:\rjs_program\summerall\server\middleware\errorHandler.js:11:36)
    at async scheduleLogs (D:\rjs_program\summerall\server\logger\clear.js:54:5)
    at async D:\rjs_program\summerall\node_modules\koa-log4\koa-logger.js:86:7
[2021-11-10T09:26:13.383] [ERROR] application - TypeError: Cannot read property 'status' of undefined
    at module.exports (D:\rjs_program\summerall\server\middleware\errorHandler.js:11:36)
    at async scheduleLogs (D:\rjs_program\summerall\server\logger\clear.js:54:5)
    at async D:\rjs_program\summerall\node_modules\koa-log4\koa-logger.js:86:7
[2021-11-10T09:26:31.523] [ERROR] application - TypeError: Cannot read property 'status' of undefined
    at module.exports (D:\rjs_program\summerall\server\middleware\errorHandler.js:11:36)
    at async scheduleLogs (D:\rjs_program\summerall\server\logger\clear.js:54:5)
    at async D:\rjs_program\summerall\node_modules\koa-log4\koa-logger.js:86:7
[2021-11-10T09:30:28.938] [ERROR] application - TypeError: Cannot read property 'status' of undefined
    at module.exports (D:\rjs_program\summerall\server\middleware\errorHandler.js:11:36)
    at async scheduleLogs (D:\rjs_program\summerall\server\logger\clear.js:54:5)
    at async D:\rjs_program\summerall\node_modules\koa-log4\koa-logger.js:86:7
[2021-11-10T09:44:08.723] [ERROR] application - TypeError: Cannot read property 'status' of undefined
    at module.exports (D:\rjs_program\summerall\server\middleware\errorHandler.js:11:36)
    at async scheduleLogs (D:\rjs_program\summerall\server\logger\clear.js:54:5)
    at async D:\rjs_program\summerall\node_modules\koa-log4\koa-logger.js:86:7
[2021-11-10T09:48:50.977] [ERROR] application - TypeError: Cannot read property 'status' of undefined
    at module.exports (D:\rjs_program\summerall\server\middleware\errorHandler.js:11:36)
    at async scheduleLogs (D:\rjs_program\summerall\server\logger\clear.js:54:5)
    at async D:\rjs_program\summerall\node_modules\koa-log4\koa-logger.js:86:7
[2021-11-10T09:48:54.883] [ERROR] application - TypeError: Cannot read property 'status' of undefined
    at module.exports (D:\rjs_program\summerall\server\middleware\errorHandler.js:11:36)
    at async scheduleLogs (D:\rjs_program\summerall\server\logger\clear.js:54:5)
    at async D:\rjs_program\summerall\node_modules\koa-log4\koa-logger.js:86:7
[2021-11-10T10:06:19.928] [ERROR] application - TypeError: Cannot read property 'status' of undefined
    at module.exports (D:\rjs_program\summerall\server\middleware\errorHandler.js:11:36)
    at async scheduleLogs (D:\rjs_program\summerall\server\logger\clear.js:54:5)
    at async D:\rjs_program\summerall\node_modules\koa-log4\koa-logger.js:86:7
[2021-11-10T10:07:10.986] [ERROR] application - TypeError: Cannot read property 'status' of undefined
    at module.exports (D:\rjs_program\summerall\server\middleware\errorHandler.js:11:36)
    at async scheduleLogs (D:\rjs_program\summerall\server\logger\clear.js:54:5)
    at async D:\rjs_program\summerall\node_modules\koa-log4\koa-logger.js:86:7
[2021-11-10T10:08:04.133] [ERROR] application - TypeError: Cannot read property 'status' of undefined
    at module.exports (D:\rjs_program\summerall\server\middleware\errorHandler.js:11:36)
    at async scheduleLogs (D:\rjs_program\summerall\server\logger\clear.js:54:5)
    at async D:\rjs_program\summerall\node_modules\koa-log4\koa-logger.js:86:7
[2021-11-10T10:09:07.974] [ERROR] application - TypeError: Cannot read property 'status' of undefined
    at module.exports (D:\rjs_program\summerall\server\middleware\errorHandler.js:11:36)
    at async scheduleLogs (D:\rjs_program\summerall\server\logger\clear.js:54:5)
    at async D:\rjs_program\summerall\node_modules\koa-log4\koa-logger.js:86:7
[2021-11-10T10:12:41.432] [ERROR] application - TypeError: Cannot read property 'status' of undefined
    at module.exports (D:\rjs_program\summerall\server\middleware\errorHandler.js:11:36)
    at async scheduleLogs (D:\rjs_program\summerall\server\logger\clear.js:54:5)
    at async D:\rjs_program\summerall\node_modules\koa-log4\koa-logger.js:86:7
[2021-11-10T10:20:21.769] [ERROR] application - TypeError: Cannot read property 'status' of undefined
    at module.exports (D:\rjs_program\summerall\server\middleware\errorHandler.js:11:36)
    at processTicksAndRejections (internal/process/task_queues.js:95:5)
    at async scheduleLogs (D:\rjs_program\summerall\server\logger\clear.js:54:5)
    at async D:\rjs_program\summerall\node_modules\koa-log4\koa-logger.js:86:7
[2021-11-10T10:57:07.160] [ERROR] application - TypeError: Cannot read property 'status' of undefined
    at module.exports (D:\rjs_program\summerall\server\middleware\errorHandler.js:11:36)
    at async scheduleLogs (D:\rjs_program\summerall\server\logger\clear.js:54:5)
    at async D:\rjs_program\summerall\node_modules\koa-log4\koa-logger.js:86:7
[2021-11-10T10:57:47.980] [ERROR] application - TypeError: Cannot read property 'status' of undefined
    at module.exports (D:\rjs_program\summerall\server\middleware\errorHandler.js:11:36)
    at async scheduleLogs (D:\rjs_program\summerall\server\logger\clear.js:54:5)
    at async D:\rjs_program\summerall\node_modules\koa-log4\koa-logger.js:86:7
[2021-11-10T10:58:42.537] [ERROR] application - TypeError: Cannot read property 'status' of undefined
    at module.exports (D:\rjs_program\summerall\server\middleware\errorHandler.js:11:36)
    at async scheduleLogs (D:\rjs_program\summerall\server\logger\clear.js:54:5)
    at async D:\rjs_program\summerall\node_modules\koa-log4\koa-logger.js:86:7
[2021-11-10T11:06:13.553] [ERROR] application - TypeError: Cannot read property 'status' of undefined
    at module.exports (D:\rjs_program\summerall\server\middleware\errorHandler.js:11:36)
    at async scheduleLogs (D:\rjs_program\summerall\server\logger\clear.js:54:5)
    at async D:\rjs_program\summerall\node_modules\koa-log4\koa-logger.js:86:7
[2021-11-10T11:16:01.580] [ERROR] application - TypeError: Cannot read property 'status' of undefined
    at module.exports (D:\rjs_program\summerall\server\middleware\errorHandler.js:11:36)
    at async scheduleLogs (D:\rjs_program\summerall\server\logger\clear.js:54:5)
    at async D:\rjs_program\summerall\node_modules\koa-log4\koa-logger.js:86:7
[2021-11-10T11:30:17.328] [ERROR] application - TypeError: Cannot read property 'status' of undefined
    at module.exports (D:\rjs_program\summerall\server\middleware\errorHandler.js:11:36)
    at async scheduleLogs (D:\rjs_program\summerall\server\logger\clear.js:54:5)
    at async D:\rjs_program\summerall\node_modules\koa-log4\koa-logger.js:86:7
[2021-11-10T13:17:54.230] [ERROR] application - TypeError: Cannot read property 'status' of undefined
    at module.exports (D:\rjs_program\summerall\server\middleware\errorHandler.js:11:36)
    at runMicrotasks (<anonymous>)
    at processTicksAndRejections (internal/process/task_queues.js:95:5)
    at async scheduleLogs (D:\rjs_program\summerall\server\logger\clear.js:54:5)
    at async D:\rjs_program\summerall\node_modules\koa-log4\koa-logger.js:86:7
[2021-11-10T13:17:56.984] [ERROR] application - TypeError: Cannot read property 'status' of undefined
    at module.exports (D:\rjs_program\summerall\server\middleware\errorHandler.js:11:36)
    at runMicrotasks (<anonymous>)
    at processTicksAndRejections (internal/process/task_queues.js:95:5)
    at async scheduleLogs (D:\rjs_program\summerall\server\logger\clear.js:54:5)
    at async D:\rjs_program\summerall\node_modules\koa-log4\koa-logger.js:86:7
[2021-11-10T13:18:16.627] [ERROR] application - TypeError: Cannot read property 'status' of undefined
    at module.exports (D:\rjs_program\summerall\server\middleware\errorHandler.js:11:36)
    at runMicrotasks (<anonymous>)
    at processTicksAndRejections (internal/process/task_queues.js:95:5)
    at async scheduleLogs (D:\rjs_program\summerall\server\logger\clear.js:54:5)
    at async D:\rjs_program\summerall\node_modules\koa-log4\koa-logger.js:86:7
[2021-11-10T13:18:16.645] [ERROR] application - TypeError: Cannot read property 'status' of undefined
    at module.exports (D:\rjs_program\summerall\server\middleware\errorHandler.js:11:36)
    at runMicrotasks (<anonymous>)
    at processTicksAndRejections (internal/process/task_queues.js:95:5)
    at async scheduleLogs (D:\rjs_program\summerall\server\logger\clear.js:54:5)
    at async D:\rjs_program\summerall\node_modules\koa-log4\koa-logger.js:86:7
[2021-11-10T13:18:16.663] [ERROR] application - TypeError: Cannot read property 'status' of undefined
    at module.exports (D:\rjs_program\summerall\server\middleware\errorHandler.js:11:36)
    at runMicrotasks (<anonymous>)
    at processTicksAndRejections (internal/process/task_queues.js:95:5)
    at async scheduleLogs (D:\rjs_program\summerall\server\logger\clear.js:54:5)
    at async D:\rjs_program\summerall\node_modules\koa-log4\koa-logger.js:86:7
[2021-11-10T13:18:38.425] [ERROR] application - TypeError: Cannot read property 'status' of undefined
    at module.exports (D:\rjs_program\summerall\server\middleware\errorHandler.js:11:36)
    at async scheduleLogs (D:\rjs_program\summerall\server\logger\clear.js:54:5)
    at async D:\rjs_program\summerall\node_modules\koa-log4\koa-logger.js:86:7
[2021-11-10T13:31:23.245] [ERROR] application - TypeError: Cannot read property 'status' of undefined
    at module.exports (D:\rjs_program\summerall\server\middleware\errorHandler.js:11:36)
    at async scheduleLogs (D:\rjs_program\summerall\server\logger\clear.js:54:5)
    at async D:\rjs_program\summerall\node_modules\koa-log4\koa-logger.js:86:7
[2021-11-10T13:35:08.869] [ERROR] application - TypeError: Cannot read property 'status' of undefined
    at module.exports (D:\rjs_program\summerall\server\middleware\errorHandler.js:11:36)
    at async scheduleLogs (D:\rjs_program\summerall\server\logger\clear.js:54:5)
    at async D:\rjs_program\summerall\node_modules\koa-log4\koa-logger.js:86:7
[2021-11-10T13:36:10.600] [ERROR] application - TypeError: Cannot read property 'status' of undefined
    at module.exports (D:\rjs_program\summerall\server\middleware\errorHandler.js:11:36)
    at async scheduleLogs (D:\rjs_program\summerall\server\logger\clear.js:54:5)
    at async D:\rjs_program\summerall\node_modules\koa-log4\koa-logger.js:86:7
[2021-11-10T13:37:23.700] [ERROR] application - TypeError: Cannot read property 'status' of undefined
    at module.exports (D:\rjs_program\summerall\server\middleware\errorHandler.js:11:36)
    at async scheduleLogs (D:\rjs_program\summerall\server\logger\clear.js:54:5)
    at async D:\rjs_program\summerall\node_modules\koa-log4\koa-logger.js:86:7
[2021-11-10T13:57:04.035] [ERROR] application - TypeError: Cannot read property 'status' of undefined
    at module.exports (D:\rjs_program\summerall\server\middleware\errorHandler.js:11:36)
    at async scheduleLogs (D:\rjs_program\summerall\server\logger\clear.js:54:5)
    at async D:\rjs_program\summerall\node_modules\koa-log4\koa-logger.js:86:7
[2021-11-10T13:57:37.191] [ERROR] application - TypeError: Cannot read property 'status' of undefined
    at module.exports (D:\rjs_program\summerall\server\middleware\errorHandler.js:11:36)
    at async scheduleLogs (D:\rjs_program\summerall\server\logger\clear.js:54:5)
    at async D:\rjs_program\summerall\node_modules\koa-log4\koa-logger.js:86:7
[2021-11-10T13:57:54.032] [ERROR] application - TypeError: Cannot read property 'status' of undefined
    at module.exports (D:\rjs_program\summerall\server\middleware\errorHandler.js:11:36)
    at async scheduleLogs (D:\rjs_program\summerall\server\logger\clear.js:54:5)
    at async D:\rjs_program\summerall\node_modules\koa-log4\koa-logger.js:86:7
[2021-11-10T14:03:11.004] [ERROR] application - TypeError: Cannot read property 'status' of undefined
    at module.exports (D:\rjs_program\summerall\server\middleware\errorHandler.js:11:36)
    at async scheduleLogs (D:\rjs_program\summerall\server\logger\clear.js:54:5)
    at async D:\rjs_program\summerall\node_modules\koa-log4\koa-logger.js:86:7
[2021-11-10T14:04:06.645] [ERROR] application - TypeError: Cannot read property 'status' of undefined
    at module.exports (D:\rjs_program\summerall\server\middleware\errorHandler.js:11:36)
    at runMicrotasks (<anonymous>)
    at processTicksAndRejections (internal/process/task_queues.js:95:5)
    at async scheduleLogs (D:\rjs_program\summerall\server\logger\clear.js:54:5)
    at async D:\rjs_program\summerall\node_modules\koa-log4\koa-logger.js:86:7
[2021-11-10T14:04:06.937] [ERROR] application - TypeError: Cannot read property 'status' of undefined
    at module.exports (D:\rjs_program\summerall\server\middleware\errorHandler.js:11:36)
    at runMicrotasks (<anonymous>)
    at processTicksAndRejections (internal/process/task_queues.js:95:5)
    at async scheduleLogs (D:\rjs_program\summerall\server\logger\clear.js:54:5)
    at async D:\rjs_program\summerall\node_modules\koa-log4\koa-logger.js:86:7
[2021-11-10T14:04:07.061] [ERROR] application - TypeError: Cannot read property 'status' of undefined
    at module.exports (D:\rjs_program\summerall\server\middleware\errorHandler.js:11:36)
    at runMicrotasks (<anonymous>)
    at processTicksAndRejections (internal/process/task_queues.js:95:5)
    at async scheduleLogs (D:\rjs_program\summerall\server\logger\clear.js:54:5)
    at async D:\rjs_program\summerall\node_modules\koa-log4\koa-logger.js:86:7
[2021-11-10T14:17:48.432] [ERROR] application - TypeError: Cannot read property 'status' of undefined
    at module.exports (D:\rjs_program\summerall\server\middleware\errorHandler.js:11:36)
    at async scheduleLogs (D:\rjs_program\summerall\server\logger\clear.js:54:5)
    at async D:\rjs_program\summerall\node_modules\koa-log4\koa-logger.js:86:7
[2021-11-10T14:19:00.233] [ERROR] application - TypeError: Cannot read property 'status' of undefined
    at module.exports (D:\rjs_program\summerall\server\middleware\errorHandler.js:11:36)
    at async scheduleLogs (D:\rjs_program\summerall\server\logger\clear.js:54:5)
    at async D:\rjs_program\summerall\node_modules\koa-log4\koa-logger.js:86:7
[2021-11-10T14:30:19.958] [ERROR] application - TypeError: Cannot read property 'status' of undefined
    at module.exports (D:\rjs_program\summerall\server\middleware\errorHandler.js:11:36)
    at async scheduleLogs (D:\rjs_program\summerall\server\logger\clear.js:54:5)
    at async D:\rjs_program\summerall\node_modules\koa-log4\koa-logger.js:86:7
[2021-11-10T14:31:45.658] [ERROR] application - TypeError: Cannot read property 'status' of undefined
    at module.exports (D:\rjs_program\summerall\server\middleware\errorHandler.js:11:36)
    at async scheduleLogs (D:\rjs_program\summerall\server\logger\clear.js:54:5)
    at async D:\rjs_program\summerall\node_modules\koa-log4\koa-logger.js:86:7
[2021-11-10T14:50:25.974] [ERROR] application - TypeError: Cannot read property 'status' of undefined
    at module.exports (D:\rjs_program\summerall\server\middleware\errorHandler.js:11:36)
    at async scheduleLogs (D:\rjs_program\summerall\server\logger\clear.js:54:5)
    at async D:\rjs_program\summerall\node_modules\koa-log4\koa-logger.js:86:7
[2021-11-10T15:42:01.799] [ERROR] application - TypeError: Cannot read property 'status' of undefined
    at module.exports (D:\rjs_program\summerall\server\middleware\errorHandler.js:11:36)
    at processTicksAndRejections (internal/process/task_queues.js:95:5)
    at async scheduleLogs (D:\rjs_program\summerall\server\logger\clear.js:54:5)
    at async D:\rjs_program\summerall\node_modules\koa-log4\koa-logger.js:86:7
[2021-11-10T15:42:01.814] [ERROR] application - TypeError: Cannot read property 'status' of undefined
    at module.exports (D:\rjs_program\summerall\server\middleware\errorHandler.js:11:36)
    at processTicksAndRejections (internal/process/task_queues.js:95:5)
    at async scheduleLogs (D:\rjs_program\summerall\server\logger\clear.js:54:5)
    at async D:\rjs_program\summerall\node_modules\koa-log4\koa-logger.js:86:7
[2021-11-10T15:43:36.106] [ERROR] application - TypeError: Cannot read property 'status' of undefined
    at module.exports (D:\rjs_program\summerall\server\middleware\errorHandler.js:11:36)
    at processTicksAndRejections (internal/process/task_queues.js:95:5)
    at async scheduleLogs (D:\rjs_program\summerall\server\logger\clear.js:54:5)
    at async D:\rjs_program\summerall\node_modules\koa-log4\koa-logger.js:86:7
[2021-11-10T15:43:36.122] [ERROR] application - TypeError: Cannot read property 'status' of undefined
    at module.exports (D:\rjs_program\summerall\server\middleware\errorHandler.js:11:36)
    at processTicksAndRejections (internal/process/task_queues.js:95:5)
    at async scheduleLogs (D:\rjs_program\summerall\server\logger\clear.js:54:5)
    at async D:\rjs_program\summerall\node_modules\koa-log4\koa-logger.js:86:7
[2021-11-10T15:44:54.714] [ERROR] application - TypeError: Cannot read property 'status' of undefined
    at module.exports (D:\rjs_program\summerall\server\middleware\errorHandler.js:11:36)
    at processTicksAndRejections (internal/process/task_queues.js:95:5)
    at async scheduleLogs (D:\rjs_program\summerall\server\logger\clear.js:54:5)
    at async D:\rjs_program\summerall\node_modules\koa-log4\koa-logger.js:86:7
[2021-11-10T15:44:55.674] [ERROR] application - TypeError: Cannot read property 'status' of undefined
    at module.exports (D:\rjs_program\summerall\server\middleware\errorHandler.js:11:36)
    at processTicksAndRejections (internal/process/task_queues.js:95:5)
    at async scheduleLogs (D:\rjs_program\summerall\server\logger\clear.js:54:5)
    at async D:\rjs_program\summerall\node_modules\koa-log4\koa-logger.js:86:7
[2021-11-10T15:47:06.868] [ERROR] application - TypeError: Cannot read property 'status' of undefined
    at module.exports (D:\rjs_program\summerall\server\middleware\errorHandler.js:11:36)
    at processTicksAndRejections (internal/process/task_queues.js:95:5)
    at async scheduleLogs (D:\rjs_program\summerall\server\logger\clear.js:54:5)
    at async D:\rjs_program\summerall\node_modules\koa-log4\koa-logger.js:86:7
[2021-11-10T15:47:42.808] [ERROR] application - TypeError: Cannot read property 'status' of undefined
    at module.exports (D:\rjs_program\summerall\server\middleware\errorHandler.js:11:36)
    at processTicksAndRejections (internal/process/task_queues.js:95:5)
    at async scheduleLogs (D:\rjs_program\summerall\server\logger\clear.js:54:5)
    at async D:\rjs_program\summerall\node_modules\koa-log4\koa-logger.js:86:7
[2021-11-10T15:47:43.760] [ERROR] application - TypeError: Cannot read property 'status' of undefined
    at module.exports (D:\rjs_program\summerall\server\middleware\errorHandler.js:11:36)
    at async scheduleLogs (D:\rjs_program\summerall\server\logger\clear.js:54:5)
    at async D:\rjs_program\summerall\node_modules\koa-log4\koa-logger.js:86:7
[2021-11-10T15:48:22.125] [ERROR] application - TypeError: Cannot read property 'status' of undefined
    at module.exports (D:\rjs_program\summerall\server\middleware\errorHandler.js:11:36)
    at async scheduleLogs (D:\rjs_program\summerall\server\logger\clear.js:54:5)
    at async D:\rjs_program\summerall\node_modules\koa-log4\koa-logger.js:86:7
[2021-11-10T16:06:04.701] [ERROR] application - TypeError: Cannot read property 'status' of undefined
    at module.exports (D:\rjs_program\summerall\server\middleware\errorHandler.js:11:36)
    at async scheduleLogs (D:\rjs_program\summerall\server\logger\clear.js:54:5)
    at async D:\rjs_program\summerall\node_modules\koa-log4\koa-logger.js:86:7
[2021-11-10T16:16:08.967] [ERROR] application - TypeError: Cannot read property 'status' of undefined
    at module.exports (D:\rjs_program\summerall\server\middleware\errorHandler.js:11:36)
    at async scheduleLogs (D:\rjs_program\summerall\server\logger\clear.js:54:5)
    at async D:\rjs_program\summerall\node_modules\koa-log4\koa-logger.js:86:7
[2021-11-10T16:17:00.930] [ERROR] application - TypeError: Cannot read property 'status' of undefined
    at module.exports (D:\rjs_program\summerall\server\middleware\errorHandler.js:11:36)
    at processTicksAndRejections (internal/process/task_queues.js:95:5)
    at async scheduleLogs (D:\rjs_program\summerall\server\logger\clear.js:54:5)
    at async D:\rjs_program\summerall\node_modules\koa-log4\koa-logger.js:86:7
[2021-11-10T16:19:29.945] [ERROR] application - TypeError: Cannot read property 'status' of undefined
    at module.exports (D:\rjs_program\summerall\server\middleware\errorHandler.js:11:36)
    at async scheduleLogs (D:\rjs_program\summerall\server\logger\clear.js:54:5)
    at async D:\rjs_program\summerall\node_modules\koa-log4\koa-logger.js:86:7
[2021-11-10T16:19:35.459] [ERROR] application - TypeError: Cannot read property 'status' of undefined
    at module.exports (D:\rjs_program\summerall\server\middleware\errorHandler.js:11:36)
    at processTicksAndRejections (internal/process/task_queues.js:95:5)
    at async scheduleLogs (D:\rjs_program\summerall\server\logger\clear.js:54:5)
    at async D:\rjs_program\summerall\node_modules\koa-log4\koa-logger.js:86:7
[2021-11-10T16:20:27.774] [ERROR] application - TypeError: Cannot read property 'status' of undefined
    at module.exports (D:\rjs_program\summerall\server\middleware\errorHandler.js:11:36)
    at async scheduleLogs (D:\rjs_program\summerall\server\logger\clear.js:54:5)
    at async D:\rjs_program\summerall\node_modules\koa-log4\koa-logger.js:86:7
[2021-11-10T16:20:33.399] [ERROR] application - TypeError: Cannot read property 'status' of undefined
    at module.exports (D:\rjs_program\summerall\server\middleware\errorHandler.js:11:36)
    at processTicksAndRejections (internal/process/task_queues.js:95:5)
    at async scheduleLogs (D:\rjs_program\summerall\server\logger\clear.js:54:5)
    at async D:\rjs_program\summerall\node_modules\koa-log4\koa-logger.js:86:7
[2021-11-10T16:22:00.637] [ERROR] application - TypeError: Cannot read property 'status' of undefined
    at module.exports (D:\rjs_program\summerall\server\middleware\errorHandler.js:11:36)
    at async scheduleLogs (D:\rjs_program\summerall\server\logger\clear.js:54:5)
    at async D:\rjs_program\summerall\node_modules\koa-log4\koa-logger.js:86:7
[2021-11-10T16:22:05.807] [ERROR] application - TypeError: Cannot read property 'status' of undefined
    at module.exports (D:\rjs_program\summerall\server\middleware\errorHandler.js:11:36)
    at processTicksAndRejections (internal/process/task_queues.js:95:5)
    at async scheduleLogs (D:\rjs_program\summerall\server\logger\clear.js:54:5)
    at async D:\rjs_program\summerall\node_modules\koa-log4\koa-logger.js:86:7
[2021-11-10T16:22:48.246] [ERROR] application - TypeError: Cannot read property 'status' of undefined
    at module.exports (D:\rjs_program\summerall\server\middleware\errorHandler.js:11:36)
    at processTicksAndRejections (internal/process/task_queues.js:95:5)
    at async scheduleLogs (D:\rjs_program\summerall\server\logger\clear.js:54:5)
    at async D:\rjs_program\summerall\node_modules\koa-log4\koa-logger.js:86:7
[2021-11-10T16:23:13.382] [ERROR] application - TypeError: Cannot read property 'status' of undefined
    at module.exports (D:\rjs_program\summerall\server\middleware\errorHandler.js:11:36)
    at processTicksAndRejections (internal/process/task_queues.js:95:5)
    at async scheduleLogs (D:\rjs_program\summerall\server\logger\clear.js:54:5)
    at async D:\rjs_program\summerall\node_modules\koa-log4\koa-logger.js:86:7
[2021-11-10T16:23:27.673] [ERROR] application - TypeError: Cannot read property 'status' of undefined
    at module.exports (D:\rjs_program\summerall\server\middleware\errorHandler.js:11:36)
    at processTicksAndRejections (internal/process/task_queues.js:95:5)
    at async scheduleLogs (D:\rjs_program\summerall\server\logger\clear.js:54:5)
    at async D:\rjs_program\summerall\node_modules\koa-log4\koa-logger.js:86:7
[2021-11-10T16:24:06.961] [ERROR] application - TypeError: Cannot read property 'status' of undefined
    at module.exports (D:\rjs_program\summerall\server\middleware\errorHandler.js:11:36)
    at processTicksAndRejections (internal/process/task_queues.js:95:5)
    at async scheduleLogs (D:\rjs_program\summerall\server\logger\clear.js:54:5)
    at async D:\rjs_program\summerall\node_modules\koa-log4\koa-logger.js:86:7
[2021-11-10T16:24:23.912] [ERROR] application - TypeError: Cannot read property 'status' of undefined
    at module.exports (D:\rjs_program\summerall\server\middleware\errorHandler.js:11:36)
    at async scheduleLogs (D:\rjs_program\summerall\server\logger\clear.js:54:5)
    at async D:\rjs_program\summerall\node_modules\koa-log4\koa-logger.js:86:7
[2021-11-10T16:24:28.675] [ERROR] application - TypeError: Cannot read property 'status' of undefined
    at module.exports (D:\rjs_program\summerall\server\middleware\errorHandler.js:11:36)
    at processTicksAndRejections (internal/process/task_queues.js:95:5)
    at async scheduleLogs (D:\rjs_program\summerall\server\logger\clear.js:54:5)
    at async D:\rjs_program\summerall\node_modules\koa-log4\koa-logger.js:86:7
[2021-11-10T16:25:38.304] [ERROR] application - TypeError: Cannot read property 'status' of undefined
    at module.exports (D:\rjs_program\summerall\server\middleware\errorHandler.js:11:36)
    at async scheduleLogs (D:\rjs_program\summerall\server\logger\clear.js:54:5)
    at async D:\rjs_program\summerall\node_modules\koa-log4\koa-logger.js:86:7
[2021-11-10T16:27:03.501] [ERROR] application - TypeError: Cannot read property 'status' of undefined
    at module.exports (D:\rjs_program\summerall\server\middleware\errorHandler.js:11:36)
    at async scheduleLogs (D:\rjs_program\summerall\server\logger\clear.js:54:5)
    at async D:\rjs_program\summerall\node_modules\koa-log4\koa-logger.js:86:7
[2021-11-10T16:30:50.053] [ERROR] application - TypeError: Cannot read property 'status' of undefined
    at module.exports (D:\rjs_program\summerall\server\middleware\errorHandler.js:11:36)
    at processTicksAndRejections (internal/process/task_queues.js:95:5)
    at async scheduleLogs (D:\rjs_program\summerall\server\logger\clear.js:54:5)
    at async D:\rjs_program\summerall\node_modules\koa-log4\koa-logger.js:86:7
[2021-11-10T16:31:10.709] [ERROR] application - TypeError: Cannot read property 'status' of undefined
    at module.exports (D:\rjs_program\summerall\server\middleware\errorHandler.js:11:36)
    at processTicksAndRejections (internal/process/task_queues.js:95:5)
    at async scheduleLogs (D:\rjs_program\summerall\server\logger\clear.js:54:5)
    at async D:\rjs_program\summerall\node_modules\koa-log4\koa-logger.js:86:7
[2021-11-10T16:31:23.457] [ERROR] application - TypeError: Cannot read property 'status' of undefined
    at module.exports (D:\rjs_program\summerall\server\middleware\errorHandler.js:11:36)
    at async scheduleLogs (D:\rjs_program\summerall\server\logger\clear.js:54:5)
    at async D:\rjs_program\summerall\node_modules\koa-log4\koa-logger.js:86:7
[2021-11-10T16:31:28.558] [ERROR] application - TypeError: Cannot read property 'status' of undefined
    at module.exports (D:\rjs_program\summerall\server\middleware\errorHandler.js:11:36)
    at processTicksAndRejections (internal/process/task_queues.js:95:5)
    at async scheduleLogs (D:\rjs_program\summerall\server\logger\clear.js:54:5)
    at async D:\rjs_program\summerall\node_modules\koa-log4\koa-logger.js:86:7
[2021-11-10T16:35:24.846] [ERROR] application - TypeError: Cannot read property 'status' of undefined
    at module.exports (D:\rjs_program\summerall\server\middleware\errorHandler.js:11:36)
    at async scheduleLogs (D:\rjs_program\summerall\server\logger\clear.js:54:5)
    at async D:\rjs_program\summerall\node_modules\koa-log4\koa-logger.js:86:7
[2021-11-10T16:52:31.491] [ERROR] application - TypeError: Cannot read property 'status' of undefined
    at module.exports (D:\rjs_program\summerall\server\middleware\errorHandler.js:11:36)
    at async scheduleLogs (D:\rjs_program\summerall\server\logger\clear.js:54:5)
    at async D:\rjs_program\summerall\node_modules\koa-log4\koa-logger.js:86:7
[2021-11-10T16:52:36.180] [ERROR] application - TypeError: Cannot read property 'status' of undefined
    at module.exports (D:\rjs_program\summerall\server\middleware\errorHandler.js:11:36)
    at processTicksAndRejections (internal/process/task_queues.js:95:5)
    at async scheduleLogs (D:\rjs_program\summerall\server\logger\clear.js:54:5)
    at async D:\rjs_program\summerall\node_modules\koa-log4\koa-logger.js:86:7
[2021-11-10T16:53:54.381] [ERROR] application - TypeError: Cannot read property 'status' of undefined
    at module.exports (D:\rjs_program\summerall\server\middleware\errorHandler.js:11:36)
    at processTicksAndRejections (internal/process/task_queues.js:95:5)
    at async scheduleLogs (D:\rjs_program\summerall\server\logger\clear.js:54:5)
    at async D:\rjs_program\summerall\node_modules\koa-log4\koa-logger.js:86:7
[2021-11-10T16:53:57.301] [ERROR] application - TypeError: Cannot read property 'status' of undefined
    at module.exports (D:\rjs_program\summerall\server\middleware\errorHandler.js:11:36)
    at async scheduleLogs (D:\rjs_program\summerall\server\logger\clear.js:54:5)
    at async D:\rjs_program\summerall\node_modules\koa-log4\koa-logger.js:86:7
[2021-11-10T16:55:18.966] [ERROR] application - TypeError: Cannot read property 'status' of undefined
    at module.exports (D:\rjs_program\summerall\server\middleware\errorHandler.js:11:36)
    at async scheduleLogs (D:\rjs_program\summerall\server\logger\clear.js:54:5)
    at async D:\rjs_program\summerall\node_modules\koa-log4\koa-logger.js:86:7
[2021-11-10T16:56:13.072] [ERROR] application - TypeError: Cannot read property 'status' of undefined
    at module.exports (D:\rjs_program\summerall\server\middleware\errorHandler.js:11:36)
    at async scheduleLogs (D:\rjs_program\summerall\server\logger\clear.js:54:5)
    at async D:\rjs_program\summerall\node_modules\koa-log4\koa-logger.js:86:7
[2021-11-10T16:56:21.298] [ERROR] application - TypeError: Cannot read property 'status' of undefined
    at module.exports (D:\rjs_program\summerall\server\middleware\errorHandler.js:11:36)
    at async scheduleLogs (D:\rjs_program\summerall\server\logger\clear.js:54:5)
    at async D:\rjs_program\summerall\node_modules\koa-log4\koa-logger.js:86:7
[2021-11-10T16:56:45.378] [ERROR] application - TypeError: Cannot read property 'status' of undefined
    at module.exports (D:\rjs_program\summerall\server\middleware\errorHandler.js:11:36)
    at async scheduleLogs (D:\rjs_program\summerall\server\logger\clear.js:54:5)
    at async D:\rjs_program\summerall\node_modules\koa-log4\koa-logger.js:86:7
[2021-11-10T16:57:29.356] [ERROR] application - TypeError: Cannot read property 'status' of undefined
    at module.exports (D:\rjs_program\summerall\server\middleware\errorHandler.js:11:36)
    at async scheduleLogs (D:\rjs_program\summerall\server\logger\clear.js:54:5)
    at async D:\rjs_program\summerall\node_modules\koa-log4\koa-logger.js:86:7
[2021-11-10T16:57:36.634] [ERROR] application - TypeError: Cannot read property 'status' of undefined
    at module.exports (D:\rjs_program\summerall\server\middleware\errorHandler.js:11:36)
    at async scheduleLogs (D:\rjs_program\summerall\server\logger\clear.js:54:5)
    at async D:\rjs_program\summerall\node_modules\koa-log4\koa-logger.js:86:7
[2021-11-10T16:57:59.165] [ERROR] application - TypeError: Cannot read property 'status' of undefined
    at module.exports (D:\rjs_program\summerall\server\middleware\errorHandler.js:11:36)
    at async scheduleLogs (D:\rjs_program\summerall\server\logger\clear.js:54:5)
    at async D:\rjs_program\summerall\node_modules\koa-log4\koa-logger.js:86:7
[2021-11-10T16:58:06.625] [ERROR] application - TypeError: Cannot read property 'status' of undefined
    at module.exports (D:\rjs_program\summerall\server\middleware\errorHandler.js:11:36)
    at async scheduleLogs (D:\rjs_program\summerall\server\logger\clear.js:54:5)
    at async D:\rjs_program\summerall\node_modules\koa-log4\koa-logger.js:86:7
[2021-11-10T16:58:56.249] [ERROR] application - TypeError: Cannot read property 'status' of undefined
    at module.exports (D:\rjs_program\summerall\server\middleware\errorHandler.js:11:36)
    at async scheduleLogs (D:\rjs_program\summerall\server\logger\clear.js:54:5)
    at async D:\rjs_program\summerall\node_modules\koa-log4\koa-logger.js:86:7
[2021-11-10T17:13:37.947] [ERROR] application - TypeError: Cannot read property 'status' of undefined
    at module.exports (D:\rjs_program\summerall\server\middleware\errorHandler.js:11:36)
    at async scheduleLogs (D:\rjs_program\summerall\server\logger\clear.js:54:5)
    at async D:\rjs_program\summerall\node_modules\koa-log4\koa-logger.js:86:7
[2021-11-10T17:13:52.912] [ERROR] application - TypeError: Cannot read property 'status' of undefined
    at module.exports (D:\rjs_program\summerall\server\middleware\errorHandler.js:11:36)
    at async scheduleLogs (D:\rjs_program\summerall\server\logger\clear.js:54:5)
    at async D:\rjs_program\summerall\node_modules\koa-log4\koa-logger.js:86:7
[2021-11-10T17:14:03.320] [ERROR] application - TypeError: Cannot read property 'status' of undefined
    at module.exports (D:\rjs_program\summerall\server\middleware\errorHandler.js:11:36)
    at async scheduleLogs (D:\rjs_program\summerall\server\logger\clear.js:54:5)
    at async D:\rjs_program\summerall\node_modules\koa-log4\koa-logger.js:86:7
[2021-11-10T17:15:13.527] [ERROR] application - TypeError: Cannot read property 'status' of undefined
    at module.exports (D:\rjs_program\summerall\server\middleware\errorHandler.js:11:36)
    at async scheduleLogs (D:\rjs_program\summerall\server\logger\clear.js:54:5)
    at async D:\rjs_program\summerall\node_modules\koa-log4\koa-logger.js:86:7
[2021-11-10T17:16:44.582] [ERROR] application - TypeError: Cannot read property 'status' of undefined
    at module.exports (D:\rjs_program\summerall\server\middleware\errorHandler.js:11:36)
    at async scheduleLogs (D:\rjs_program\summerall\server\logger\clear.js:54:5)
    at async D:\rjs_program\summerall\node_modules\koa-log4\koa-logger.js:86:7
[2021-11-10T17:16:52.172] [ERROR] application - TypeError: Cannot read property 'status' of undefined
    at module.exports (D:\rjs_program\summerall\server\middleware\errorHandler.js:11:36)
    at async scheduleLogs (D:\rjs_program\summerall\server\logger\clear.js:54:5)
    at async D:\rjs_program\summerall\node_modules\koa-log4\koa-logger.js:86:7
[2021-11-10T17:23:32.123] [ERROR] application - TypeError: Cannot read property 'status' of undefined
    at module.exports (D:\rjs_program\summerall\server\middleware\errorHandler.js:11:36)
    at processTicksAndRejections (internal/process/task_queues.js:95:5)
    at async scheduleLogs (D:\rjs_program\summerall\server\logger\clear.js:54:5)
    at async D:\rjs_program\summerall\node_modules\koa-log4\koa-logger.js:86:7
[2021-11-10T17:23:35.713] [ERROR] application - TypeError: Cannot read property 'status' of undefined
    at module.exports (D:\rjs_program\summerall\server\middleware\errorHandler.js:11:36)
    at async scheduleLogs (D:\rjs_program\summerall\server\logger\clear.js:54:5)
    at async D:\rjs_program\summerall\node_modules\koa-log4\koa-logger.js:86:7
[2021-11-10T17:24:03.846] [ERROR] application - TypeError: Cannot read property 'status' of undefined
    at module.exports (D:\rjs_program\summerall\server\middleware\errorHandler.js:11:36)
    at async scheduleLogs (D:\rjs_program\summerall\server\logger\clear.js:54:5)
    at async D:\rjs_program\summerall\node_modules\koa-log4\koa-logger.js:86:7
[2021-11-10T17:24:08.495] [ERROR] application - TypeError: Cannot read property 'status' of undefined
    at module.exports (D:\rjs_program\summerall\server\middleware\errorHandler.js:11:36)
    at processTicksAndRejections (internal/process/task_queues.js:95:5)
    at async scheduleLogs (D:\rjs_program\summerall\server\logger\clear.js:54:5)
    at async D:\rjs_program\summerall\node_modules\koa-log4\koa-logger.js:86:7
[2021-11-10T17:24:11.496] [ERROR] application - TypeError: Cannot read property 'status' of undefined
    at module.exports (D:\rjs_program\summerall\server\middleware\errorHandler.js:11:36)
    at async scheduleLogs (D:\rjs_program\summerall\server\logger\clear.js:54:5)
    at async D:\rjs_program\summerall\node_modules\koa-log4\koa-logger.js:86:7
[2021-11-10T17:24:59.122] [ERROR] application - TypeError: Cannot read property 'status' of undefined
    at module.exports (D:\rjs_program\summerall\server\middleware\errorHandler.js:11:36)
    at async scheduleLogs (D:\rjs_program\summerall\server\logger\clear.js:54:5)
    at async D:\rjs_program\summerall\node_modules\koa-log4\koa-logger.js:86:7
[2021-11-10T17:25:03.638] [ERROR] application - TypeError: Cannot read property 'status' of undefined
    at module.exports (D:\rjs_program\summerall\server\middleware\errorHandler.js:11:36)
    at processTicksAndRejections (internal/process/task_queues.js:95:5)
    at async scheduleLogs (D:\rjs_program\summerall\server\logger\clear.js:54:5)
    at async D:\rjs_program\summerall\node_modules\koa-log4\koa-logger.js:86:7
[2021-11-10T17:31:30.775] [ERROR] application - TypeError: Cannot read property 'status' of undefined
    at module.exports (D:\rjs_program\summerall\server\middleware\errorHandler.js:11:36)
    at async scheduleLogs (D:\rjs_program\summerall\server\logger\clear.js:54:5)
    at async D:\rjs_program\summerall\node_modules\koa-log4\koa-logger.js:86:7
[2021-11-10T17:31:35.510] [ERROR] application - TypeError: Cannot read property 'status' of undefined
    at module.exports (D:\rjs_program\summerall\server\middleware\errorHandler.js:11:36)
    at processTicksAndRejections (internal/process/task_queues.js:95:5)
    at async scheduleLogs (D:\rjs_program\summerall\server\logger\clear.js:54:5)
    at async D:\rjs_program\summerall\node_modules\koa-log4\koa-logger.js:86:7
[2021-11-10T17:36:56.942] [ERROR] application - TypeError: Cannot read property 'status' of undefined
    at module.exports (D:\rjs_program\summerall\server\middleware\errorHandler.js:11:36)
    at async scheduleLogs (D:\rjs_program\summerall\server\logger\clear.js:54:5)
    at async D:\rjs_program\summerall\node_modules\koa-log4\koa-logger.js:86:7
[2021-11-10T17:37:01.662] [ERROR] application - TypeError: Cannot read property 'status' of undefined
    at module.exports (D:\rjs_program\summerall\server\middleware\errorHandler.js:11:36)
    at processTicksAndRejections (internal/process/task_queues.js:95:5)
    at async scheduleLogs (D:\rjs_program\summerall\server\logger\clear.js:54:5)
    at async D:\rjs_program\summerall\node_modules\koa-log4\koa-logger.js:86:7
[2021-11-10T17:37:04.441] [ERROR] application - TypeError: Cannot read property 'status' of undefined
    at module.exports (D:\rjs_program\summerall\server\middleware\errorHandler.js:11:36)
    at async scheduleLogs (D:\rjs_program\summerall\server\logger\clear.js:54:5)
    at async D:\rjs_program\summerall\node_modules\koa-log4\koa-logger.js:86:7
[2021-11-10T17:37:55.604] [ERROR] application - TypeError: Cannot read property 'status' of undefined
    at module.exports (D:\rjs_program\summerall\server\middleware\errorHandler.js:11:36)
    at async scheduleLogs (D:\rjs_program\summerall\server\logger\clear.js:54:5)
    at async D:\rjs_program\summerall\node_modules\koa-log4\koa-logger.js:86:7
[2021-11-10T17:38:00.355] [ERROR] application - TypeError: Cannot read property 'status' of undefined
    at module.exports (D:\rjs_program\summerall\server\middleware\errorHandler.js:11:36)
    at processTicksAndRejections (internal/process/task_queues.js:95:5)
    at async scheduleLogs (D:\rjs_program\summerall\server\logger\clear.js:54:5)
    at async D:\rjs_program\summerall\node_modules\koa-log4\koa-logger.js:86:7
[2021-11-10T17:38:03.330] [ERROR] application - TypeError: Cannot read property 'status' of undefined
    at module.exports (D:\rjs_program\summerall\server\middleware\errorHandler.js:11:36)
    at async scheduleLogs (D:\rjs_program\summerall\server\logger\clear.js:54:5)
    at async D:\rjs_program\summerall\node_modules\koa-log4\koa-logger.js:86:7
[2021-11-10T17:38:38.044] [ERROR] application - TypeError: Cannot read property 'status' of undefined
    at module.exports (D:\rjs_program\summerall\server\middleware\errorHandler.js:11:36)
    at processTicksAndRejections (internal/process/task_queues.js:95:5)
    at async scheduleLogs (D:\rjs_program\summerall\server\logger\clear.js:54:5)
    at async D:\rjs_program\summerall\node_modules\koa-log4\koa-logger.js:86:7
[2021-11-10T17:38:41.155] [ERROR] application - TypeError: Cannot read property 'status' of undefined
    at module.exports (D:\rjs_program\summerall\server\middleware\errorHandler.js:11:36)
    at async scheduleLogs (D:\rjs_program\summerall\server\logger\clear.js:54:5)
    at async D:\rjs_program\summerall\node_modules\koa-log4\koa-logger.js:86:7
[2021-11-10T17:39:17.856] [ERROR] application - TypeError: Cannot read property 'status' of undefined
    at module.exports (D:\rjs_program\summerall\server\middleware\errorHandler.js:11:36)
    at async scheduleLogs (D:\rjs_program\summerall\server\logger\clear.js:54:5)
    at async D:\rjs_program\summerall\node_modules\koa-log4\koa-logger.js:86:7
[2021-11-10T17:39:26.277] [ERROR] application - TypeError: Cannot read property 'status' of undefined
    at module.exports (D:\rjs_program\summerall\server\middleware\errorHandler.js:11:36)
    at async scheduleLogs (D:\rjs_program\summerall\server\logger\clear.js:54:5)
    at async D:\rjs_program\summerall\node_modules\koa-log4\koa-logger.js:86:7
[2021-11-10T17:40:12.806] [ERROR] application - TypeError: Cannot read property 'status' of undefined
    at module.exports (D:\rjs_program\summerall\server\middleware\errorHandler.js:11:36)
    at async scheduleLogs (D:\rjs_program\summerall\server\logger\clear.js:54:5)
    at async D:\rjs_program\summerall\node_modules\koa-log4\koa-logger.js:86:7
[2021-11-10T19:54:54.156] [ERROR] application - TypeError: Cannot read property 'status' of undefined
    at module.exports (D:\rjs_program\summerall\server\middleware\errorHandler.js:11:36)
    at async scheduleLogs (D:\rjs_program\summerall\server\logger\clear.js:54:5)
    at async D:\rjs_program\summerall\node_modules\koa-log4\koa-logger.js:86:7
[2021-11-10T19:56:01.673] [ERROR] application - TypeError: Cannot read property 'status' of undefined
    at module.exports (D:\rjs_program\summerall\server\middleware\errorHandler.js:11:36)
    at async scheduleLogs (D:\rjs_program\summerall\server\logger\clear.js:54:5)
    at async D:\rjs_program\summerall\node_modules\koa-log4\koa-logger.js:86:7
[2021-11-10T21:16:38.653] [ERROR] application - TypeError: Cannot read property 'status' of undefined
    at module.exports (D:\rjs_program\summerall\server\middleware\errorHandler.js:11:36)
    at async scheduleLogs (D:\rjs_program\summerall\server\logger\clear.js:54:5)
    at async D:\rjs_program\summerall\node_modules\koa-log4\koa-logger.js:86:7
[2021-11-10T21:16:49.045] [ERROR] application - TypeError: Cannot read property 'status' of undefined
    at module.exports (D:\rjs_program\summerall\server\middleware\errorHandler.js:11:36)
    at async scheduleLogs (D:\rjs_program\summerall\server\logger\clear.js:54:5)
    at async D:\rjs_program\summerall\node_modules\koa-log4\koa-logger.js:86:7
[2021-11-10T21:18:20.625] [ERROR] application - TypeError: Cannot read property 'status' of undefined
    at module.exports (D:\rjs_program\summerall\server\middleware\errorHandler.js:11:36)
    at async scheduleLogs (D:\rjs_program\summerall\server\logger\clear.js:54:5)
    at async D:\rjs_program\summerall\node_modules\koa-log4\koa-logger.js:86:7
[2021-11-10T21:18:56.657] [ERROR] application - TypeError: Cannot read property 'status' of undefined
    at module.exports (D:\rjs_program\summerall\server\middleware\errorHandler.js:11:36)
    at async scheduleLogs (D:\rjs_program\summerall\server\logger\clear.js:54:5)
    at async D:\rjs_program\summerall\node_modules\koa-log4\koa-logger.js:86:7
[2021-11-10T21:19:58.446] [ERROR] application - TypeError: Cannot read property 'status' of undefined
    at module.exports (D:\rjs_program\summerall\server\middleware\errorHandler.js:11:36)
    at async scheduleLogs (D:\rjs_program\summerall\server\logger\clear.js:54:5)
    at async D:\rjs_program\summerall\node_modules\koa-log4\koa-logger.js:86:7
[2021-11-10T21:20:37.370] [ERROR] application - TypeError: Cannot read property 'status' of undefined
    at module.exports (D:\rjs_program\summerall\server\middleware\errorHandler.js:11:36)
    at async scheduleLogs (D:\rjs_program\summerall\server\logger\clear.js:54:5)
    at async D:\rjs_program\summerall\node_modules\koa-log4\koa-logger.js:86:7
[2021-11-10T21:23:47.649] [ERROR] application - TypeError: Cannot read property 'status' of undefined
    at module.exports (D:\rjs_program\summerall\server\middleware\errorHandler.js:11:36)
    at async scheduleLogs (D:\rjs_program\summerall\server\logger\clear.js:54:5)
    at async D:\rjs_program\summerall\node_modules\koa-log4\koa-logger.js:86:7
[2021-11-10T21:25:09.422] [ERROR] application - TypeError: Cannot read property 'status' of undefined
    at module.exports (D:\rjs_program\summerall\server\middleware\errorHandler.js:11:36)
    at async scheduleLogs (D:\rjs_program\summerall\server\logger\clear.js:54:5)
    at async D:\rjs_program\summerall\node_modules\koa-log4\koa-logger.js:86:7
[2021-11-10T21:27:20.813] [ERROR] application - TypeError: Cannot read property 'status' of undefined
    at module.exports (D:\rjs_program\summerall\server\middleware\errorHandler.js:11:36)
    at async scheduleLogs (D:\rjs_program\summerall\server\logger\clear.js:54:5)
    at async D:\rjs_program\summerall\node_modules\koa-log4\koa-logger.js:86:7
[2021-11-10T21:30:39.187] [ERROR] application - TypeError: Cannot read property 'status' of undefined
    at module.exports (D:\rjs_program\summerall\server\middleware\errorHandler.js:11:36)
    at async scheduleLogs (D:\rjs_program\summerall\server\logger\clear.js:54:5)
    at async D:\rjs_program\summerall\node_modules\koa-log4\koa-logger.js:86:7
[2021-11-10T21:31:41.518] [ERROR] application - TypeError: Cannot read property 'status' of undefined
    at module.exports (D:\rjs_program\summerall\server\middleware\errorHandler.js:11:36)
    at async scheduleLogs (D:\rjs_program\summerall\server\logger\clear.js:54:5)
    at async D:\rjs_program\summerall\node_modules\koa-log4\koa-logger.js:86:7
[2021-11-10T21:31:56.359] [ERROR] application - TypeError: Cannot read property 'status' of undefined
    at module.exports (D:\rjs_program\summerall\server\middleware\errorHandler.js:11:36)
    at async scheduleLogs (D:\rjs_program\summerall\server\logger\clear.js:54:5)
    at async D:\rjs_program\summerall\node_modules\koa-log4\koa-logger.js:86:7
[2021-11-10T21:32:03.844] [ERROR] application - TypeError: Cannot read property 'status' of undefined
    at module.exports (D:\rjs_program\summerall\server\middleware\errorHandler.js:11:36)
    at async scheduleLogs (D:\rjs_program\summerall\server\logger\clear.js:54:5)
    at async D:\rjs_program\summerall\node_modules\koa-log4\koa-logger.js:86:7
[2021-11-10T21:32:28.590] [ERROR] application - TypeError: Cannot read property 'status' of undefined
    at module.exports (D:\rjs_program\summerall\server\middleware\errorHandler.js:11:36)
    at async scheduleLogs (D:\rjs_program\summerall\server\logger\clear.js:54:5)
    at async D:\rjs_program\summerall\node_modules\koa-log4\koa-logger.js:86:7
[2021-11-10T21:32:35.197] [ERROR] application - TypeError: Cannot read property 'status' of undefined
    at module.exports (D:\rjs_program\summerall\server\middleware\errorHandler.js:11:36)
    at processTicksAndRejections (internal/process/task_queues.js:95:5)
    at async scheduleLogs (D:\rjs_program\summerall\server\logger\clear.js:54:5)
    at async D:\rjs_program\summerall\node_modules\koa-log4\koa-logger.js:86:7
[2021-11-10T21:32:38.610] [ERROR] application - TypeError: Cannot read property 'status' of undefined
    at module.exports (D:\rjs_program\summerall\server\middleware\errorHandler.js:11:36)
    at async scheduleLogs (D:\rjs_program\summerall\server\logger\clear.js:54:5)
    at async D:\rjs_program\summerall\node_modules\koa-log4\koa-logger.js:86:7
[2021-11-10T21:34:29.321] [ERROR] application - TypeError: Cannot read property 'status' of undefined
    at module.exports (D:\rjs_program\summerall\server\middleware\errorHandler.js:11:36)
    at async scheduleLogs (D:\rjs_program\summerall\server\logger\clear.js:54:5)
    at async D:\rjs_program\summerall\node_modules\koa-log4\koa-logger.js:86:7
[2021-11-10T21:34:47.670] [ERROR] application - TypeError: Cannot read property 'status' of undefined
    at module.exports (D:\rjs_program\summerall\server\middleware\errorHandler.js:11:36)
    at processTicksAndRejections (internal/process/task_queues.js:95:5)
    at async scheduleLogs (D:\rjs_program\summerall\server\logger\clear.js:54:5)
    at async D:\rjs_program\summerall\node_modules\koa-log4\koa-logger.js:86:7
[2021-11-10T21:34:50.710] [ERROR] application - TypeError: Cannot read property 'status' of undefined
    at module.exports (D:\rjs_program\summerall\server\middleware\errorHandler.js:11:36)
    at async scheduleLogs (D:\rjs_program\summerall\server\logger\clear.js:54:5)
    at async D:\rjs_program\summerall\node_modules\koa-log4\koa-logger.js:86:7
[2021-11-10T21:45:31.108] [ERROR] application - TypeError: Cannot read property 'status' of undefined
    at module.exports (D:\rjs_program\summerall\server\middleware\errorHandler.js:11:36)
    at processTicksAndRejections (internal/process/task_queues.js:95:5)
    at async scheduleLogs (D:\rjs_program\summerall\server\logger\clear.js:54:5)
    at async D:\rjs_program\summerall\node_modules\koa-log4\koa-logger.js:86:7
[2021-11-10T21:45:34.482] [ERROR] application - TypeError: Cannot read property 'status' of undefined
    at module.exports (D:\rjs_program\summerall\server\middleware\errorHandler.js:11:36)
    at async scheduleLogs (D:\rjs_program\summerall\server\logger\clear.js:54:5)
    at async D:\rjs_program\summerall\node_modules\koa-log4\koa-logger.js:86:7
[2021-11-10T21:50:56.818] [ERROR] application - TypeError: Cannot read property 'status' of undefined
    at module.exports (D:\rjs_program\summerall\server\middleware\errorHandler.js:11:36)
    at processTicksAndRejections (internal/process/task_queues.js:95:5)
    at async scheduleLogs (D:\rjs_program\summerall\server\logger\clear.js:54:5)
    at async D:\rjs_program\summerall\node_modules\koa-log4\koa-logger.js:86:7
[2021-11-10T21:51:00.241] [ERROR] application - TypeError: Cannot read property 'status' of undefined
    at module.exports (D:\rjs_program\summerall\server\middleware\errorHandler.js:11:36)
    at async scheduleLogs (D:\rjs_program\summerall\server\logger\clear.js:54:5)
    at async D:\rjs_program\summerall\node_modules\koa-log4\koa-logger.js:86:7
[2021-11-10T21:55:57.418] [ERROR] application - TypeError: Cannot read property 'status' of undefined
    at module.exports (D:\rjs_program\summerall\server\middleware\errorHandler.js:11:36)
    at async scheduleLogs (D:\rjs_program\summerall\server\logger\clear.js:54:5)
    at async D:\rjs_program\summerall\node_modules\koa-log4\koa-logger.js:86:7
[2021-11-10T21:56:01.308] [ERROR] application - TypeError: Cannot read property 'status' of undefined
    at module.exports (D:\rjs_program\summerall\server\middleware\errorHandler.js:11:36)
    at processTicksAndRejections (internal/process/task_queues.js:95:5)
    at async scheduleLogs (D:\rjs_program\summerall\server\logger\clear.js:54:5)
    at async D:\rjs_program\summerall\node_modules\koa-log4\koa-logger.js:86:7
[2021-11-10T21:56:35.056] [ERROR] application - TypeError: Cannot read property 'status' of undefined
    at module.exports (D:\rjs_program\summerall\server\middleware\errorHandler.js:11:36)
    at processTicksAndRejections (internal/process/task_queues.js:95:5)
    at async scheduleLogs (D:\rjs_program\summerall\server\logger\clear.js:54:5)
    at async D:\rjs_program\summerall\node_modules\koa-log4\koa-logger.js:86:7
[2021-11-10T21:56:38.758] [ERROR] application - TypeError: Cannot read property 'status' of undefined
    at module.exports (D:\rjs_program\summerall\server\middleware\errorHandler.js:11:36)
    at async scheduleLogs (D:\rjs_program\summerall\server\logger\clear.js:54:5)
    at async D:\rjs_program\summerall\node_modules\koa-log4\koa-logger.js:86:7
[2021-11-10T21:56:59.033] [ERROR] application - TypeError: Cannot read property 'status' of undefined
    at module.exports (D:\rjs_program\summerall\server\middleware\errorHandler.js:11:36)
    at processTicksAndRejections (internal/process/task_queues.js:95:5)
    at async scheduleLogs (D:\rjs_program\summerall\server\logger\clear.js:54:5)
    at async D:\rjs_program\summerall\node_modules\koa-log4\koa-logger.js:86:7
[2021-11-10T21:57:03.040] [ERROR] application - TypeError: Cannot read property 'status' of undefined
    at module.exports (D:\rjs_program\summerall\server\middleware\errorHandler.js:11:36)
    at async scheduleLogs (D:\rjs_program\summerall\server\logger\clear.js:54:5)
    at async D:\rjs_program\summerall\node_modules\koa-log4\koa-logger.js:86:7
