[2021-12-07T10:55:04.202] [ERROR] application - TypeError: Cannot read property 'status' of undefined
    at module.exports (D:\rjs_program\summer_homepage\homepage\server\middleware\errorHandler.cjs:11:36)
    at processTicksAndRejections (internal/process/task_queues.js:95:5)
    at async scheduleLogs (D:\rjs_program\summer_homepage\homepage\server\logger\clear.cjs:54:5)
    at async D:\rjs_program\summer_homepage\homepage\node_modules\koa-log4\koa-logger.js:86:7
[2021-12-07T10:55:04.203] [ERROR] application - TypeError: Cannot read property 'status' of undefined
    at module.exports (D:\rjs_program\summer_homepage\homepage\server\middleware\errorHandler.cjs:11:36)
    at processTicksAndRejections (internal/process/task_queues.js:95:5)
    at async scheduleLogs (D:\rjs_program\summer_homepage\homepage\server\logger\clear.cjs:54:5)
    at async D:\rjs_program\summer_homepage\homepage\node_modules\koa-log4\koa-logger.js:86:7
[2021-12-07T13:55:37.089] [ERROR] application - TypeError: Cannot read property 'status' of undefined
    at module.exports (D:\rjs_program\summer_homepage\homepage\server\middleware\errorHandler.cjs:11:36)
    at processTicksAndRejections (internal/process/task_queues.js:95:5)
    at async scheduleLogs (D:\rjs_program\summer_homepage\homepage\server\logger\clear.cjs:54:5)
    at async D:\rjs_program\summer_homepage\homepage\node_modules\koa-log4\koa-logger.js:86:7
[2021-12-07T13:55:51.313] [ERROR] application - TypeError: Cannot read property 'status' of undefined
    at module.exports (D:\rjs_program\summer_homepage\homepage\server\middleware\errorHandler.cjs:11:36)
    at processTicksAndRejections (internal/process/task_queues.js:95:5)
    at async scheduleLogs (D:\rjs_program\summer_homepage\homepage\server\logger\clear.cjs:54:5)
    at async D:\rjs_program\summer_homepage\homepage\node_modules\koa-log4\koa-logger.js:86:7
[2021-12-07T13:56:19.199] [ERROR] application - TypeError: Cannot read property 'status' of undefined
    at module.exports (D:\rjs_program\summer_homepage\homepage\server\middleware\errorHandler.cjs:11:36)
    at processTicksAndRejections (internal/process/task_queues.js:95:5)
    at async scheduleLogs (D:\rjs_program\summer_homepage\homepage\server\logger\clear.cjs:54:5)
    at async D:\rjs_program\summer_homepage\homepage\node_modules\koa-log4\koa-logger.js:86:7
[2021-12-07T13:57:00.490] [ERROR] application - TypeError: Cannot read property 'status' of undefined
    at module.exports (D:\rjs_program\summer_homepage\homepage\server\middleware\errorHandler.cjs:11:36)
    at processTicksAndRejections (internal/process/task_queues.js:95:5)
    at async scheduleLogs (D:\rjs_program\summer_homepage\homepage\server\logger\clear.cjs:54:5)
    at async D:\rjs_program\summer_homepage\homepage\node_modules\koa-log4\koa-logger.js:86:7
[2021-12-07T13:58:19.266] [ERROR] application - TypeError: Cannot read property 'status' of undefined
    at module.exports (D:\rjs_program\summer_homepage\homepage\server\middleware\errorHandler.cjs:11:36)
    at processTicksAndRejections (internal/process/task_queues.js:95:5)
    at async scheduleLogs (D:\rjs_program\summer_homepage\homepage\server\logger\clear.cjs:54:5)
    at async D:\rjs_program\summer_homepage\homepage\node_modules\koa-log4\koa-logger.js:86:7
[2021-12-07T13:58:57.833] [ERROR] application - TypeError: Cannot read property 'status' of undefined
    at module.exports (D:\rjs_program\summer_homepage\homepage\server\middleware\errorHandler.cjs:11:36)
    at processTicksAndRejections (internal/process/task_queues.js:95:5)
    at async scheduleLogs (D:\rjs_program\summer_homepage\homepage\server\logger\clear.cjs:54:5)
    at async D:\rjs_program\summer_homepage\homepage\node_modules\koa-log4\koa-logger.js:86:7
[2021-12-07T13:59:32.377] [ERROR] application - TypeError: Cannot read property 'status' of undefined
    at module.exports (D:\rjs_program\summer_homepage\homepage\server\middleware\errorHandler.cjs:11:36)
    at processTicksAndRejections (internal/process/task_queues.js:95:5)
    at async scheduleLogs (D:\rjs_program\summer_homepage\homepage\server\logger\clear.cjs:54:5)
    at async D:\rjs_program\summer_homepage\homepage\node_modules\koa-log4\koa-logger.js:86:7
[2021-12-07T14:03:34.427] [ERROR] application - TypeError: Cannot read property 'status' of undefined
    at module.exports (D:\rjs_program\summer_homepage\homepage\server\middleware\errorHandler.cjs:11:36)
    at processTicksAndRejections (internal/process/task_queues.js:95:5)
    at async scheduleLogs (D:\rjs_program\summer_homepage\homepage\server\logger\clear.cjs:54:5)
    at async D:\rjs_program\summer_homepage\homepage\node_modules\koa-log4\koa-logger.js:86:7
