[2021-11-02T10:05:46.364] [ERROR] application - TypeError: Cannot read property 'status' of undefined
    at module.exports (D:\rjs_program\summerall\server\middleware\errorHandler.js:11:36)
    at processTicksAndRejections (internal/process/task_queues.js:95:5)
    at async scheduleLogs (D:\rjs_program\summerall\server\logger\clear.js:54:5)
    at async D:\rjs_program\summerall\node_modules\koa-log4\koa-logger.js:86:7
[2021-11-02T10:05:46.383] [ERROR] application - TypeError: Cannot read property 'status' of undefined
    at module.exports (D:\rjs_program\summerall\server\middleware\errorHandler.js:11:36)
    at processTicksAndRejections (internal/process/task_queues.js:95:5)
    at async scheduleLogs (D:\rjs_program\summerall\server\logger\clear.js:54:5)
    at async D:\rjs_program\summerall\node_modules\koa-log4\koa-logger.js:86:7
[2021-11-02T10:23:35.375] [ERROR] application - TypeError: Cannot read property 'status' of undefined
    at module.exports (D:\rjs_program\summerall\server\middleware\errorHandler.js:11:36)
    at processTicksAndRejections (internal/process/task_queues.js:95:5)
    at async scheduleLogs (D:\rjs_program\summerall\server\logger\clear.js:54:5)
    at async D:\rjs_program\summerall\node_modules\koa-log4\koa-logger.js:86:7
[2021-11-02T13:41:42.869] [ERROR] application - TypeError: Cannot read property 'status' of undefined
    at module.exports (D:\rjs_program\summerall\server\middleware\errorHandler.js:11:36)
    at processTicksAndRejections (internal/process/task_queues.js:95:5)
    at async scheduleLogs (D:\rjs_program\summerall\server\logger\clear.js:54:5)
    at async D:\rjs_program\summerall\node_modules\koa-log4\koa-logger.js:86:7
[2021-11-02T13:47:28.286] [ERROR] application - TypeError: Cannot read property 'status' of undefined
    at module.exports (D:\rjs_program\summerall\server\middleware\errorHandler.js:11:36)
    at processTicksAndRejections (internal/process/task_queues.js:95:5)
    at async scheduleLogs (D:\rjs_program\summerall\server\logger\clear.js:54:5)
    at async D:\rjs_program\summerall\node_modules\koa-log4\koa-logger.js:86:7
[2021-11-02T13:48:36.181] [ERROR] application - TypeError: Cannot read property 'status' of undefined
    at module.exports (D:\rjs_program\summerall\server\middleware\errorHandler.js:11:36)
    at processTicksAndRejections (internal/process/task_queues.js:95:5)
    at async scheduleLogs (D:\rjs_program\summerall\server\logger\clear.js:54:5)
    at async D:\rjs_program\summerall\node_modules\koa-log4\koa-logger.js:86:7
[2021-11-02T13:49:16.702] [ERROR] application - TypeError: Cannot read property 'status' of undefined
    at module.exports (D:\rjs_program\summerall\server\middleware\errorHandler.js:11:36)
    at processTicksAndRejections (internal/process/task_queues.js:95:5)
    at async scheduleLogs (D:\rjs_program\summerall\server\logger\clear.js:54:5)
    at async D:\rjs_program\summerall\node_modules\koa-log4\koa-logger.js:86:7
[2021-11-02T14:20:34.443] [ERROR] application - TypeError: Cannot read property 'status' of undefined
    at module.exports (D:\rjs_program\summerall\server\middleware\errorHandler.js:11:36)
    at processTicksAndRejections (internal/process/task_queues.js:95:5)
    at async scheduleLogs (D:\rjs_program\summerall\server\logger\clear.js:54:5)
    at async D:\rjs_program\summerall\node_modules\koa-log4\koa-logger.js:86:7
[2021-11-02T14:21:07.231] [ERROR] application - TypeError: Cannot read property 'status' of undefined
    at module.exports (D:\rjs_program\summerall\server\middleware\errorHandler.js:11:36)
    at processTicksAndRejections (internal/process/task_queues.js:95:5)
    at async scheduleLogs (D:\rjs_program\summerall\server\logger\clear.js:54:5)
    at async D:\rjs_program\summerall\node_modules\koa-log4\koa-logger.js:86:7
[2021-11-02T14:22:16.690] [ERROR] application - TypeError: Cannot read property 'status' of undefined
    at module.exports (D:\rjs_program\summerall\server\middleware\errorHandler.js:11:36)
    at processTicksAndRejections (internal/process/task_queues.js:95:5)
    at async scheduleLogs (D:\rjs_program\summerall\server\logger\clear.js:54:5)
    at async D:\rjs_program\summerall\node_modules\koa-log4\koa-logger.js:86:7
[2021-11-02T14:24:59.597] [ERROR] application - TypeError: Cannot read property 'status' of undefined
    at module.exports (D:\rjs_program\summerall\server\middleware\errorHandler.js:11:36)
    at async scheduleLogs (D:\rjs_program\summerall\server\logger\clear.js:54:5)
    at async D:\rjs_program\summerall\node_modules\koa-log4\koa-logger.js:86:7
[2021-11-02T14:25:58.848] [ERROR] application - TypeError: Cannot read property 'status' of undefined
    at module.exports (D:\rjs_program\summerall\server\middleware\errorHandler.js:11:36)
    at async scheduleLogs (D:\rjs_program\summerall\server\logger\clear.js:54:5)
    at async D:\rjs_program\summerall\node_modules\koa-log4\koa-logger.js:86:7
[2021-11-02T14:26:32.411] [ERROR] application - TypeError: Cannot read property 'status' of undefined
    at module.exports (D:\rjs_program\summerall\server\middleware\errorHandler.js:11:36)
    at async scheduleLogs (D:\rjs_program\summerall\server\logger\clear.js:54:5)
    at async D:\rjs_program\summerall\node_modules\koa-log4\koa-logger.js:86:7
[2021-11-02T14:33:06.618] [ERROR] application - TypeError: Cannot read property 'status' of undefined
    at module.exports (D:\rjs_program\summerall\server\middleware\errorHandler.js:11:36)
    at processTicksAndRejections (internal/process/task_queues.js:95:5)
    at async scheduleLogs (D:\rjs_program\summerall\server\logger\clear.js:54:5)
    at async D:\rjs_program\summerall\node_modules\koa-log4\koa-logger.js:86:7
[2021-11-02T14:46:25.463] [ERROR] application - TypeError: Cannot read property 'status' of undefined
    at module.exports (D:\rjs_program\summerall\server\middleware\errorHandler.js:11:36)
    at async scheduleLogs (D:\rjs_program\summerall\server\logger\clear.js:54:5)
    at async D:\rjs_program\summerall\node_modules\koa-log4\koa-logger.js:86:7
[2021-11-02T14:49:00.030] [ERROR] application - TypeError: Cannot read property 'status' of undefined
    at module.exports (D:\rjs_program\summerall\server\middleware\errorHandler.js:11:36)
    at async scheduleLogs (D:\rjs_program\summerall\server\logger\clear.js:54:5)
    at async D:\rjs_program\summerall\node_modules\koa-log4\koa-logger.js:86:7
