[2021-11-30T09:10:38.411] [ERROR] application - TypeError: Cannot read property 'status' of undefined
    at module.exports (D:\rjs_program\summer_homepage\homepage\server\middleware\errorHandler.cjs:11:36)
    at processTicksAndRejections (internal/process/task_queues.js:95:5)
    at async scheduleLogs (D:\rjs_program\summer_homepage\homepage\server\logger\clear.cjs:54:5)
    at async D:\rjs_program\summer_homepage\homepage\node_modules\koa-log4\koa-logger.js:86:7
[2021-11-30T09:10:44.279] [ERROR] application - TypeError: Cannot read property 'status' of undefined
    at module.exports (D:\rjs_program\summer_homepage\homepage\server\middleware\errorHandler.cjs:11:36)
    at processTicksAndRejections (internal/process/task_queues.js:95:5)
    at async scheduleLogs (D:\rjs_program\summer_homepage\homepage\server\logger\clear.cjs:54:5)
    at async D:\rjs_program\summer_homepage\homepage\node_modules\koa-log4\koa-logger.js:86:7
[2021-11-30T09:10:44.341] [ERROR] application - TypeError: Cannot read property 'status' of undefined
    at module.exports (D:\rjs_program\summer_homepage\homepage\server\middleware\errorHandler.cjs:11:36)
    at processTicksAndRejections (internal/process/task_queues.js:95:5)
    at async scheduleLogs (D:\rjs_program\summer_homepage\homepage\server\logger\clear.cjs:54:5)
    at async D:\rjs_program\summer_homepage\homepage\node_modules\koa-log4\koa-logger.js:86:7
[2021-11-30T09:11:17.531] [ERROR] application - TypeError: Cannot read property 'status' of undefined
    at module.exports (D:\rjs_program\summer_homepage\homepage\server\middleware\errorHandler.cjs:11:36)
    at processTicksAndRejections (internal/process/task_queues.js:95:5)
    at async scheduleLogs (D:\rjs_program\summer_homepage\homepage\server\logger\clear.cjs:54:5)
    at async D:\rjs_program\summer_homepage\homepage\node_modules\koa-log4\koa-logger.js:86:7
[2021-11-30T09:11:17.592] [ERROR] application - TypeError: Cannot read property 'status' of undefined
    at module.exports (D:\rjs_program\summer_homepage\homepage\server\middleware\errorHandler.cjs:11:36)
    at processTicksAndRejections (internal/process/task_queues.js:95:5)
    at async scheduleLogs (D:\rjs_program\summer_homepage\homepage\server\logger\clear.cjs:54:5)
    at async D:\rjs_program\summer_homepage\homepage\node_modules\koa-log4\koa-logger.js:86:7
[2021-11-30T09:11:41.481] [ERROR] application - TypeError: Cannot read property 'status' of undefined
    at module.exports (D:\rjs_program\summer_homepage\homepage\server\middleware\errorHandler.cjs:11:36)
    at processTicksAndRejections (internal/process/task_queues.js:95:5)
    at async scheduleLogs (D:\rjs_program\summer_homepage\homepage\server\logger\clear.cjs:54:5)
    at async D:\rjs_program\summer_homepage\homepage\node_modules\koa-log4\koa-logger.js:86:7
[2021-11-30T09:11:41.541] [ERROR] application - TypeError: Cannot read property 'status' of undefined
    at module.exports (D:\rjs_program\summer_homepage\homepage\server\middleware\errorHandler.cjs:11:36)
    at processTicksAndRejections (internal/process/task_queues.js:95:5)
    at async scheduleLogs (D:\rjs_program\summer_homepage\homepage\server\logger\clear.cjs:54:5)
    at async D:\rjs_program\summer_homepage\homepage\node_modules\koa-log4\koa-logger.js:86:7
[2021-11-30T14:31:48.671] [ERROR] application - TypeError: Cannot read property 'status' of undefined
    at module.exports (D:\rjs_program\summer_homepage\homepage\server\middleware\errorHandler.cjs:11:36)
    at processTicksAndRejections (internal/process/task_queues.js:95:5)
    at async scheduleLogs (D:\rjs_program\summer_homepage\homepage\server\logger\clear.cjs:54:5)
    at async D:\rjs_program\summer_homepage\homepage\node_modules\koa-log4\koa-logger.js:86:7
[2021-11-30T17:20:18.779] [ERROR] application - TypeError: Cannot read property 'status' of undefined
    at module.exports (D:\rjs_program\summer_homepage\homepage\server\middleware\errorHandler.cjs:11:36)
    at async scheduleLogs (D:\rjs_program\summer_homepage\homepage\server\logger\clear.cjs:54:5)
    at async D:\rjs_program\summer_homepage\homepage\node_modules\koa-log4\koa-logger.js:86:7
[2021-11-30T17:20:19.656] [ERROR] application - TypeError: Cannot read property 'status' of undefined
    at module.exports (D:\rjs_program\summer_homepage\homepage\server\middleware\errorHandler.cjs:11:36)
    at async scheduleLogs (D:\rjs_program\summer_homepage\homepage\server\logger\clear.cjs:54:5)
    at async D:\rjs_program\summer_homepage\homepage\node_modules\koa-log4\koa-logger.js:86:7
[2021-11-30T17:25:02.253] [ERROR] application - TypeError: Cannot read property 'status' of undefined
    at module.exports (D:\rjs_program\summer_homepage\homepage\server\middleware\errorHandler.cjs:11:36)
    at async scheduleLogs (D:\rjs_program\summer_homepage\homepage\server\logger\clear.cjs:54:5)
    at async D:\rjs_program\summer_homepage\homepage\node_modules\koa-log4\koa-logger.js:86:7
[2021-11-30T19:30:25.524] [ERROR] application - TypeError: Cannot read property 'status' of undefined
    at module.exports (D:\rjs_program\summer_homepage\homepage\server\middleware\errorHandler.cjs:11:36)
    at processTicksAndRejections (internal/process/task_queues.js:95:5)
    at async scheduleLogs (D:\rjs_program\summer_homepage\homepage\server\logger\clear.cjs:54:5)
    at async D:\rjs_program\summer_homepage\homepage\node_modules\koa-log4\koa-logger.js:86:7 {
  headerSent: true
}
[2021-11-30T19:30:39.773] [ERROR] application - TypeError: Cannot read property 'status' of undefined
    at module.exports (D:\rjs_program\summer_homepage\homepage\server\middleware\errorHandler.cjs:11:36)
    at processTicksAndRejections (internal/process/task_queues.js:95:5)
    at async scheduleLogs (D:\rjs_program\summer_homepage\homepage\server\logger\clear.cjs:54:5)
    at async D:\rjs_program\summer_homepage\homepage\node_modules\koa-log4\koa-logger.js:86:7 {
  headerSent: true
}
