[2021-11-12T10:34:41.587] [ERROR] application - TypeError: Cannot read property 'status' of undefined
    at module.exports (D:\rjs_program\summerall\server\middleware\errorHandler.js:11:36)
    at async scheduleLogs (D:\rjs_program\summerall\server\logger\clear.js:54:5)
    at async D:\rjs_program\summerall\node_modules\koa-log4\koa-logger.js:86:7
[2021-11-12T13:30:43.465] [ERROR] application - TypeError: Cannot read property 'status' of undefined
    at module.exports (D:\rjs_program\summerall\server\middleware\errorHandler.js:11:36)
    at async scheduleLogs (D:\rjs_program\summerall\server\logger\clear.js:54:5)
    at async D:\rjs_program\summerall\node_modules\koa-log4\koa-logger.js:86:7
[2021-11-12T13:30:55.400] [ERROR] application - TypeError: Cannot read property 'status' of undefined
    at module.exports (D:\rjs_program\summerall\server\middleware\errorHandler.js:11:36)
    at async scheduleLogs (D:\rjs_program\summerall\server\logger\clear.js:54:5)
    at async D:\rjs_program\summerall\node_modules\koa-log4\koa-logger.js:86:7
[2021-11-12T13:32:05.653] [ERROR] application - TypeError: Cannot read property 'status' of undefined
    at module.exports (D:\rjs_program\summerall\server\middleware\errorHandler.js:11:36)
    at async scheduleLogs (D:\rjs_program\summerall\server\logger\clear.js:54:5)
    at async D:\rjs_program\summerall\node_modules\koa-log4\koa-logger.js:86:7
[2021-11-12T13:33:20.158] [ERROR] application - TypeError: Cannot read property 'status' of undefined
    at module.exports (D:\rjs_program\summerall\server\middleware\errorHandler.js:11:36)
    at async scheduleLogs (D:\rjs_program\summerall\server\logger\clear.js:54:5)
    at async D:\rjs_program\summerall\node_modules\koa-log4\koa-logger.js:86:7
[2021-11-12T13:33:35.419] [ERROR] application - TypeError: Cannot read property 'status' of undefined
    at module.exports (D:\rjs_program\summerall\server\middleware\errorHandler.js:11:36)
    at async scheduleLogs (D:\rjs_program\summerall\server\logger\clear.js:54:5)
    at async D:\rjs_program\summerall\node_modules\koa-log4\koa-logger.js:86:7
[2021-11-12T14:15:33.559] [ERROR] application - TypeError: Cannot read property 'status' of undefined
    at module.exports (D:\rjs_program\summerall\server\middleware\errorHandler.js:11:36)
    at async scheduleLogs (D:\rjs_program\summerall\server\logger\clear.js:54:5)
    at async D:\rjs_program\summerall\node_modules\koa-log4\koa-logger.js:86:7
[2021-11-12T14:31:30.337] [ERROR] application - TypeError: Cannot read property 'status' of undefined
    at module.exports (D:\rjs_program\summerall\server\middleware\errorHandler.js:11:36)
    at async scheduleLogs (D:\rjs_program\summerall\server\logger\clear.js:54:5)
    at async D:\rjs_program\summerall\node_modules\koa-log4\koa-logger.js:86:7
[2021-11-12T14:32:52.409] [ERROR] application - TypeError: Cannot read property 'status' of undefined
    at module.exports (D:\rjs_program\summerall\server\middleware\errorHandler.js:11:36)
    at async scheduleLogs (D:\rjs_program\summerall\server\logger\clear.js:54:5)
    at async D:\rjs_program\summerall\node_modules\koa-log4\koa-logger.js:86:7
[2021-11-12T14:33:29.414] [ERROR] application - TypeError: Cannot read property 'status' of undefined
    at module.exports (D:\rjs_program\summerall\server\middleware\errorHandler.js:11:36)
    at async scheduleLogs (D:\rjs_program\summerall\server\logger\clear.js:54:5)
    at async D:\rjs_program\summerall\node_modules\koa-log4\koa-logger.js:86:7
[2021-11-12T14:33:59.963] [ERROR] application - TypeError: Cannot read property 'status' of undefined
    at module.exports (D:\rjs_program\summerall\server\middleware\errorHandler.js:11:36)
    at async scheduleLogs (D:\rjs_program\summerall\server\logger\clear.js:54:5)
    at async D:\rjs_program\summerall\node_modules\koa-log4\koa-logger.js:86:7
[2021-11-12T14:53:25.300] [ERROR] application - TypeError: Cannot read property 'status' of undefined
    at module.exports (D:\rjs_program\summerall\server\middleware\errorHandler.js:11:36)
    at async scheduleLogs (D:\rjs_program\summerall\server\logger\clear.js:54:5)
    at async D:\rjs_program\summerall\node_modules\koa-log4\koa-logger.js:86:7
[2021-11-12T14:56:27.694] [ERROR] application - TypeError: Cannot read property 'status' of undefined
    at module.exports (D:\rjs_program\summerall\server\middleware\errorHandler.js:11:36)
    at async scheduleLogs (D:\rjs_program\summerall\server\logger\clear.js:54:5)
    at async D:\rjs_program\summerall\node_modules\koa-log4\koa-logger.js:86:7
[2021-11-12T14:57:06.655] [ERROR] application - TypeError: Cannot read property 'status' of undefined
    at module.exports (D:\rjs_program\summerall\server\middleware\errorHandler.js:11:36)
    at async scheduleLogs (D:\rjs_program\summerall\server\logger\clear.js:54:5)
    at async D:\rjs_program\summerall\node_modules\koa-log4\koa-logger.js:86:7
[2021-11-12T15:07:04.801] [ERROR] application - TypeError: Cannot read property 'status' of undefined
    at module.exports (D:\rjs_program\summerall\server\middleware\errorHandler.js:11:36)
    at async scheduleLogs (D:\rjs_program\summerall\server\logger\clear.js:54:5)
    at async D:\rjs_program\summerall\node_modules\koa-log4\koa-logger.js:86:7
[2021-11-12T15:08:12.933] [ERROR] application - TypeError: Cannot read property 'status' of undefined
    at module.exports (D:\rjs_program\summerall\server\middleware\errorHandler.js:11:36)
    at async scheduleLogs (D:\rjs_program\summerall\server\logger\clear.js:54:5)
    at async D:\rjs_program\summerall\node_modules\koa-log4\koa-logger.js:86:7
[2021-11-12T15:09:05.500] [ERROR] application - TypeError: Cannot read property 'status' of undefined
    at module.exports (D:\rjs_program\summerall\server\middleware\errorHandler.js:11:36)
    at async scheduleLogs (D:\rjs_program\summerall\server\logger\clear.js:54:5)
    at async D:\rjs_program\summerall\node_modules\koa-log4\koa-logger.js:86:7
[2021-11-12T15:09:48.360] [ERROR] application - TypeError: Cannot read property 'status' of undefined
    at module.exports (D:\rjs_program\summerall\server\middleware\errorHandler.js:11:36)
    at async scheduleLogs (D:\rjs_program\summerall\server\logger\clear.js:54:5)
    at async D:\rjs_program\summerall\node_modules\koa-log4\koa-logger.js:86:7
[2021-11-12T15:10:08.421] [ERROR] application - TypeError: Cannot read property 'status' of undefined
    at module.exports (D:\rjs_program\summerall\server\middleware\errorHandler.js:11:36)
    at async scheduleLogs (D:\rjs_program\summerall\server\logger\clear.js:54:5)
    at async D:\rjs_program\summerall\node_modules\koa-log4\koa-logger.js:86:7
[2021-11-12T15:11:21.625] [ERROR] application - TypeError: Cannot read property 'status' of undefined
    at module.exports (D:\rjs_program\summerall\server\middleware\errorHandler.js:11:36)
    at async scheduleLogs (D:\rjs_program\summerall\server\logger\clear.js:54:5)
    at async D:\rjs_program\summerall\node_modules\koa-log4\koa-logger.js:86:7
[2021-11-12T16:05:42.304] [ERROR] application - TypeError: Cannot read property 'status' of undefined
    at module.exports (D:\rjs_program\summerall\server\middleware\errorHandler.js:11:36)
    at async scheduleLogs (D:\rjs_program\summerall\server\logger\clear.js:54:5)
    at async D:\rjs_program\summerall\node_modules\koa-log4\koa-logger.js:86:7
[2021-11-12T16:06:08.059] [ERROR] application - TypeError: Cannot read property 'status' of undefined
    at module.exports (D:\rjs_program\summerall\server\middleware\errorHandler.js:11:36)
    at async scheduleLogs (D:\rjs_program\summerall\server\logger\clear.js:54:5)
    at async D:\rjs_program\summerall\node_modules\koa-log4\koa-logger.js:86:7
[2021-11-12T16:10:42.558] [ERROR] application - TypeError: Cannot read property 'status' of undefined
    at module.exports (D:\rjs_program\summerall\server\middleware\errorHandler.js:11:36)
    at async scheduleLogs (D:\rjs_program\summerall\server\logger\clear.js:54:5)
    at async D:\rjs_program\summerall\node_modules\koa-log4\koa-logger.js:86:7
[2021-11-12T16:13:02.254] [ERROR] application - TypeError: Cannot read property 'status' of undefined
    at module.exports (D:\rjs_program\summerall\server\middleware\errorHandler.js:11:36)
    at async scheduleLogs (D:\rjs_program\summerall\server\logger\clear.js:54:5)
    at async D:\rjs_program\summerall\node_modules\koa-log4\koa-logger.js:86:7
[2021-11-12T16:16:51.680] [ERROR] application - TypeError: Cannot read property 'status' of undefined
    at module.exports (D:\rjs_program\summerall\server\middleware\errorHandler.js:11:36)
    at processTicksAndRejections (internal/process/task_queues.js:95:5)
    at async scheduleLogs (D:\rjs_program\summerall\server\logger\clear.js:54:5)
    at async D:\rjs_program\summerall\node_modules\koa-log4\koa-logger.js:86:7
[2021-11-12T16:16:53.364] [ERROR] application - TypeError: Cannot read property 'status' of undefined
    at module.exports (D:\rjs_program\summerall\server\middleware\errorHandler.js:11:36)
    at processTicksAndRejections (internal/process/task_queues.js:95:5)
    at async scheduleLogs (D:\rjs_program\summerall\server\logger\clear.js:54:5)
    at async D:\rjs_program\summerall\node_modules\koa-log4\koa-logger.js:86:7
[2021-11-12T16:16:56.244] [ERROR] application - TypeError: Cannot read property 'status' of undefined
    at module.exports (D:\rjs_program\summerall\server\middleware\errorHandler.js:11:36)
    at processTicksAndRejections (internal/process/task_queues.js:95:5)
    at async scheduleLogs (D:\rjs_program\summerall\server\logger\clear.js:54:5)
    at async D:\rjs_program\summerall\node_modules\koa-log4\koa-logger.js:86:7
[2021-11-12T16:16:58.869] [ERROR] application - TypeError: Cannot read property 'status' of undefined
    at module.exports (D:\rjs_program\summerall\server\middleware\errorHandler.js:11:36)
    at processTicksAndRejections (internal/process/task_queues.js:95:5)
    at async scheduleLogs (D:\rjs_program\summerall\server\logger\clear.js:54:5)
    at async D:\rjs_program\summerall\node_modules\koa-log4\koa-logger.js:86:7
[2021-11-12T16:17:01.801] [ERROR] application - TypeError: Cannot read property 'status' of undefined
    at module.exports (D:\rjs_program\summerall\server\middleware\errorHandler.js:11:36)
    at processTicksAndRejections (internal/process/task_queues.js:95:5)
    at async scheduleLogs (D:\rjs_program\summerall\server\logger\clear.js:54:5)
    at async D:\rjs_program\summerall\node_modules\koa-log4\koa-logger.js:86:7
[2021-11-12T16:34:59.309] [ERROR] application - TypeError: Cannot read property 'status' of undefined
    at module.exports (D:\rjs_program\summerall\server\middleware\errorHandler.js:11:36)
    at async scheduleLogs (D:\rjs_program\summerall\server\logger\clear.js:54:5)
    at async D:\rjs_program\summerall\node_modules\koa-log4\koa-logger.js:86:7
[2021-11-12T16:37:16.180] [ERROR] application - TypeError: Cannot read property 'status' of undefined
    at module.exports (D:\rjs_program\summerall\server\middleware\errorHandler.js:11:36)
    at async scheduleLogs (D:\rjs_program\summerall\server\logger\clear.js:54:5)
    at async D:\rjs_program\summerall\node_modules\koa-log4\koa-logger.js:86:7
[2021-11-12T16:40:12.374] [ERROR] application - TypeError: Cannot read property 'status' of undefined
    at module.exports (D:\rjs_program\summerall\server\middleware\errorHandler.js:11:36)
    at async scheduleLogs (D:\rjs_program\summerall\server\logger\clear.js:54:5)
    at async D:\rjs_program\summerall\node_modules\koa-log4\koa-logger.js:86:7
[2021-11-12T16:41:34.312] [ERROR] application - TypeError: Cannot read property 'status' of undefined
    at module.exports (D:\rjs_program\summerall\server\middleware\errorHandler.js:11:36)
    at async scheduleLogs (D:\rjs_program\summerall\server\logger\clear.js:54:5)
    at async D:\rjs_program\summerall\node_modules\koa-log4\koa-logger.js:86:7
[2021-11-12T16:42:14.403] [ERROR] application - TypeError: Cannot read property 'status' of undefined
    at module.exports (D:\rjs_program\summerall\server\middleware\errorHandler.js:11:36)
    at async scheduleLogs (D:\rjs_program\summerall\server\logger\clear.js:54:5)
    at async D:\rjs_program\summerall\node_modules\koa-log4\koa-logger.js:86:7
[2021-11-12T16:43:04.484] [ERROR] application - TypeError: Cannot read property 'status' of undefined
    at module.exports (D:\rjs_program\summerall\server\middleware\errorHandler.js:11:36)
    at async scheduleLogs (D:\rjs_program\summerall\server\logger\clear.js:54:5)
    at async D:\rjs_program\summerall\node_modules\koa-log4\koa-logger.js:86:7
[2021-11-12T16:43:56.831] [ERROR] application - TypeError: Cannot read property 'status' of undefined
    at module.exports (D:\rjs_program\summerall\server\middleware\errorHandler.js:11:36)
    at async scheduleLogs (D:\rjs_program\summerall\server\logger\clear.js:54:5)
    at async D:\rjs_program\summerall\node_modules\koa-log4\koa-logger.js:86:7
[2021-11-12T16:46:08.268] [ERROR] application - TypeError: Cannot read property 'status' of undefined
    at module.exports (D:\rjs_program\summerall\server\middleware\errorHandler.js:11:36)
    at async scheduleLogs (D:\rjs_program\summerall\server\logger\clear.js:54:5)
    at async D:\rjs_program\summerall\node_modules\koa-log4\koa-logger.js:86:7
[2021-11-12T16:46:17.588] [ERROR] application - TypeError: Cannot read property 'status' of undefined
    at module.exports (D:\rjs_program\summerall\server\middleware\errorHandler.js:11:36)
    at async scheduleLogs (D:\rjs_program\summerall\server\logger\clear.js:54:5)
    at async D:\rjs_program\summerall\node_modules\koa-log4\koa-logger.js:86:7
[2021-11-12T16:55:30.541] [ERROR] application - TypeError: Cannot read property 'status' of undefined
    at module.exports (D:\rjs_program\summerall\server\middleware\errorHandler.js:11:36)
    at async scheduleLogs (D:\rjs_program\summerall\server\logger\clear.js:54:5)
    at async D:\rjs_program\summerall\node_modules\koa-log4\koa-logger.js:86:7
[2021-11-12T16:55:46.858] [ERROR] application - TypeError: Cannot read property 'status' of undefined
    at module.exports (D:\rjs_program\summerall\server\middleware\errorHandler.js:11:36)
    at async scheduleLogs (D:\rjs_program\summerall\server\logger\clear.js:54:5)
    at async D:\rjs_program\summerall\node_modules\koa-log4\koa-logger.js:86:7
[2021-11-12T20:39:26.894] [ERROR] application - TypeError: Cannot read property 'status' of undefined
    at module.exports (D:\rjs_program\summerall\server\middleware\errorHandler.js:11:36)
    at async scheduleLogs (D:\rjs_program\summerall\server\logger\clear.js:54:5)
    at async D:\rjs_program\summerall\node_modules\koa-log4\koa-logger.js:86:7
[2021-11-12T20:39:35.258] [ERROR] application - TypeError: Cannot read property 'status' of undefined
    at module.exports (D:\rjs_program\summerall\server\middleware\errorHandler.js:11:36)
    at async scheduleLogs (D:\rjs_program\summerall\server\logger\clear.js:54:5)
    at async D:\rjs_program\summerall\node_modules\koa-log4\koa-logger.js:86:7
[2021-11-12T20:40:29.195] [ERROR] application - TypeError: Cannot read property 'status' of undefined
    at module.exports (D:\rjs_program\summerall\server\middleware\errorHandler.js:11:36)
    at async scheduleLogs (D:\rjs_program\summerall\server\logger\clear.js:54:5)
    at async D:\rjs_program\summerall\node_modules\koa-log4\koa-logger.js:86:7
[2021-11-12T20:43:44.570] [ERROR] application - TypeError: Cannot read property 'status' of undefined
    at module.exports (D:\rjs_program\summerall\server\middleware\errorHandler.js:11:36)
    at async scheduleLogs (D:\rjs_program\summerall\server\logger\clear.js:54:5)
    at async D:\rjs_program\summerall\node_modules\koa-log4\koa-logger.js:86:7
[2021-11-12T20:45:09.703] [ERROR] application - TypeError: Cannot read property 'status' of undefined
    at module.exports (D:\rjs_program\summerall\server\middleware\errorHandler.js:11:36)
    at async scheduleLogs (D:\rjs_program\summerall\server\logger\clear.js:54:5)
    at async D:\rjs_program\summerall\node_modules\koa-log4\koa-logger.js:86:7
[2021-11-12T21:23:42.507] [ERROR] application - TypeError: Cannot read property 'status' of undefined
    at module.exports (D:\rjs_program\summerall\server\middleware\errorHandler.js:11:36)
    at processTicksAndRejections (internal/process/task_queues.js:95:5)
    at async scheduleLogs (D:\rjs_program\summerall\server\logger\clear.js:54:5)
    at async D:\rjs_program\summerall\node_modules\koa-log4\koa-logger.js:86:7
[2021-11-12T21:24:20.478] [ERROR] application - TypeError: Cannot read property 'status' of undefined
    at module.exports (D:\rjs_program\summerall\server\middleware\errorHandler.js:11:36)
    at processTicksAndRejections (internal/process/task_queues.js:95:5)
    at async scheduleLogs (D:\rjs_program\summerall\server\logger\clear.js:54:5)
    at async D:\rjs_program\summerall\node_modules\koa-log4\koa-logger.js:86:7
[2021-11-12T21:24:20.780] [ERROR] application - TypeError: Cannot read property 'status' of undefined
    at module.exports (D:\rjs_program\summerall\server\middleware\errorHandler.js:11:36)
    at processTicksAndRejections (internal/process/task_queues.js:95:5)
    at async scheduleLogs (D:\rjs_program\summerall\server\logger\clear.js:54:5)
    at async D:\rjs_program\summerall\node_modules\koa-log4\koa-logger.js:86:7
[2021-11-12T21:24:20.798] [ERROR] application - TypeError: Cannot read property 'status' of undefined
    at module.exports (D:\rjs_program\summerall\server\middleware\errorHandler.js:11:36)
    at processTicksAndRejections (internal/process/task_queues.js:95:5)
    at async scheduleLogs (D:\rjs_program\summerall\server\logger\clear.js:54:5)
    at async D:\rjs_program\summerall\node_modules\koa-log4\koa-logger.js:86:7
[2021-11-12T21:26:28.456] [ERROR] application - TypeError: Cannot read property 'status' of undefined
    at module.exports (D:\rjs_program\summerall\server\middleware\errorHandler.js:11:36)
    at processTicksAndRejections (internal/process/task_queues.js:95:5)
    at async scheduleLogs (D:\rjs_program\summerall\server\logger\clear.js:54:5)
    at async D:\rjs_program\summerall\node_modules\koa-log4\koa-logger.js:86:7
[2021-11-12T21:29:23.469] [ERROR] application - TypeError: Cannot read property 'status' of undefined
    at module.exports (D:\rjs_program\summerall\server\middleware\errorHandler.js:11:36)
    at processTicksAndRejections (internal/process/task_queues.js:95:5)
    at async scheduleLogs (D:\rjs_program\summerall\server\logger\clear.js:54:5)
    at async D:\rjs_program\summerall\node_modules\koa-log4\koa-logger.js:86:7
[2021-11-12T21:29:23.488] [ERROR] application - TypeError: Cannot read property 'status' of undefined
    at module.exports (D:\rjs_program\summerall\server\middleware\errorHandler.js:11:36)
    at processTicksAndRejections (internal/process/task_queues.js:95:5)
    at async scheduleLogs (D:\rjs_program\summerall\server\logger\clear.js:54:5)
    at async D:\rjs_program\summerall\node_modules\koa-log4\koa-logger.js:86:7
[2021-11-12T21:29:23.789] [ERROR] application - TypeError: Cannot read property 'status' of undefined
    at module.exports (D:\rjs_program\summerall\server\middleware\errorHandler.js:11:36)
    at processTicksAndRejections (internal/process/task_queues.js:95:5)
    at async scheduleLogs (D:\rjs_program\summerall\server\logger\clear.js:54:5)
    at async D:\rjs_program\summerall\node_modules\koa-log4\koa-logger.js:86:7
[2021-11-12T21:38:40.504] [ERROR] application - TypeError: Cannot read property 'status' of undefined
    at module.exports (D:\rjs_program\summerall\server\middleware\errorHandler.js:11:36)
    at processTicksAndRejections (internal/process/task_queues.js:95:5)
    at async scheduleLogs (D:\rjs_program\summerall\server\logger\clear.js:54:5)
    at async D:\rjs_program\summerall\node_modules\koa-log4\koa-logger.js:86:7
[2021-11-12T21:38:41.427] [ERROR] application - TypeError: Cannot read property 'status' of undefined
    at module.exports (D:\rjs_program\summerall\server\middleware\errorHandler.js:11:36)
    at async scheduleLogs (D:\rjs_program\summerall\server\logger\clear.js:54:5)
    at async D:\rjs_program\summerall\node_modules\koa-log4\koa-logger.js:86:7
[2021-11-12T21:38:51.279] [ERROR] application - TypeError: Cannot read property 'status' of undefined
    at module.exports (D:\rjs_program\summerall\server\middleware\errorHandler.js:11:36)
    at async scheduleLogs (D:\rjs_program\summerall\server\logger\clear.js:54:5)
    at async D:\rjs_program\summerall\node_modules\koa-log4\koa-logger.js:86:7
[2021-11-12T21:39:43.995] [ERROR] application - TypeError: Cannot read property 'status' of undefined
    at module.exports (D:\rjs_program\summerall\server\middleware\errorHandler.js:11:36)
    at async scheduleLogs (D:\rjs_program\summerall\server\logger\clear.js:54:5)
    at async D:\rjs_program\summerall\node_modules\koa-log4\koa-logger.js:86:7
