[2021-11-15T09:10:19.757] [ERROR] application - TypeError: Cannot read property 'status' of undefined
    at module.exports (D:\rjs_program\summerall\server\middleware\errorHandler.js:11:36)
    at async scheduleLogs (D:\rjs_program\summerall\server\logger\clear.js:54:5)
    at async D:\rjs_program\summerall\node_modules\koa-log4\koa-logger.js:86:7
[2021-11-15T09:11:43.262] [ERROR] application - TypeError: Cannot read property 'status' of undefined
    at module.exports (D:\rjs_program\summerall\server\middleware\errorHandler.js:11:36)
    at async scheduleLogs (D:\rjs_program\summerall\server\logger\clear.js:54:5)
    at async D:\rjs_program\summerall\node_modules\koa-log4\koa-logger.js:86:7
[2021-11-15T09:15:53.377] [ERROR] application - TypeError: Cannot read property 'status' of undefined
    at module.exports (D:\rjs_program\summerall\server\middleware\errorHandler.js:11:36)
    at processTicksAndRejections (internal/process/task_queues.js:95:5)
    at async scheduleLogs (D:\rjs_program\summerall\server\logger\clear.js:54:5)
    at async D:\rjs_program\summerall\node_modules\koa-log4\koa-logger.js:86:7
[2021-11-15T09:15:53.469] [ERROR] application - TypeError: Cannot read property 'status' of undefined
    at module.exports (D:\rjs_program\summerall\server\middleware\errorHandler.js:11:36)
    at processTicksAndRejections (internal/process/task_queues.js:95:5)
    at async scheduleLogs (D:\rjs_program\summerall\server\logger\clear.js:54:5)
    at async D:\rjs_program\summerall\node_modules\koa-log4\koa-logger.js:86:7
[2021-11-15T09:17:45.706] [ERROR] application - TypeError: Cannot read property 'status' of undefined
    at module.exports (D:\rjs_program\summerall\server\middleware\errorHandler.js:11:36)
    at async scheduleLogs (D:\rjs_program\summerall\server\logger\clear.js:54:5)
    at async D:\rjs_program\summerall\node_modules\koa-log4\koa-logger.js:86:7
[2021-11-15T09:23:25.896] [ERROR] application - TypeError: Cannot read property 'status' of undefined
    at module.exports (D:\rjs_program\summerall\server\middleware\errorHandler.js:11:36)
    at async scheduleLogs (D:\rjs_program\summerall\server\logger\clear.js:54:5)
    at async D:\rjs_program\summerall\node_modules\koa-log4\koa-logger.js:86:7
[2021-11-15T09:27:25.024] [ERROR] application - TypeError: Cannot read property 'status' of undefined
    at module.exports (D:\rjs_program\summerall\server\middleware\errorHandler.js:11:36)
    at async scheduleLogs (D:\rjs_program\summerall\server\logger\clear.js:54:5)
    at async D:\rjs_program\summerall\node_modules\koa-log4\koa-logger.js:86:7
[2021-11-15T09:28:16.822] [ERROR] application - TypeError: Cannot read property 'status' of undefined
    at module.exports (D:\rjs_program\summerall\server\middleware\errorHandler.js:11:36)
    at async scheduleLogs (D:\rjs_program\summerall\server\logger\clear.js:54:5)
    at async D:\rjs_program\summerall\node_modules\koa-log4\koa-logger.js:86:7
[2021-11-15T09:32:01.109] [ERROR] application - TypeError: Cannot read property 'status' of undefined
    at module.exports (D:\rjs_program\summerall\server\middleware\errorHandler.js:11:36)
    at async scheduleLogs (D:\rjs_program\summerall\server\logger\clear.js:54:5)
    at async D:\rjs_program\summerall\node_modules\koa-log4\koa-logger.js:86:7
[2021-11-15T09:32:24.382] [ERROR] application - TypeError: Cannot read property 'status' of undefined
    at module.exports (D:\rjs_program\summerall\server\middleware\errorHandler.js:11:36)
    at async scheduleLogs (D:\rjs_program\summerall\server\logger\clear.js:54:5)
    at async D:\rjs_program\summerall\node_modules\koa-log4\koa-logger.js:86:7
[2021-11-15T09:36:52.422] [ERROR] application - TypeError: Cannot read property 'status' of undefined
    at module.exports (D:\rjs_program\summerall\server\middleware\errorHandler.js:11:36)
    at async scheduleLogs (D:\rjs_program\summerall\server\logger\clear.js:54:5)
    at async D:\rjs_program\summerall\node_modules\koa-log4\koa-logger.js:86:7
[2021-11-15T09:37:15.751] [ERROR] application - TypeError: Cannot read property 'status' of undefined
    at module.exports (D:\rjs_program\summerall\server\middleware\errorHandler.js:11:36)
    at async scheduleLogs (D:\rjs_program\summerall\server\logger\clear.js:54:5)
    at async D:\rjs_program\summerall\node_modules\koa-log4\koa-logger.js:86:7
[2021-11-15T09:37:33.773] [ERROR] application - TypeError: Cannot read property 'status' of undefined
    at module.exports (D:\rjs_program\summerall\server\middleware\errorHandler.js:11:36)
    at async scheduleLogs (D:\rjs_program\summerall\server\logger\clear.js:54:5)
    at async D:\rjs_program\summerall\node_modules\koa-log4\koa-logger.js:86:7
[2021-11-15T09:37:51.339] [ERROR] application - TypeError: Cannot read property 'status' of undefined
    at module.exports (D:\rjs_program\summerall\server\middleware\errorHandler.js:11:36)
    at async scheduleLogs (D:\rjs_program\summerall\server\logger\clear.js:54:5)
    at async D:\rjs_program\summerall\node_modules\koa-log4\koa-logger.js:86:7
[2021-11-15T10:51:31.272] [ERROR] application - TypeError: Cannot read property 'status' of undefined
    at module.exports (D:\rjs_program\summerall\server\middleware\errorHandler.js:11:36)
    at async scheduleLogs (D:\rjs_program\summerall\server\logger\clear.js:54:5)
    at async D:\rjs_program\summerall\node_modules\koa-log4\koa-logger.js:86:7
[2021-11-15T10:51:32.746] [ERROR] application - TypeError: Cannot read property 'status' of undefined
    at module.exports (D:\rjs_program\summerall\server\middleware\errorHandler.js:11:36)
    at async scheduleLogs (D:\rjs_program\summerall\server\logger\clear.js:54:5)
    at async D:\rjs_program\summerall\node_modules\koa-log4\koa-logger.js:86:7
[2021-11-15T11:03:25.990] [ERROR] application - TypeError: Cannot read property 'status' of undefined
    at module.exports (D:\rjs_program\summerall\server\middleware\errorHandler.js:11:36)
    at async scheduleLogs (D:\rjs_program\summerall\server\logger\clear.js:54:5)
    at async D:\rjs_program\summerall\node_modules\koa-log4\koa-logger.js:86:7
[2021-11-15T11:03:32.507] [ERROR] application - TypeError: Cannot read property 'status' of undefined
    at module.exports (D:\rjs_program\summerall\server\middleware\errorHandler.js:11:36)
    at async scheduleLogs (D:\rjs_program\summerall\server\logger\clear.js:54:5)
    at async D:\rjs_program\summerall\node_modules\koa-log4\koa-logger.js:86:7
[2021-11-15T11:06:42.905] [ERROR] application - TypeError: Cannot read property 'status' of undefined
    at module.exports (D:\rjs_program\summerall\server\middleware\errorHandler.js:11:36)
    at async scheduleLogs (D:\rjs_program\summerall\server\logger\clear.js:54:5)
    at async D:\rjs_program\summerall\node_modules\koa-log4\koa-logger.js:86:7
[2021-11-15T11:08:41.103] [ERROR] application - TypeError: Cannot read property 'status' of undefined
    at module.exports (D:\rjs_program\summerall\server\middleware\errorHandler.js:11:36)
    at async scheduleLogs (D:\rjs_program\summerall\server\logger\clear.js:54:5)
    at async D:\rjs_program\summerall\node_modules\koa-log4\koa-logger.js:86:7
[2021-11-15T11:08:53.108] [ERROR] application - TypeError: Cannot read property 'status' of undefined
    at module.exports (D:\rjs_program\summerall\server\middleware\errorHandler.js:11:36)
    at async scheduleLogs (D:\rjs_program\summerall\server\logger\clear.js:54:5)
    at async D:\rjs_program\summerall\node_modules\koa-log4\koa-logger.js:86:7
[2021-11-15T11:09:08.751] [ERROR] application - TypeError: Cannot read property 'status' of undefined
    at module.exports (D:\rjs_program\summerall\server\middleware\errorHandler.js:11:36)
    at async scheduleLogs (D:\rjs_program\summerall\server\logger\clear.js:54:5)
    at async D:\rjs_program\summerall\node_modules\koa-log4\koa-logger.js:86:7
[2021-11-15T11:14:50.152] [ERROR] application - TypeError: Cannot read property 'status' of undefined
    at module.exports (D:\rjs_program\summerall\server\middleware\errorHandler.js:11:36)
    at async scheduleLogs (D:\rjs_program\summerall\server\logger\clear.js:54:5)
    at async D:\rjs_program\summerall\node_modules\koa-log4\koa-logger.js:86:7
[2021-11-15T11:17:52.739] [ERROR] application - TypeError: Cannot read property 'status' of undefined
    at module.exports (D:\rjs_program\summerall\server\middleware\errorHandler.js:11:36)
    at async scheduleLogs (D:\rjs_program\summerall\server\logger\clear.js:54:5)
    at async D:\rjs_program\summerall\node_modules\koa-log4\koa-logger.js:86:7
[2021-11-15T13:14:51.625] [ERROR] application - TypeError: Cannot read property 'status' of undefined
    at module.exports (D:\rjs_program\summerall\server\middleware\errorHandler.js:11:36)
    at async scheduleLogs (D:\rjs_program\summerall\server\logger\clear.js:54:5)
    at async D:\rjs_program\summerall\node_modules\koa-log4\koa-logger.js:86:7
[2021-11-15T13:19:24.878] [ERROR] application - TypeError: Cannot read property 'status' of undefined
    at module.exports (D:\rjs_program\summerall\server\middleware\errorHandler.js:11:36)
    at async scheduleLogs (D:\rjs_program\summerall\server\logger\clear.js:54:5)
    at async D:\rjs_program\summerall\node_modules\koa-log4\koa-logger.js:86:7
[2021-11-15T13:43:44.278] [ERROR] application - TypeError: Cannot read property 'status' of undefined
    at module.exports (D:\rjs_program\summerall\server\middleware\errorHandler.js:11:36)
    at async scheduleLogs (D:\rjs_program\summerall\server\logger\clear.js:54:5)
    at async D:\rjs_program\summerall\node_modules\koa-log4\koa-logger.js:86:7
[2021-11-15T13:44:58.783] [ERROR] application - TypeError: Cannot read property 'status' of undefined
    at module.exports (D:\rjs_program\summerall\server\middleware\errorHandler.js:11:36)
    at async scheduleLogs (D:\rjs_program\summerall\server\logger\clear.js:54:5)
    at async D:\rjs_program\summerall\node_modules\koa-log4\koa-logger.js:86:7
[2021-11-15T14:19:56.994] [ERROR] application - TypeError: Cannot read property 'status' of undefined
    at module.exports (D:\rjs_program\summerall\server\middleware\errorHandler.js:11:36)
    at async scheduleLogs (D:\rjs_program\summerall\server\logger\clear.js:54:5)
    at async D:\rjs_program\summerall\node_modules\koa-log4\koa-logger.js:86:7
[2021-11-15T14:21:27.795] [ERROR] application - TypeError: Cannot read property 'status' of undefined
    at module.exports (D:\rjs_program\summerall\server\middleware\errorHandler.js:11:36)
    at async scheduleLogs (D:\rjs_program\summerall\server\logger\clear.js:54:5)
    at async D:\rjs_program\summerall\node_modules\koa-log4\koa-logger.js:86:7
[2021-11-15T14:24:29.210] [ERROR] application - TypeError: Cannot read property 'status' of undefined
    at module.exports (D:\rjs_program\summerall\server\middleware\errorHandler.js:11:36)
    at async scheduleLogs (D:\rjs_program\summerall\server\logger\clear.js:54:5)
    at async D:\rjs_program\summerall\node_modules\koa-log4\koa-logger.js:86:7
[2021-11-15T14:24:34.718] [ERROR] application - TypeError: Cannot read property 'status' of undefined
    at module.exports (D:\rjs_program\summerall\server\middleware\errorHandler.js:11:36)
    at processTicksAndRejections (internal/process/task_queues.js:95:5)
    at async scheduleLogs (D:\rjs_program\summerall\server\logger\clear.js:54:5)
    at async D:\rjs_program\summerall\node_modules\koa-log4\koa-logger.js:86:7
[2021-11-15T14:25:06.480] [ERROR] application - TypeError: Cannot read property 'status' of undefined
    at module.exports (D:\rjs_program\summerall\server\middleware\errorHandler.js:11:36)
    at processTicksAndRejections (internal/process/task_queues.js:95:5)
    at async scheduleLogs (D:\rjs_program\summerall\server\logger\clear.js:54:5)
    at async D:\rjs_program\summerall\node_modules\koa-log4\koa-logger.js:86:7
[2021-11-15T14:25:45.546] [ERROR] application - TypeError: Cannot read property 'status' of undefined
    at module.exports (D:\rjs_program\summerall\server\middleware\errorHandler.js:11:36)
    at async scheduleLogs (D:\rjs_program\summerall\server\logger\clear.js:54:5)
    at async D:\rjs_program\summerall\node_modules\koa-log4\koa-logger.js:86:7
[2021-11-15T14:25:50.807] [ERROR] application - TypeError: Cannot read property 'status' of undefined
    at module.exports (D:\rjs_program\summerall\server\middleware\errorHandler.js:11:36)
    at processTicksAndRejections (internal/process/task_queues.js:95:5)
    at async scheduleLogs (D:\rjs_program\summerall\server\logger\clear.js:54:5)
    at async D:\rjs_program\summerall\node_modules\koa-log4\koa-logger.js:86:7
[2021-11-15T14:26:10.941] [ERROR] application - TypeError: Cannot read property 'status' of undefined
    at module.exports (D:\rjs_program\summerall\server\middleware\errorHandler.js:11:36)
    at async scheduleLogs (D:\rjs_program\summerall\server\logger\clear.js:54:5)
    at async D:\rjs_program\summerall\node_modules\koa-log4\koa-logger.js:86:7
[2021-11-15T14:26:11.159] [ERROR] application - TypeError: Cannot read property 'status' of undefined
    at module.exports (D:\rjs_program\summerall\server\middleware\errorHandler.js:11:36)
    at processTicksAndRejections (internal/process/task_queues.js:95:5)
    at async scheduleLogs (D:\rjs_program\summerall\server\logger\clear.js:54:5)
    at async D:\rjs_program\summerall\node_modules\koa-log4\koa-logger.js:86:7
[2021-11-15T14:26:32.963] [ERROR] application - TypeError: Cannot read property 'status' of undefined
    at module.exports (D:\rjs_program\summerall\server\middleware\errorHandler.js:11:36)
    at processTicksAndRejections (internal/process/task_queues.js:95:5)
    at async scheduleLogs (D:\rjs_program\summerall\server\logger\clear.js:54:5)
    at async D:\rjs_program\summerall\node_modules\koa-log4\koa-logger.js:86:7
[2021-11-15T14:27:08.973] [ERROR] application - TypeError: Cannot read property 'status' of undefined
    at module.exports (D:\rjs_program\summerall\server\middleware\errorHandler.js:11:36)
    at processTicksAndRejections (internal/process/task_queues.js:95:5)
    at async scheduleLogs (D:\rjs_program\summerall\server\logger\clear.js:54:5)
    at async D:\rjs_program\summerall\node_modules\koa-log4\koa-logger.js:86:7
[2021-11-15T14:32:50.621] [ERROR] application - TypeError: Cannot read property 'status' of undefined
    at module.exports (D:\rjs_program\summerall\server\middleware\errorHandler.js:11:36)
    at processTicksAndRejections (internal/process/task_queues.js:95:5)
    at async scheduleLogs (D:\rjs_program\summerall\server\logger\clear.js:54:5)
    at async D:\rjs_program\summerall\node_modules\koa-log4\koa-logger.js:86:7
[2021-11-15T14:32:50.709] [ERROR] application - TypeError: Cannot read property 'status' of undefined
    at module.exports (D:\rjs_program\summerall\server\middleware\errorHandler.js:11:36)
    at async scheduleLogs (D:\rjs_program\summerall\server\logger\clear.js:54:5)
    at async D:\rjs_program\summerall\node_modules\koa-log4\koa-logger.js:86:7
[2021-11-15T14:33:56.257] [ERROR] application - TypeError: Cannot read property 'status' of undefined
    at module.exports (D:\rjs_program\summerall\server\middleware\errorHandler.js:11:36)
    at processTicksAndRejections (internal/process/task_queues.js:95:5)
    at async scheduleLogs (D:\rjs_program\summerall\server\logger\clear.js:54:5)
    at async D:\rjs_program\summerall\node_modules\koa-log4\koa-logger.js:86:7
[2021-11-15T14:33:56.332] [ERROR] application - TypeError: Cannot read property 'status' of undefined
    at module.exports (D:\rjs_program\summerall\server\middleware\errorHandler.js:11:36)
    at async scheduleLogs (D:\rjs_program\summerall\server\logger\clear.js:54:5)
    at async D:\rjs_program\summerall\node_modules\koa-log4\koa-logger.js:86:7
[2021-11-15T14:36:13.834] [ERROR] application - TypeError: Cannot read property 'status' of undefined
    at module.exports (D:\rjs_program\summerall\server\middleware\errorHandler.js:11:36)
    at processTicksAndRejections (internal/process/task_queues.js:95:5)
    at async scheduleLogs (D:\rjs_program\summerall\server\logger\clear.js:54:5)
    at async D:\rjs_program\summerall\node_modules\koa-log4\koa-logger.js:86:7
[2021-11-15T14:36:13.876] [ERROR] application - TypeError: Cannot read property 'status' of undefined
    at module.exports (D:\rjs_program\summerall\server\middleware\errorHandler.js:11:36)
    at async scheduleLogs (D:\rjs_program\summerall\server\logger\clear.js:54:5)
    at async D:\rjs_program\summerall\node_modules\koa-log4\koa-logger.js:86:7
[2021-11-15T14:36:33.167] [ERROR] application - TypeError: Cannot read property 'status' of undefined
    at module.exports (D:\rjs_program\summerall\server\middleware\errorHandler.js:11:36)
    at async scheduleLogs (D:\rjs_program\summerall\server\logger\clear.js:54:5)
    at async D:\rjs_program\summerall\node_modules\koa-log4\koa-logger.js:86:7
[2021-11-15T14:36:33.275] [ERROR] application - TypeError: Cannot read property 'status' of undefined
    at module.exports (D:\rjs_program\summerall\server\middleware\errorHandler.js:11:36)
    at processTicksAndRejections (internal/process/task_queues.js:95:5)
    at async scheduleLogs (D:\rjs_program\summerall\server\logger\clear.js:54:5)
    at async D:\rjs_program\summerall\node_modules\koa-log4\koa-logger.js:86:7
[2021-11-15T14:36:47.951] [ERROR] application - TypeError: Cannot read property 'status' of undefined
    at module.exports (D:\rjs_program\summerall\server\middleware\errorHandler.js:11:36)
    at processTicksAndRejections (internal/process/task_queues.js:95:5)
    at async scheduleLogs (D:\rjs_program\summerall\server\logger\clear.js:54:5)
    at async D:\rjs_program\summerall\node_modules\koa-log4\koa-logger.js:86:7
[2021-11-15T14:36:47.975] [ERROR] application - TypeError: Cannot read property 'status' of undefined
    at module.exports (D:\rjs_program\summerall\server\middleware\errorHandler.js:11:36)
    at async scheduleLogs (D:\rjs_program\summerall\server\logger\clear.js:54:5)
    at async D:\rjs_program\summerall\node_modules\koa-log4\koa-logger.js:86:7
[2021-11-15T14:37:21.378] [ERROR] application - TypeError: Cannot read property 'status' of undefined
    at module.exports (D:\rjs_program\summerall\server\middleware\errorHandler.js:11:36)
    at async scheduleLogs (D:\rjs_program\summerall\server\logger\clear.js:54:5)
    at async D:\rjs_program\summerall\node_modules\koa-log4\koa-logger.js:86:7
[2021-11-15T14:37:21.896] [ERROR] application - TypeError: Cannot read property 'status' of undefined
    at module.exports (D:\rjs_program\summerall\server\middleware\errorHandler.js:11:36)
    at processTicksAndRejections (internal/process/task_queues.js:95:5)
    at async scheduleLogs (D:\rjs_program\summerall\server\logger\clear.js:54:5)
    at async D:\rjs_program\summerall\node_modules\koa-log4\koa-logger.js:86:7
[2021-11-15T14:44:41.662] [ERROR] application - TypeError: Cannot read property 'status' of undefined
    at module.exports (D:\rjs_program\summerall\server\middleware\errorHandler.js:11:36)
    at processTicksAndRejections (internal/process/task_queues.js:95:5)
    at async scheduleLogs (D:\rjs_program\summerall\server\logger\clear.js:54:5)
    at async D:\rjs_program\summerall\node_modules\koa-log4\koa-logger.js:86:7
[2021-11-15T14:44:42.559] [ERROR] application - TypeError: Cannot read property 'status' of undefined
    at module.exports (D:\rjs_program\summerall\server\middleware\errorHandler.js:11:36)
    at async scheduleLogs (D:\rjs_program\summerall\server\logger\clear.js:54:5)
    at async D:\rjs_program\summerall\node_modules\koa-log4\koa-logger.js:86:7
[2021-11-15T14:44:50.291] [ERROR] application - TypeError: Cannot read property 'status' of undefined
    at module.exports (D:\rjs_program\summerall\server\middleware\errorHandler.js:11:36)
    at processTicksAndRejections (internal/process/task_queues.js:95:5)
    at async scheduleLogs (D:\rjs_program\summerall\server\logger\clear.js:54:5)
    at async D:\rjs_program\summerall\node_modules\koa-log4\koa-logger.js:86:7
[2021-11-15T14:44:50.829] [ERROR] application - TypeError: Cannot read property 'status' of undefined
    at module.exports (D:\rjs_program\summerall\server\middleware\errorHandler.js:11:36)
    at async scheduleLogs (D:\rjs_program\summerall\server\logger\clear.js:54:5)
    at async D:\rjs_program\summerall\node_modules\koa-log4\koa-logger.js:86:7
[2021-11-15T14:44:54.612] [ERROR] application - TypeError: Cannot read property 'status' of undefined
    at module.exports (D:\rjs_program\summerall\server\middleware\errorHandler.js:11:36)
    at async scheduleLogs (D:\rjs_program\summerall\server\logger\clear.js:54:5)
    at async D:\rjs_program\summerall\node_modules\koa-log4\koa-logger.js:86:7
[2021-11-15T14:48:31.945] [ERROR] application - TypeError: Cannot read property 'status' of undefined
    at module.exports (D:\rjs_program\summerall\server\middleware\errorHandler.js:11:36)
    at async scheduleLogs (D:\rjs_program\summerall\server\logger\clear.js:54:5)
    at async D:\rjs_program\summerall\node_modules\koa-log4\koa-logger.js:86:7
[2021-11-15T15:02:43.922] [ERROR] application - TypeError: Cannot read property 'status' of undefined
    at module.exports (D:\rjs_program\summerall\server\middleware\errorHandler.js:11:36)
    at async scheduleLogs (D:\rjs_program\summerall\server\logger\clear.js:54:5)
    at async D:\rjs_program\summerall\node_modules\koa-log4\koa-logger.js:86:7
[2021-11-15T15:14:34.804] [ERROR] application - TypeError: Cannot read property 'status' of undefined
    at module.exports (D:\rjs_program\summerall\server\middleware\errorHandler.js:11:36)
    at async scheduleLogs (D:\rjs_program\summerall\server\logger\clear.js:54:5)
    at async D:\rjs_program\summerall\node_modules\koa-log4\koa-logger.js:86:7
[2021-11-15T15:15:13.988] [ERROR] application - TypeError: Cannot read property 'status' of undefined
    at module.exports (D:\rjs_program\summerall\server\middleware\errorHandler.js:11:36)
    at processTicksAndRejections (internal/process/task_queues.js:95:5)
    at async scheduleLogs (D:\rjs_program\summerall\server\logger\clear.js:54:5)
    at async D:\rjs_program\summerall\node_modules\koa-log4\koa-logger.js:86:7
[2021-11-15T15:15:14.869] [ERROR] application - TypeError: Cannot read property 'status' of undefined
    at module.exports (D:\rjs_program\summerall\server\middleware\errorHandler.js:11:36)
    at processTicksAndRejections (internal/process/task_queues.js:95:5)
    at async scheduleLogs (D:\rjs_program\summerall\server\logger\clear.js:54:5)
    at async D:\rjs_program\summerall\node_modules\koa-log4\koa-logger.js:86:7
[2021-11-15T15:16:05.923] [ERROR] application - TypeError: Cannot read property 'status' of undefined
    at module.exports (D:\rjs_program\summerall\server\middleware\errorHandler.js:11:36)
    at async scheduleLogs (D:\rjs_program\summerall\server\logger\clear.js:54:5)
    at async D:\rjs_program\summerall\node_modules\koa-log4\koa-logger.js:86:7
[2021-11-15T15:23:32.979] [ERROR] application - TypeError: Cannot read property 'status' of undefined
    at module.exports (D:\rjs_program\summerall\server\middleware\errorHandler.js:11:36)
    at async scheduleLogs (D:\rjs_program\summerall\server\logger\clear.js:54:5)
    at async D:\rjs_program\summerall\node_modules\koa-log4\koa-logger.js:86:7
[2021-11-15T15:23:43.512] [ERROR] application - TypeError: Cannot read property 'status' of undefined
    at module.exports (D:\rjs_program\summerall\server\middleware\errorHandler.js:11:36)
    at async scheduleLogs (D:\rjs_program\summerall\server\logger\clear.js:54:5)
    at async D:\rjs_program\summerall\node_modules\koa-log4\koa-logger.js:86:7
[2021-11-15T15:24:02.519] [ERROR] application - TypeError: Cannot read property 'status' of undefined
    at module.exports (D:\rjs_program\summerall\server\middleware\errorHandler.js:11:36)
    at async scheduleLogs (D:\rjs_program\summerall\server\logger\clear.js:54:5)
    at async D:\rjs_program\summerall\node_modules\koa-log4\koa-logger.js:86:7
[2021-11-15T15:40:54.371] [ERROR] application - TypeError: Cannot read property 'status' of undefined
    at module.exports (D:\rjs_program\summerall\server\middleware\errorHandler.js:11:36)
    at async scheduleLogs (D:\rjs_program\summerall\server\logger\clear.js:54:5)
    at async D:\rjs_program\summerall\node_modules\koa-log4\koa-logger.js:86:7
[2021-11-15T15:47:09.398] [ERROR] application - TypeError: Cannot read property 'status' of undefined
    at module.exports (D:\rjs_program\summerall\server\middleware\errorHandler.js:11:36)
    at async scheduleLogs (D:\rjs_program\summerall\server\logger\clear.js:54:5)
    at async D:\rjs_program\summerall\node_modules\koa-log4\koa-logger.js:86:7
[2021-11-15T15:56:52.560] [ERROR] application - TypeError: Cannot read property 'status' of undefined
    at module.exports (D:\rjs_program\summerall\server\middleware\errorHandler.js:11:36)
    at processTicksAndRejections (internal/process/task_queues.js:95:5)
    at async scheduleLogs (D:\rjs_program\summerall\server\logger\clear.js:54:5)
    at async D:\rjs_program\summerall\node_modules\koa-log4\koa-logger.js:86:7
[2021-11-15T16:02:03.196] [ERROR] application - TypeError: Cannot read property 'status' of undefined
    at module.exports (D:\rjs_program\summerall\server\middleware\errorHandler.js:11:36)
    at async scheduleLogs (D:\rjs_program\summerall\server\logger\clear.js:54:5)
    at async D:\rjs_program\summerall\node_modules\koa-log4\koa-logger.js:86:7
[2021-11-15T16:02:44.224] [ERROR] application - TypeError: Cannot read property 'status' of undefined
    at module.exports (D:\rjs_program\summerall\server\middleware\errorHandler.js:11:36)
    at async scheduleLogs (D:\rjs_program\summerall\server\logger\clear.js:54:5)
    at async D:\rjs_program\summerall\node_modules\koa-log4\koa-logger.js:86:7
[2021-11-15T16:16:36.941] [ERROR] application - TypeError: Cannot read property 'status' of undefined
    at module.exports (D:\rjs_program\summerall\server\middleware\errorHandler.js:11:36)
    at async scheduleLogs (D:\rjs_program\summerall\server\logger\clear.js:54:5)
    at async D:\rjs_program\summerall\node_modules\koa-log4\koa-logger.js:86:7
[2021-11-15T16:16:47.785] [ERROR] application - TypeError: Cannot read property 'status' of undefined
    at module.exports (D:\rjs_program\summerall\server\middleware\errorHandler.js:11:36)
    at async scheduleLogs (D:\rjs_program\summerall\server\logger\clear.js:54:5)
    at async D:\rjs_program\summerall\node_modules\koa-log4\koa-logger.js:86:7
[2021-11-15T16:17:37.704] [ERROR] application - TypeError: Cannot read property 'status' of undefined
    at module.exports (D:\rjs_program\summerall\server\middleware\errorHandler.js:11:36)
    at async scheduleLogs (D:\rjs_program\summerall\server\logger\clear.js:54:5)
    at async D:\rjs_program\summerall\node_modules\koa-log4\koa-logger.js:86:7
[2021-11-15T16:17:55.859] [ERROR] application - TypeError: Cannot read property 'status' of undefined
    at module.exports (D:\rjs_program\summerall\server\middleware\errorHandler.js:11:36)
    at async scheduleLogs (D:\rjs_program\summerall\server\logger\clear.js:54:5)
    at async D:\rjs_program\summerall\node_modules\koa-log4\koa-logger.js:86:7
[2021-11-15T16:19:07.422] [ERROR] application - TypeError: Cannot read property 'status' of undefined
    at module.exports (D:\rjs_program\summerall\server\middleware\errorHandler.js:11:36)
    at async scheduleLogs (D:\rjs_program\summerall\server\logger\clear.js:54:5)
    at async D:\rjs_program\summerall\node_modules\koa-log4\koa-logger.js:86:7
[2021-11-15T16:22:38.256] [ERROR] application - TypeError: Cannot read property 'status' of undefined
    at module.exports (D:\rjs_program\summerall\server\middleware\errorHandler.js:11:36)
    at async scheduleLogs (D:\rjs_program\summerall\server\logger\clear.js:54:5)
    at async D:\rjs_program\summerall\node_modules\koa-log4\koa-logger.js:86:7
[2021-11-15T16:23:25.317] [ERROR] application - TypeError: Cannot read property 'status' of undefined
    at module.exports (D:\rjs_program\summerall\server\middleware\errorHandler.js:11:36)
    at async scheduleLogs (D:\rjs_program\summerall\server\logger\clear.js:54:5)
    at async D:\rjs_program\summerall\node_modules\koa-log4\koa-logger.js:86:7
[2021-11-15T16:24:25.640] [ERROR] application - TypeError: Cannot read property 'status' of undefined
    at module.exports (D:\rjs_program\summerall\server\middleware\errorHandler.js:11:36)
    at async scheduleLogs (D:\rjs_program\summerall\server\logger\clear.js:54:5)
    at async D:\rjs_program\summerall\node_modules\koa-log4\koa-logger.js:86:7
[2021-11-15T16:25:04.263] [ERROR] application - TypeError: Cannot read property 'status' of undefined
    at module.exports (D:\rjs_program\summerall\server\middleware\errorHandler.js:11:36)
    at async scheduleLogs (D:\rjs_program\summerall\server\logger\clear.js:54:5)
    at async D:\rjs_program\summerall\node_modules\koa-log4\koa-logger.js:86:7
[2021-11-15T16:25:10.271] [ERROR] application - TypeError: Cannot read property 'status' of undefined
    at module.exports (D:\rjs_program\summerall\server\middleware\errorHandler.js:11:36)
    at async scheduleLogs (D:\rjs_program\summerall\server\logger\clear.js:54:5)
    at async D:\rjs_program\summerall\node_modules\koa-log4\koa-logger.js:86:7
[2021-11-15T16:26:53.460] [ERROR] application - TypeError: Cannot read property 'status' of undefined
    at module.exports (D:\rjs_program\summerall\server\middleware\errorHandler.js:11:36)
    at async scheduleLogs (D:\rjs_program\summerall\server\logger\clear.js:54:5)
    at async D:\rjs_program\summerall\node_modules\koa-log4\koa-logger.js:86:7
[2021-11-15T16:28:44.759] [ERROR] application - TypeError: Cannot read property 'status' of undefined
    at module.exports (D:\rjs_program\summerall\server\middleware\errorHandler.js:11:36)
    at async scheduleLogs (D:\rjs_program\summerall\server\logger\clear.js:54:5)
    at async D:\rjs_program\summerall\node_modules\koa-log4\koa-logger.js:86:7
[2021-11-15T16:43:43.156] [ERROR] application - TypeError: Cannot read property 'status' of undefined
    at module.exports (D:\rjs_program\summerall\server\middleware\errorHandler.js:11:36)
    at async scheduleLogs (D:\rjs_program\summerall\server\logger\clear.js:54:5)
    at async D:\rjs_program\summerall\node_modules\koa-log4\koa-logger.js:86:7
[2021-11-15T16:52:21.572] [ERROR] application - TypeError: Cannot read property 'status' of undefined
    at module.exports (D:\rjs_program\summerall\server\middleware\errorHandler.js:11:36)
    at async scheduleLogs (D:\rjs_program\summerall\server\logger\clear.js:54:5)
    at async D:\rjs_program\summerall\node_modules\koa-log4\koa-logger.js:86:7
[2021-11-15T17:09:08.326] [ERROR] application - TypeError: Cannot read property 'status' of undefined
    at module.exports (D:\rjs_program\summerall\server\middleware\errorHandler.js:11:36)
    at processTicksAndRejections (internal/process/task_queues.js:95:5)
    at async scheduleLogs (D:\rjs_program\summerall\server\logger\clear.js:54:5)
    at async D:\rjs_program\summerall\node_modules\koa-log4\koa-logger.js:86:7
[2021-11-15T17:09:09.234] [ERROR] application - TypeError: Cannot read property 'status' of undefined
    at module.exports (D:\rjs_program\summerall\server\middleware\errorHandler.js:11:36)
    at async scheduleLogs (D:\rjs_program\summerall\server\logger\clear.js:54:5)
    at async D:\rjs_program\summerall\node_modules\koa-log4\koa-logger.js:86:7
[2021-11-15T17:09:21.549] [ERROR] application - TypeError: Cannot read property 'status' of undefined
    at module.exports (D:\rjs_program\summerall\server\middleware\errorHandler.js:11:36)
    at async scheduleLogs (D:\rjs_program\summerall\server\logger\clear.js:54:5)
    at async D:\rjs_program\summerall\node_modules\koa-log4\koa-logger.js:86:7
[2021-11-15T17:09:26.618] [ERROR] application - TypeError: Cannot read property 'status' of undefined
    at module.exports (D:\rjs_program\summerall\server\middleware\errorHandler.js:11:36)
    at processTicksAndRejections (internal/process/task_queues.js:95:5)
    at async scheduleLogs (D:\rjs_program\summerall\server\logger\clear.js:54:5)
    at async D:\rjs_program\summerall\node_modules\koa-log4\koa-logger.js:86:7
[2021-11-15T17:10:25.620] [ERROR] application - TypeError: Cannot read property 'status' of undefined
    at module.exports (D:\rjs_program\summerall\server\middleware\errorHandler.js:11:36)
    at async scheduleLogs (D:\rjs_program\summerall\server\logger\clear.js:54:5)
    at async D:\rjs_program\summerall\node_modules\koa-log4\koa-logger.js:86:7
[2021-11-15T17:10:31.223] [ERROR] application - TypeError: Cannot read property 'status' of undefined
    at module.exports (D:\rjs_program\summerall\server\middleware\errorHandler.js:11:36)
    at processTicksAndRejections (internal/process/task_queues.js:95:5)
    at async scheduleLogs (D:\rjs_program\summerall\server\logger\clear.js:54:5)
    at async D:\rjs_program\summerall\node_modules\koa-log4\koa-logger.js:86:7
[2021-11-15T17:12:31.469] [ERROR] application - TypeError: Cannot read property 'status' of undefined
    at module.exports (D:\rjs_program\summerall\server\middleware\errorHandler.js:11:36)
    at async scheduleLogs (D:\rjs_program\summerall\server\logger\clear.js:54:5)
    at async D:\rjs_program\summerall\node_modules\koa-log4\koa-logger.js:86:7
[2021-11-15T17:12:36.001] [ERROR] application - TypeError: Cannot read property 'status' of undefined
    at module.exports (D:\rjs_program\summerall\server\middleware\errorHandler.js:11:36)
    at processTicksAndRejections (internal/process/task_queues.js:95:5)
    at async scheduleLogs (D:\rjs_program\summerall\server\logger\clear.js:54:5)
    at async D:\rjs_program\summerall\node_modules\koa-log4\koa-logger.js:86:7
[2021-11-15T17:13:08.263] [ERROR] application - TypeError: Cannot read property 'status' of undefined
    at module.exports (D:\rjs_program\summerall\server\middleware\errorHandler.js:11:36)
    at async scheduleLogs (D:\rjs_program\summerall\server\logger\clear.js:54:5)
    at async D:\rjs_program\summerall\node_modules\koa-log4\koa-logger.js:86:7
[2021-11-15T17:13:12.552] [ERROR] application - TypeError: Cannot read property 'status' of undefined
    at module.exports (D:\rjs_program\summerall\server\middleware\errorHandler.js:11:36)
    at processTicksAndRejections (internal/process/task_queues.js:95:5)
    at async scheduleLogs (D:\rjs_program\summerall\server\logger\clear.js:54:5)
    at async D:\rjs_program\summerall\node_modules\koa-log4\koa-logger.js:86:7
[2021-11-15T17:16:06.692] [ERROR] application - TypeError: Cannot read property 'status' of undefined
    at module.exports (D:\rjs_program\summerall\server\middleware\errorHandler.js:11:36)
    at async scheduleLogs (D:\rjs_program\summerall\server\logger\clear.js:54:5)
    at async D:\rjs_program\summerall\node_modules\koa-log4\koa-logger.js:86:7
[2021-11-15T17:16:11.655] [ERROR] application - TypeError: Cannot read property 'status' of undefined
    at module.exports (D:\rjs_program\summerall\server\middleware\errorHandler.js:11:36)
    at processTicksAndRejections (internal/process/task_queues.js:95:5)
    at async scheduleLogs (D:\rjs_program\summerall\server\logger\clear.js:54:5)
    at async D:\rjs_program\summerall\node_modules\koa-log4\koa-logger.js:86:7
[2021-11-15T17:16:40.712] [ERROR] application - TypeError: Cannot read property 'status' of undefined
    at module.exports (D:\rjs_program\summerall\server\middleware\errorHandler.js:11:36)
    at async scheduleLogs (D:\rjs_program\summerall\server\logger\clear.js:54:5)
    at async D:\rjs_program\summerall\node_modules\koa-log4\koa-logger.js:86:7
[2021-11-15T17:16:45.970] [ERROR] application - TypeError: Cannot read property 'status' of undefined
    at module.exports (D:\rjs_program\summerall\server\middleware\errorHandler.js:11:36)
    at processTicksAndRejections (internal/process/task_queues.js:95:5)
    at async scheduleLogs (D:\rjs_program\summerall\server\logger\clear.js:54:5)
    at async D:\rjs_program\summerall\node_modules\koa-log4\koa-logger.js:86:7
[2021-11-15T17:17:15.281] [ERROR] application - TypeError: Cannot read property 'status' of undefined
    at module.exports (D:\rjs_program\summerall\server\middleware\errorHandler.js:11:36)
    at async scheduleLogs (D:\rjs_program\summerall\server\logger\clear.js:54:5)
    at async D:\rjs_program\summerall\node_modules\koa-log4\koa-logger.js:86:7
[2021-11-15T17:17:20.195] [ERROR] application - TypeError: Cannot read property 'status' of undefined
    at module.exports (D:\rjs_program\summerall\server\middleware\errorHandler.js:11:36)
    at processTicksAndRejections (internal/process/task_queues.js:95:5)
    at async scheduleLogs (D:\rjs_program\summerall\server\logger\clear.js:54:5)
    at async D:\rjs_program\summerall\node_modules\koa-log4\koa-logger.js:86:7
[2021-11-15T17:21:54.586] [ERROR] application - TypeError: Cannot read property 'status' of undefined
    at module.exports (D:\rjs_program\summerall\server\middleware\errorHandler.js:11:36)
    at async scheduleLogs (D:\rjs_program\summerall\server\logger\clear.js:54:5)
    at async D:\rjs_program\summerall\node_modules\koa-log4\koa-logger.js:86:7
[2021-11-15T17:22:33.836] [ERROR] application - TypeError: Cannot read property 'status' of undefined
    at module.exports (D:\rjs_program\summerall\server\middleware\errorHandler.js:11:36)
    at async scheduleLogs (D:\rjs_program\summerall\server\logger\clear.js:54:5)
    at async D:\rjs_program\summerall\node_modules\koa-log4\koa-logger.js:86:7
[2021-11-15T19:31:10.172] [ERROR] application - TypeError: Cannot read property 'status' of undefined
    at module.exports (D:\rjs_program\summerall\server\middleware\errorHandler.js:11:36)
    at async scheduleLogs (D:\rjs_program\summerall\server\logger\clear.js:54:5)
    at async D:\rjs_program\summerall\node_modules\koa-log4\koa-logger.js:86:7
[2021-11-15T19:39:39.293] [ERROR] application - TypeError: Cannot read property 'status' of undefined
    at module.exports (D:\rjs_program\summerall\server\middleware\errorHandler.js:11:36)
    at async scheduleLogs (D:\rjs_program\summerall\server\logger\clear.js:54:5)
    at async D:\rjs_program\summerall\node_modules\koa-log4\koa-logger.js:86:7
[2021-11-15T19:44:16.482] [ERROR] application - TypeError: Cannot read property 'status' of undefined
    at module.exports (D:\rjs_program\summerall\server\middleware\errorHandler.js:11:36)
    at processTicksAndRejections (internal/process/task_queues.js:95:5)
    at async scheduleLogs (D:\rjs_program\summerall\server\logger\clear.js:54:5)
    at async D:\rjs_program\summerall\node_modules\koa-log4\koa-logger.js:86:7
[2021-11-15T19:44:36.851] [ERROR] application - TypeError: Cannot read property 'status' of undefined
    at module.exports (D:\rjs_program\summerall\server\middleware\errorHandler.js:11:36)
    at processTicksAndRejections (internal/process/task_queues.js:95:5)
    at async scheduleLogs (D:\rjs_program\summerall\server\logger\clear.js:54:5)
    at async D:\rjs_program\summerall\node_modules\koa-log4\koa-logger.js:86:7
[2021-11-15T19:45:23.661] [ERROR] application - TypeError: Cannot read property 'status' of undefined
    at module.exports (D:\rjs_program\summerall\server\middleware\errorHandler.js:11:36)
    at async scheduleLogs (D:\rjs_program\summerall\server\logger\clear.js:54:5)
    at async D:\rjs_program\summerall\node_modules\koa-log4\koa-logger.js:86:7
[2021-11-15T19:45:27.880] [ERROR] application - TypeError: Cannot read property 'status' of undefined
    at module.exports (D:\rjs_program\summerall\server\middleware\errorHandler.js:11:36)
    at processTicksAndRejections (internal/process/task_queues.js:95:5)
    at async scheduleLogs (D:\rjs_program\summerall\server\logger\clear.js:54:5)
    at async D:\rjs_program\summerall\node_modules\koa-log4\koa-logger.js:86:7
[2021-11-15T19:45:51.996] [ERROR] application - TypeError: Cannot read property 'status' of undefined
    at module.exports (D:\rjs_program\summerall\server\middleware\errorHandler.js:11:36)
    at processTicksAndRejections (internal/process/task_queues.js:95:5)
    at async scheduleLogs (D:\rjs_program\summerall\server\logger\clear.js:54:5)
    at async D:\rjs_program\summerall\node_modules\koa-log4\koa-logger.js:86:7
[2021-11-15T19:46:09.531] [ERROR] application - TypeError: Cannot read property 'status' of undefined
    at module.exports (D:\rjs_program\summerall\server\middleware\errorHandler.js:11:36)
    at async scheduleLogs (D:\rjs_program\summerall\server\logger\clear.js:54:5)
    at async D:\rjs_program\summerall\node_modules\koa-log4\koa-logger.js:86:7
[2021-11-15T19:47:12.295] [ERROR] application - TypeError: Cannot read property 'status' of undefined
    at module.exports (D:\rjs_program\summerall\server\middleware\errorHandler.js:11:36)
    at async scheduleLogs (D:\rjs_program\summerall\server\logger\clear.js:54:5)
    at async D:\rjs_program\summerall\node_modules\koa-log4\koa-logger.js:86:7
[2021-11-15T19:51:54.023] [ERROR] application - TypeError: Cannot read property 'status' of undefined
    at module.exports (D:\rjs_program\summerall\server\middleware\errorHandler.js:11:36)
    at async scheduleLogs (D:\rjs_program\summerall\server\logger\clear.js:54:5)
    at async D:\rjs_program\summerall\node_modules\koa-log4\koa-logger.js:86:7
[2021-11-15T20:09:07.187] [ERROR] application - TypeError: Cannot read property 'status' of undefined
    at module.exports (D:\rjs_program\summerall\server\middleware\errorHandler.js:11:36)
    at async scheduleLogs (D:\rjs_program\summerall\server\logger\clear.js:54:5)
    at async D:\rjs_program\summerall\node_modules\koa-log4\koa-logger.js:86:7
[2021-11-15T20:14:51.552] [ERROR] application - TypeError: Cannot read property 'status' of undefined
    at module.exports (D:\rjs_program\summerall\server\middleware\errorHandler.js:11:36)
    at async scheduleLogs (D:\rjs_program\summerall\server\logger\clear.js:54:5)
    at async D:\rjs_program\summerall\node_modules\koa-log4\koa-logger.js:86:7
[2021-11-15T20:14:58.500] [ERROR] application - TypeError: Cannot read property 'status' of undefined
    at module.exports (D:\rjs_program\summerall\server\middleware\errorHandler.js:11:36)
    at async scheduleLogs (D:\rjs_program\summerall\server\logger\clear.js:54:5)
    at async D:\rjs_program\summerall\node_modules\koa-log4\koa-logger.js:86:7
[2021-11-15T20:19:56.570] [ERROR] application - TypeError: Cannot read property 'status' of undefined
    at module.exports (D:\rjs_program\summerall\server\middleware\errorHandler.js:11:36)
    at async scheduleLogs (D:\rjs_program\summerall\server\logger\clear.js:54:5)
    at async D:\rjs_program\summerall\node_modules\koa-log4\koa-logger.js:86:7
[2021-11-15T20:48:11.649] [ERROR] application - TypeError: Cannot read property 'status' of undefined
    at module.exports (D:\rjs_program\summerall\server\middleware\errorHandler.js:11:36)
    at async scheduleLogs (D:\rjs_program\summerall\server\logger\clear.js:54:5)
    at async D:\rjs_program\summerall\node_modules\koa-log4\koa-logger.js:86:7
[2021-11-15T20:48:18.302] [ERROR] application - TypeError: Cannot read property 'status' of undefined
    at module.exports (D:\rjs_program\summerall\server\middleware\errorHandler.js:11:36)
    at async scheduleLogs (D:\rjs_program\summerall\server\logger\clear.js:54:5)
    at async D:\rjs_program\summerall\node_modules\koa-log4\koa-logger.js:86:7
[2021-11-15T21:01:46.044] [ERROR] application - TypeError: Cannot read property 'status' of undefined
    at module.exports (D:\rjs_program\summerall\server\middleware\errorHandler.js:11:36)
    at async scheduleLogs (D:\rjs_program\summerall\server\logger\clear.js:54:5)
    at async D:\rjs_program\summerall\node_modules\koa-log4\koa-logger.js:86:7
[2021-11-15T21:02:01.183] [ERROR] application - TypeError: Cannot read property 'status' of undefined
    at module.exports (D:\rjs_program\summerall\server\middleware\errorHandler.js:11:36)
    at async scheduleLogs (D:\rjs_program\summerall\server\logger\clear.js:54:5)
    at async D:\rjs_program\summerall\node_modules\koa-log4\koa-logger.js:86:7
[2021-11-15T21:17:31.627] [ERROR] application - TypeError: Cannot read property 'status' of undefined
    at module.exports (D:\rjs_program\summerall\server\middleware\errorHandler.js:11:36)
    at async scheduleLogs (D:\rjs_program\summerall\server\logger\clear.js:54:5)
    at async D:\rjs_program\summerall\node_modules\koa-log4\koa-logger.js:86:7
[2021-11-15T21:17:38.315] [ERROR] application - TypeError: Cannot read property 'status' of undefined
    at module.exports (D:\rjs_program\summerall\server\middleware\errorHandler.js:11:36)
    at async scheduleLogs (D:\rjs_program\summerall\server\logger\clear.js:54:5)
    at async D:\rjs_program\summerall\node_modules\koa-log4\koa-logger.js:86:7
